#-----------------------------------------------------------
# Vivado v2017.4 (64-bit)
# SW Build 2086221 on Fri Dec 15 20:55:39 MST 2017
# IP Build 2085800 on Fri Dec 15 22:25:07 MST 2017
# Start of session at: Sun Oct  6 00:49:12 2019
# Process ID: 9616
# Current directory: Z:/GitHub/Zybo-Z7-20-pcam-5c-2017.4-1/Zybo-Z7-20-pcam-5c/proj
# Command line: vivado.exe -gui_launcher_event rodinguilauncherevent8752 Z:\GitHub\Zybo-Z7-20-pcam-5c-2017.4-1\Zybo-Z7-20-pcam-5c\proj\pcam-5c.xpr
# Log file: Z:/GitHub/Zybo-Z7-20-pcam-5c-2017.4-1/Zybo-Z7-20-pcam-5c/proj/vivado.log
# Journal file: Z:/GitHub/Zybo-Z7-20-pcam-5c-2017.4-1/Zybo-Z7-20-pcam-5c/proj\vivado.jou
#-----------------------------------------------------------
start_gui
open_project Z:/GitHub/Zybo-Z7-20-pcam-5c-2017.4-1/Zybo-Z7-20-pcam-5c/proj/pcam-5c.xpr
INFO: [Project 1-313] Project file moved from 'C:/Users/fumi/Downloads/Zybo-Z7-20-pcam-5c-2017.4-1/Zybo-Z7-20-pcam-5c/proj' since last save.
Scanning sources...
Finished scanning sources
INFO: [IP_Flow 19-234] Refreshing IP repositories
INFO: [IP_Flow 19-1700] Loaded user IP repository 'z:/GitHub/Zybo-Z7-20-pcam-5c-2017.4-1/Zybo-Z7-20-pcam-5c/repo'.
INFO: [IP_Flow 19-2313] Loaded Vivado IP repository 'C:/Xilinx/Vivado/2017.4/data/ip'.
open_project: Time (s): cpu = 00:00:29 ; elapsed = 00:00:31 . Memory (MB): peak = 878.566 ; gain = 155.574
exit
INFO: [IP_Flow 19-234] Refreshing IP repositories
INFO: [IP_Flow 19-1700] Loaded user IP repository 'z:/GitHub/Zybo-Z7-20-pcam-5c-2017.4-1/Zybo-Z7-20-pcam-5c/repo'.
INFO: [Common 17-206] Exiting Vivado at Sun Oct  6 00:50:06 2019...
