#-----------------------------------------------------------
# Vivado v2017.4 (64-bit)
# SW Build 2086221 on Fri Dec 15 20:55:39 MST 2017
# IP Build 2085800 on Fri Dec 15 22:25:07 MST 2017
# Start of session at: Sun Oct  6 21:51:53 2019
# Process ID: 2260
# Current directory: Z:/GitHub/Zybo_Pcam/Zybo-Z7-20-pcam-5c/proj
# Command line: vivado.exe -gui_launcher_event rodinguilauncherevent900 Z:\GitHub\Zybo_Pcam\Zybo-Z7-20-pcam-5c\proj\pcam-5c.xpr
# Log file: Z:/GitHub/Zybo_Pcam/Zybo-Z7-20-pcam-5c/proj/vivado.log
# Journal file: Z:/GitHub/Zybo_Pcam/Zybo-Z7-20-pcam-5c/proj\vivado.jou
#-----------------------------------------------------------
start_gui
open_project Z:/GitHub/Zybo_Pcam/Zybo-Z7-20-pcam-5c/proj/pcam-5c.xpr
INFO: [Project 1-313] Project file moved from 'C:/Users/fumi/Downloads/Zybo-Z7-20-pcam-5c-2017.4-1/Zybo-Z7-20-pcam-5c/proj' since last save.
Scanning sources...
Finished scanning sources
INFO: [IP_Flow 19-234] Refreshing IP repositories
INFO: [IP_Flow 19-1700] Loaded user IP repository 'z:/GitHub/Zybo_Pcam/Zybo-Z7-20-pcam-5c/repo'.
INFO: [IP_Flow 19-2313] Loaded Vivado IP repository 'C:/Xilinx/Vivado/2017.4/data/ip'.
open_project: Time (s): cpu = 00:00:24 ; elapsed = 00:00:27 . Memory (MB): peak = 836.840 ; gain = 174.449
INFO: [IP_Flow 19-234] Refreshing IP repositories
INFO: [IP_Flow 19-1700] Loaded user IP repository 'z:/GitHub/Zybo_Pcam/Zybo-Z7-20-pcam-5c/repo'.
update_compile_order -fileset sources_1
file copy -force Z:/GitHub/Zybo_Pcam/Zybo-Z7-20-pcam-5c/proj/pcam-5c.runs/impl_1/system_wrapper.sysdef Z:/GitHub/Zybo_Pcam/Zybo-Z7-20-pcam-5c/proj/pcam-5c.sdk/system_wrapper.hdf

launch_sdk -workspace Z:/GitHub/Zybo_Pcam/Zybo-Z7-20-pcam-5c/proj/pcam-5c.sdk -hwspec Z:/GitHub/Zybo_Pcam/Zybo-Z7-20-pcam-5c/proj/pcam-5c.sdk/system_wrapper.hdf
INFO: [Vivado 12-393] Launching SDK...
INFO: [Vivado 12-417] Running xsdk -workspace Z:/GitHub/Zybo_Pcam/Zybo-Z7-20-pcam-5c/proj/pcam-5c.sdk -hwspec Z:/GitHub/Zybo_Pcam/Zybo-Z7-20-pcam-5c/proj/pcam-5c.sdk/system_wrapper.hdf
INFO: [Vivado 12-3157] SDK launch initiated. Please check console for any further messages.
exit
INFO: [Common 17-206] Exiting Vivado at Mon Oct  7 00:20:40 2019...
