#-----------------------------------------------------------
# Vivado v2017.4 (64-bit)
# SW Build 2086221 on Fri Dec 15 20:55:39 MST 2017
# IP Build 2085800 on Fri Dec 15 22:25:07 MST 2017
# Start of session at: Sun Oct 27 00:17:15 2019
# Process ID: 1344
# Current directory: C:/Github/Zybo_Pcam/Zybo-Z7-20-pcam-5c/proj
# Command line: vivado.exe -gui_launcher_event rodinguilauncherevent9336 C:\Github\Zybo_Pcam\Zybo-Z7-20-pcam-5c\proj\pcam-5c.xpr
# Log file: C:/Github/Zybo_Pcam/Zybo-Z7-20-pcam-5c/proj/vivado.log
# Journal file: C:/Github/Zybo_Pcam/Zybo-Z7-20-pcam-5c/proj\vivado.jou
#-----------------------------------------------------------
start_gui
open_project C:/Github/Zybo_Pcam/Zybo-Z7-20-pcam-5c/proj/pcam-5c.xpr
INFO: [Project 1-313] Project file moved from 'Z:/GitHub/Zybo_Pcam/Zybo-Z7-20-pcam-5c/proj' since last save.
Scanning sources...
Finished scanning sources
INFO: [IP_Flow 19-234] Refreshing IP repositories
INFO: [IP_Flow 19-1700] Loaded user IP repository 'c:/Github/Zybo_Pcam/Zybo-Z7-20-pcam-5c/repo'.
INFO: [IP_Flow 19-2313] Loaded Vivado IP repository 'C:/Xilinx/Vivado/2017.4/data/ip'.
open_project: Time (s): cpu = 00:00:25 ; elapsed = 00:00:26 . Memory (MB): peak = 925.348 ; gain = 199.313
INFO: [IP_Flow 19-234] Refreshing IP repositories
INFO: [IP_Flow 19-1700] Loaded user IP repository 'c:/Github/Zybo_Pcam/Zybo-Z7-20-pcam-5c/repo'.
update_compile_order -fileset sources_1
launch_sdk -workspace C:/Github/Zybo_Pcam/Zybo-Z7-20-pcam-5c/proj/pcam-5c.sdk -hwspec C:/Github/Zybo_Pcam/Zybo-Z7-20-pcam-5c/proj/pcam-5c.sdk/system_wrapper.hdf
INFO: [Vivado 12-393] Launching SDK...
INFO: [Vivado 12-417] Running xsdk -workspace C:/Github/Zybo_Pcam/Zybo-Z7-20-pcam-5c/proj/pcam-5c.sdk -hwspec C:/Github/Zybo_Pcam/Zybo-Z7-20-pcam-5c/proj/pcam-5c.sdk/system_wrapper.hdf
INFO: [Vivado 12-3157] SDK launch initiated. Please check console for any further messages.
exit
INFO: [Common 17-206] Exiting Vivado at Sun Oct 27 00:23:18 2019...
