
*** Running vivado
    with args -log AXI_BayerToRGB.vds -m64 -product Vivado -mode batch -messageDb vivado.pb -notrace -source AXI_BayerToRGB.tcl


****** Vivado v2017.4 (64-bit)
  **** SW Build 2086221 on Fri Dec 15 20:55:39 MST 2017
  **** IP Build 2085800 on Fri Dec 15 22:25:07 MST 2017
    ** Copyright 1986-2017 Xilinx, Inc. All Rights Reserved.

source AXI_BayerToRGB.tcl -notrace
Command: synth_design -top AXI_BayerToRGB -part xc7z020clg400-1
Starting synth_design
Attempting to get a license for feature 'Synthesis' and/or device 'xc7z020'
INFO: [Common 17-349] Got license for feature 'Synthesis' and/or device 'xc7z020'
INFO: Launching helper process for spawning children vivado processes
INFO: Helper process launched with PID 11216 
---------------------------------------------------------------------------------
Starting Synthesize : Time (s): cpu = 00:00:05 ; elapsed = 00:00:05 . Memory (MB): peak = 343.914 ; gain = 100.961
---------------------------------------------------------------------------------
INFO: [Synth 8-638] synthesizing module 'AXI_BayerToRGB' [C:/Users/fpga/Documents/Github/Zybo_Pcam/Zybo-Z7-20-pcam-5c-modifyIP2/repo/local/ip/AXI_BayerToRGB/hdl/AXI_BayerToRGB.vhd:91]
	Parameter kAXI_InputDataWidth bound to: 40 - type: integer 
	Parameter kBayerWidth bound to: 10 - type: integer 
	Parameter kAXI_OutputDataWidth bound to: 32 - type: integer 
	Parameter kMaxSamplesPerClock bound to: 4 - type: integer 
INFO: [Synth 8-638] synthesizing module 'LineBuffer' [C:/Users/fpga/Documents/Github/Zybo_Pcam/Zybo-Z7-20-pcam-5c-modifyIP2/repo/local/ip/AXI_BayerToRGB/hdl/LineBuffer.vhd:56]
	Parameter kLineBufferWidth bound to: 2048 - type: integer 
INFO: [Synth 8-256] done synthesizing module 'LineBuffer' (1#1) [C:/Users/fpga/Documents/Github/Zybo_Pcam/Zybo-Z7-20-pcam-5c-modifyIP2/repo/local/ip/AXI_BayerToRGB/hdl/LineBuffer.vhd:56]
WARNING: [Synth 8-6014] Unused sequential element sCrntPositionIndicatorDly1_reg was removed.  [C:/Users/fpga/Documents/Github/Zybo_Pcam/Zybo-Z7-20-pcam-5c-modifyIP2/repo/local/ip/AXI_BayerToRGB/hdl/AXI_BayerToRGB.vhd:180]
WARNING: [Synth 8-6014] Unused sequential element sPixel_reg[3] was removed.  [C:/Users/fpga/Documents/Github/Zybo_Pcam/Zybo-Z7-20-pcam-5c-modifyIP2/repo/local/ip/AXI_BayerToRGB/hdl/AXI_BayerToRGB.vhd:275]
WARNING: [Synth 8-6014] Unused sequential element sPixel_reg[2] was removed.  [C:/Users/fpga/Documents/Github/Zybo_Pcam/Zybo-Z7-20-pcam-5c-modifyIP2/repo/local/ip/AXI_BayerToRGB/hdl/AXI_BayerToRGB.vhd:275]
WARNING: [Synth 8-6014] Unused sequential element sPixel_reg[1] was removed.  [C:/Users/fpga/Documents/Github/Zybo_Pcam/Zybo-Z7-20-pcam-5c-modifyIP2/repo/local/ip/AXI_BayerToRGB/hdl/AXI_BayerToRGB.vhd:275]
WARNING: [Synth 8-6014] Unused sequential element sPixel_reg[0] was removed.  [C:/Users/fpga/Documents/Github/Zybo_Pcam/Zybo-Z7-20-pcam-5c-modifyIP2/repo/local/ip/AXI_BayerToRGB/hdl/AXI_BayerToRGB.vhd:275]
WARNING: [Synth 8-6014] Unused sequential element sLineBufferWriteDataDly_reg was removed.  [C:/Users/fpga/Documents/Github/Zybo_Pcam/Zybo-Z7-20-pcam-5c-modifyIP2/repo/local/ip/AXI_BayerToRGB/hdl/AXI_BayerToRGB.vhd:276]
WARNING: [Synth 8-6014] Unused sequential element sCrntPositionIndicatorDly2_reg was removed.  [C:/Users/fpga/Documents/Github/Zybo_Pcam/Zybo-Z7-20-pcam-5c-modifyIP2/repo/local/ip/AXI_BayerToRGB/hdl/AXI_BayerToRGB.vhd:277]
WARNING: [Synth 8-6014] Unused sequential element sCrntPositionIndicatorDly3_reg was removed.  [C:/Users/fpga/Documents/Github/Zybo_Pcam/Zybo-Z7-20-pcam-5c-modifyIP2/repo/local/ip/AXI_BayerToRGB/hdl/AXI_BayerToRGB.vhd:278]
WARNING: [Synth 8-6014] Unused sequential element sLineBufferReadDataBuf_reg was removed.  [C:/Users/fpga/Documents/Github/Zybo_Pcam/Zybo-Z7-20-pcam-5c-modifyIP2/repo/local/ip/AXI_BayerToRGB/hdl/AXI_BayerToRGB.vhd:279]
WARNING: [Synth 8-6014] Unused sequential element sCntLines_reg was removed.  [C:/Users/fpga/Documents/Github/Zybo_Pcam/Zybo-Z7-20-pcam-5c-modifyIP2/repo/local/ip/AXI_BayerToRGB/hdl/AXI_BayerToRGB.vhd:302]
WARNING: [Synth 8-6014] Unused sequential element sStrobesShiftReg_reg[3][FirstLine] was removed.  [C:/Users/fpga/Documents/Github/Zybo_Pcam/Zybo-Z7-20-pcam-5c-modifyIP2/repo/local/ip/AXI_BayerToRGB/hdl/AXI_BayerToRGB.vhd:360]
WARNING: [Synth 8-6014] Unused sequential element sStrobesShiftReg_reg[3][FirstColumn] was removed.  [C:/Users/fpga/Documents/Github/Zybo_Pcam/Zybo-Z7-20-pcam-5c-modifyIP2/repo/local/ip/AXI_BayerToRGB/hdl/AXI_BayerToRGB.vhd:360]
INFO: [Synth 8-256] done synthesizing module 'AXI_BayerToRGB' (2#1) [C:/Users/fpga/Documents/Github/Zybo_Pcam/Zybo-Z7-20-pcam-5c-modifyIP2/repo/local/ip/AXI_BayerToRGB/hdl/AXI_BayerToRGB.vhd:91]
WARNING: [Synth 8-3917] design AXI_BayerToRGB has port m_axis_video_tdata[31] driven by constant 0
WARNING: [Synth 8-3917] design AXI_BayerToRGB has port m_axis_video_tdata[30] driven by constant 0
---------------------------------------------------------------------------------
Finished Synthesize : Time (s): cpu = 00:00:05 ; elapsed = 00:00:05 . Memory (MB): peak = 396.027 ; gain = 153.074
---------------------------------------------------------------------------------
---------------------------------------------------------------------------------
Finished Constraint Validation : Time (s): cpu = 00:00:06 ; elapsed = 00:00:05 . Memory (MB): peak = 396.027 ; gain = 153.074
---------------------------------------------------------------------------------
---------------------------------------------------------------------------------
Start Loading Part and Timing Information
---------------------------------------------------------------------------------
Loading part: xc7z020clg400-1
---------------------------------------------------------------------------------
Finished Loading Part and Timing Information : Time (s): cpu = 00:00:06 ; elapsed = 00:00:05 . Memory (MB): peak = 396.027 ; gain = 153.074
---------------------------------------------------------------------------------
INFO: [Device 21-403] Loading part xc7z020clg400-1
INFO: [Synth 8-4471] merging register 'sAXIMasterRed_reg[9:0]' into 'sAXIMasterBlue_reg[9:0]' [C:/Users/fpga/Documents/Github/Zybo_Pcam/Zybo-Z7-20-pcam-5c-modifyIP2/repo/local/ip/AXI_BayerToRGB/hdl/AXI_BayerToRGB.vhd:358]
WARNING: [Synth 8-6014] Unused sequential element sAXIMasterRed_reg was removed.  [C:/Users/fpga/Documents/Github/Zybo_Pcam/Zybo-Z7-20-pcam-5c-modifyIP2/repo/local/ip/AXI_BayerToRGB/hdl/AXI_BayerToRGB.vhd:358]
INFO: [Synth 8-5546] ROM "sStrobesShiftReg[0][FirstColumn]" won't be mapped to RAM because it is too sparse
WARNING: [Synth 8-6014] Unused sequential element sCntColumns_reg was removed.  [C:/Users/fpga/Documents/Github/Zybo_Pcam/Zybo-Z7-20-pcam-5c-modifyIP2/repo/local/ip/AXI_BayerToRGB/hdl/AXI_BayerToRGB.vhd:178]
---------------------------------------------------------------------------------
Finished RTL Optimization Phase 2 : Time (s): cpu = 00:00:06 ; elapsed = 00:00:05 . Memory (MB): peak = 396.027 ; gain = 153.074
---------------------------------------------------------------------------------

Report RTL Partitions: 
+-+--------------+------------+----------+
| |RTL Partition |Replication |Instances |
+-+--------------+------------+----------+
+-+--------------+------------+----------+
No constraint files found.
---------------------------------------------------------------------------------
Start RTL Component Statistics 
---------------------------------------------------------------------------------
Detailed RTL Component Info : 
+---Adders : 
	   2 Input     11 Bit       Adders := 1     
	   2 Input      2 Bit       Adders := 1     
+---Registers : 
	               30 Bit    Registers := 1     
	               11 Bit    Registers := 3     
	               10 Bit    Registers := 3     
	                2 Bit    Registers := 1     
	                1 Bit    Registers := 19    
+---RAMs : 
	              20K Bit         RAMs := 1     
+---Muxes : 
	   2 Input     30 Bit        Muxes := 4     
	   2 Input     11 Bit        Muxes := 2     
	   2 Input     10 Bit        Muxes := 3     
	   2 Input      2 Bit        Muxes := 2     
	   2 Input      1 Bit        Muxes := 14    
---------------------------------------------------------------------------------
Finished RTL Component Statistics 
---------------------------------------------------------------------------------
---------------------------------------------------------------------------------
Start RTL Hierarchical Component Statistics 
---------------------------------------------------------------------------------
Hierarchical RTL Component report 
Module AXI_BayerToRGB 
Detailed RTL Component Info : 
+---Adders : 
	   2 Input     11 Bit       Adders := 1     
	   2 Input      2 Bit       Adders := 1     
+---Registers : 
	               30 Bit    Registers := 1     
	               11 Bit    Registers := 3     
	               10 Bit    Registers := 2     
	                2 Bit    Registers := 1     
	                1 Bit    Registers := 19    
+---Muxes : 
	   2 Input     30 Bit        Muxes := 4     
	   2 Input     11 Bit        Muxes := 2     
	   2 Input     10 Bit        Muxes := 3     
	   2 Input      2 Bit        Muxes := 2     
	   2 Input      1 Bit        Muxes := 14    
Module LineBuffer 
Detailed RTL Component Info : 
+---Registers : 
	               10 Bit    Registers := 1     
+---RAMs : 
	              20K Bit         RAMs := 1     
---------------------------------------------------------------------------------
Finished RTL Hierarchical Component Statistics
---------------------------------------------------------------------------------
---------------------------------------------------------------------------------
Start Part Resource Summary
---------------------------------------------------------------------------------
Part Resources:
DSPs: 220 (col length:60)
BRAMs: 280 (col length: RAMB18 60 RAMB36 30)
---------------------------------------------------------------------------------
Finished Part Resource Summary
---------------------------------------------------------------------------------
No constraint files found.
---------------------------------------------------------------------------------
Start Cross Boundary and Area Optimization
---------------------------------------------------------------------------------
INFO: [Synth 8-5546] ROM "sStrobesShiftReg[0][FirstColumn]" won't be mapped to RAM because it is too sparse
WARNING: [Synth 8-6014] Unused sequential element sCntColumns_reg was removed.  [C:/Users/fpga/Documents/Github/Zybo_Pcam/Zybo-Z7-20-pcam-5c-modifyIP2/repo/local/ip/AXI_BayerToRGB/hdl/AXI_BayerToRGB.vhd:178]
WARNING: [Synth 8-3917] design AXI_BayerToRGB has port m_axis_video_tdata[31] driven by constant 0
WARNING: [Synth 8-3917] design AXI_BayerToRGB has port m_axis_video_tdata[30] driven by constant 0
WARNING: [Synth 8-6014] Unused sequential element LineBufferInst/pReadData_reg was removed.  [C:/Users/fpga/Documents/Github/Zybo_Pcam/Zybo-Z7-20-pcam-5c-modifyIP2/repo/local/ip/AXI_BayerToRGB/hdl/LineBuffer.vhd:72]
WARNING: [Synth 8-6014] Unused sequential element LineBufferInst/pLineBuffer_reg was removed. 
WARNING: [Synth 8-5730] RAM LineBufferInst/pLineBuffer_reg got removed due to cross hierarchy optimization. 
INFO: [Synth 8-3886] merging instance 'sAXIMasterGreen_reg[1]' (FDRE) to 'sAXIMasterGreen_reg[2]'
INFO: [Synth 8-3886] merging instance 'sAXIMasterGreen_reg[2]' (FDRE) to 'sAXIMasterGreen_reg[3]'
INFO: [Synth 8-3886] merging instance 'sAXIMasterGreen_reg[3]' (FDRE) to 'sAXIMasterGreen_reg[4]'
INFO: [Synth 8-3886] merging instance 'sAXIMasterGreen_reg[4]' (FDRE) to 'sAXIMasterGreen_reg[5]'
INFO: [Synth 8-3886] merging instance 'sAXIMasterGreen_reg[5]' (FDRE) to 'sAXIMasterGreen_reg[6]'
INFO: [Synth 8-3886] merging instance 'sAXIMasterGreen_reg[6]' (FDRE) to 'sAXIMasterGreen_reg[7]'
INFO: [Synth 8-3886] merging instance 'sAXIMasterGreen_reg[7]' (FDRE) to 'sAXIMasterGreen_reg[8]'
INFO: [Synth 8-3886] merging instance 'sAXIMasterGreen_reg[8]' (FDRE) to 'sAXIMasterGreen_reg[9]'
INFO: [Synth 8-3333] propagating constant 0 across sequential element (\sAXIMasterGreen_reg[9] )
INFO: [Synth 8-3886] merging instance 'sAXIMasterGreen_reg[10]' (FDRE) to 'sAXIMasterBlue_reg[9]'
INFO: [Synth 8-3886] merging instance 'sAXIMasterBlue_reg[0]' (FDRE) to 'sAXIMasterBlue_reg[1]'
INFO: [Synth 8-3886] merging instance 'sAXIMasterBlue_reg[1]' (FDRE) to 'sAXIMasterBlue_reg[2]'
INFO: [Synth 8-3886] merging instance 'sAXIMasterBlue_reg[2]' (FDRE) to 'sAXIMasterBlue_reg[3]'
INFO: [Synth 8-3886] merging instance 'sAXIMasterBlue_reg[3]' (FDRE) to 'sAXIMasterBlue_reg[4]'
INFO: [Synth 8-3886] merging instance 'sAXIMasterBlue_reg[4]' (FDRE) to 'sAXIMasterBlue_reg[5]'
INFO: [Synth 8-3886] merging instance 'sAXIMasterBlue_reg[5]' (FDRE) to 'sAXIMasterBlue_reg[6]'
INFO: [Synth 8-3886] merging instance 'sAXIMasterBlue_reg[6]' (FDRE) to 'sAXIMasterBlue_reg[7]'
INFO: [Synth 8-3886] merging instance 'sAXIMasterBlue_reg[7]' (FDRE) to 'sAXIMasterBlue_reg[8]'
INFO: [Synth 8-3333] propagating constant 0 across sequential element (\sAXIMasterBlue_reg[8] )
WARNING: [Synth 8-3332] Sequential element (sAXIMasterGreen_reg[9]) is unused and will be removed from module AXI_BayerToRGB.
WARNING: [Synth 8-3332] Sequential element (sAXIMasterGreen_reg[0]) is unused and will be removed from module AXI_BayerToRGB.
WARNING: [Synth 8-3332] Sequential element (sAXIMasterBlue_reg[8]) is unused and will be removed from module AXI_BayerToRGB.
WARNING: [Synth 8-3332] Sequential element (sLineBufferWrite_reg) is unused and will be removed from module AXI_BayerToRGB.
WARNING: [Synth 8-3332] Sequential element (sLineBufferCrntAddr_reg[10]) is unused and will be removed from module AXI_BayerToRGB.
WARNING: [Synth 8-3332] Sequential element (sLineBufferCrntAddr_reg[9]) is unused and will be removed from module AXI_BayerToRGB.
WARNING: [Synth 8-3332] Sequential element (sLineBufferCrntAddr_reg[8]) is unused and will be removed from module AXI_BayerToRGB.
WARNING: [Synth 8-3332] Sequential element (sLineBufferCrntAddr_reg[7]) is unused and will be removed from module AXI_BayerToRGB.
WARNING: [Synth 8-3332] Sequential element (sLineBufferCrntAddr_reg[6]) is unused and will be removed from module AXI_BayerToRGB.
WARNING: [Synth 8-3332] Sequential element (sLineBufferCrntAddr_reg[5]) is unused and will be removed from module AXI_BayerToRGB.
WARNING: [Synth 8-3332] Sequential element (sLineBufferCrntAddr_reg[4]) is unused and will be removed from module AXI_BayerToRGB.
WARNING: [Synth 8-3332] Sequential element (sLineBufferCrntAddr_reg[3]) is unused and will be removed from module AXI_BayerToRGB.
WARNING: [Synth 8-3332] Sequential element (sLineBufferCrntAddr_reg[2]) is unused and will be removed from module AXI_BayerToRGB.
WARNING: [Synth 8-3332] Sequential element (sLineBufferCrntAddr_reg[1]) is unused and will be removed from module AXI_BayerToRGB.
WARNING: [Synth 8-3332] Sequential element (sLineBufferCrntAddr_reg[0]) is unused and will be removed from module AXI_BayerToRGB.
WARNING: [Synth 8-3332] Sequential element (sOtherPixelsData_reg[29]) is unused and will be removed from module AXI_BayerToRGB.
WARNING: [Synth 8-3332] Sequential element (sOtherPixelsData_reg[28]) is unused and will be removed from module AXI_BayerToRGB.
WARNING: [Synth 8-3332] Sequential element (sOtherPixelsData_reg[27]) is unused and will be removed from module AXI_BayerToRGB.
WARNING: [Synth 8-3332] Sequential element (sOtherPixelsData_reg[26]) is unused and will be removed from module AXI_BayerToRGB.
WARNING: [Synth 8-3332] Sequential element (sOtherPixelsData_reg[25]) is unused and will be removed from module AXI_BayerToRGB.
WARNING: [Synth 8-3332] Sequential element (sOtherPixelsData_reg[24]) is unused and will be removed from module AXI_BayerToRGB.
WARNING: [Synth 8-3332] Sequential element (sOtherPixelsData_reg[23]) is unused and will be removed from module AXI_BayerToRGB.
WARNING: [Synth 8-3332] Sequential element (sOtherPixelsData_reg[22]) is unused and will be removed from module AXI_BayerToRGB.
WARNING: [Synth 8-3332] Sequential element (sOtherPixelsData_reg[21]) is unused and will be removed from module AXI_BayerToRGB.
WARNING: [Synth 8-3332] Sequential element (sOtherPixelsData_reg[20]) is unused and will be removed from module AXI_BayerToRGB.
WARNING: [Synth 8-3332] Sequential element (sOtherPixelsData_reg[19]) is unused and will be removed from module AXI_BayerToRGB.
WARNING: [Synth 8-3332] Sequential element (sOtherPixelsData_reg[18]) is unused and will be removed from module AXI_BayerToRGB.
WARNING: [Synth 8-3332] Sequential element (sOtherPixelsData_reg[17]) is unused and will be removed from module AXI_BayerToRGB.
WARNING: [Synth 8-3332] Sequential element (sOtherPixelsData_reg[16]) is unused and will be removed from module AXI_BayerToRGB.
WARNING: [Synth 8-3332] Sequential element (sOtherPixelsData_reg[15]) is unused and will be removed from module AXI_BayerToRGB.
WARNING: [Synth 8-3332] Sequential element (sOtherPixelsData_reg[14]) is unused and will be removed from module AXI_BayerToRGB.
WARNING: [Synth 8-3332] Sequential element (sOtherPixelsData_reg[13]) is unused and will be removed from module AXI_BayerToRGB.
WARNING: [Synth 8-3332] Sequential element (sOtherPixelsData_reg[12]) is unused and will be removed from module AXI_BayerToRGB.
WARNING: [Synth 8-3332] Sequential element (sOtherPixelsData_reg[11]) is unused and will be removed from module AXI_BayerToRGB.
WARNING: [Synth 8-3332] Sequential element (sOtherPixelsData_reg[10]) is unused and will be removed from module AXI_BayerToRGB.
WARNING: [Synth 8-3332] Sequential element (sOtherPixelsData_reg[9]) is unused and will be removed from module AXI_BayerToRGB.
WARNING: [Synth 8-3332] Sequential element (sOtherPixelsData_reg[8]) is unused and will be removed from module AXI_BayerToRGB.
WARNING: [Synth 8-3332] Sequential element (sOtherPixelsData_reg[7]) is unused and will be removed from module AXI_BayerToRGB.
WARNING: [Synth 8-3332] Sequential element (sOtherPixelsData_reg[6]) is unused and will be removed from module AXI_BayerToRGB.
WARNING: [Synth 8-3332] Sequential element (sOtherPixelsData_reg[5]) is unused and will be removed from module AXI_BayerToRGB.
WARNING: [Synth 8-3332] Sequential element (sOtherPixelsData_reg[4]) is unused and will be removed from module AXI_BayerToRGB.
WARNING: [Synth 8-3332] Sequential element (sOtherPixelsData_reg[3]) is unused and will be removed from module AXI_BayerToRGB.
WARNING: [Synth 8-3332] Sequential element (sOtherPixelsData_reg[2]) is unused and will be removed from module AXI_BayerToRGB.
WARNING: [Synth 8-3332] Sequential element (sOtherPixelsData_reg[1]) is unused and will be removed from module AXI_BayerToRGB.
WARNING: [Synth 8-3332] Sequential element (sOtherPixelsData_reg[0]) is unused and will be removed from module AXI_BayerToRGB.
WARNING: [Synth 8-3332] Sequential element (sLineBufferWriteData_reg[9]) is unused and will be removed from module AXI_BayerToRGB.
WARNING: [Synth 8-3332] Sequential element (sLineBufferWriteData_reg[8]) is unused and will be removed from module AXI_BayerToRGB.
WARNING: [Synth 8-3332] Sequential element (sLineBufferWriteData_reg[7]) is unused and will be removed from module AXI_BayerToRGB.
WARNING: [Synth 8-3332] Sequential element (sLineBufferWriteData_reg[6]) is unused and will be removed from module AXI_BayerToRGB.
WARNING: [Synth 8-3332] Sequential element (sLineBufferWriteData_reg[5]) is unused and will be removed from module AXI_BayerToRGB.
WARNING: [Synth 8-3332] Sequential element (sLineBufferWriteData_reg[4]) is unused and will be removed from module AXI_BayerToRGB.
WARNING: [Synth 8-3332] Sequential element (sLineBufferWriteData_reg[3]) is unused and will be removed from module AXI_BayerToRGB.
WARNING: [Synth 8-3332] Sequential element (sLineBufferWriteData_reg[2]) is unused and will be removed from module AXI_BayerToRGB.
WARNING: [Synth 8-3332] Sequential element (sLineBufferWriteData_reg[1]) is unused and will be removed from module AXI_BayerToRGB.
WARNING: [Synth 8-3332] Sequential element (sLineBufferWriteData_reg[0]) is unused and will be removed from module AXI_BayerToRGB.
WARNING: [Synth 8-3332] Sequential element (sLineBufferRead_reg) is unused and will be removed from module AXI_BayerToRGB.
---------------------------------------------------------------------------------
Finished Cross Boundary and Area Optimization : Time (s): cpu = 00:00:08 ; elapsed = 00:00:08 . Memory (MB): peak = 563.859 ; gain = 320.906
---------------------------------------------------------------------------------

Report RTL Partitions: 
+-+--------------+------------+----------+
| |RTL Partition |Replication |Instances |
+-+--------------+------------+----------+
+-+--------------+------------+----------+
No constraint files found.
---------------------------------------------------------------------------------
Start Timing Optimization
---------------------------------------------------------------------------------
---------------------------------------------------------------------------------
Finished Timing Optimization : Time (s): cpu = 00:00:08 ; elapsed = 00:00:08 . Memory (MB): peak = 563.859 ; gain = 320.906
---------------------------------------------------------------------------------

Report RTL Partitions: 
+-+--------------+------------+----------+
| |RTL Partition |Replication |Instances |
+-+--------------+------------+----------+
+-+--------------+------------+----------+
---------------------------------------------------------------------------------
Start Technology Mapping
---------------------------------------------------------------------------------
---------------------------------------------------------------------------------
Finished Technology Mapping : Time (s): cpu = 00:00:08 ; elapsed = 00:00:08 . Memory (MB): peak = 563.859 ; gain = 320.906
---------------------------------------------------------------------------------

Report RTL Partitions: 
+-+--------------+------------+----------+
| |RTL Partition |Replication |Instances |
+-+--------------+------------+----------+
+-+--------------+------------+----------+
---------------------------------------------------------------------------------
Start IO Insertion
---------------------------------------------------------------------------------
---------------------------------------------------------------------------------
Start Flattening Before IO Insertion
---------------------------------------------------------------------------------
---------------------------------------------------------------------------------
Finished Flattening Before IO Insertion
---------------------------------------------------------------------------------
---------------------------------------------------------------------------------
Start Final Netlist Cleanup
---------------------------------------------------------------------------------
---------------------------------------------------------------------------------
Finished Final Netlist Cleanup
---------------------------------------------------------------------------------
---------------------------------------------------------------------------------
Finished IO Insertion : Time (s): cpu = 00:00:09 ; elapsed = 00:00:09 . Memory (MB): peak = 563.859 ; gain = 320.906
---------------------------------------------------------------------------------

Report Check Netlist: 
+------+------------------+-------+---------+-------+------------------+
|      |Item              |Errors |Warnings |Status |Description       |
+------+------------------+-------+---------+-------+------------------+
|1     |multi_driven_nets |      0|        0|Passed |Multi driven nets |
+------+------------------+-------+---------+-------+------------------+
---------------------------------------------------------------------------------
Start Renaming Generated Instances
---------------------------------------------------------------------------------
---------------------------------------------------------------------------------
Finished Renaming Generated Instances : Time (s): cpu = 00:00:09 ; elapsed = 00:00:09 . Memory (MB): peak = 563.859 ; gain = 320.906
---------------------------------------------------------------------------------

Report RTL Partitions: 
+-+--------------+------------+----------+
| |RTL Partition |Replication |Instances |
+-+--------------+------------+----------+
+-+--------------+------------+----------+
---------------------------------------------------------------------------------
Start Rebuilding User Hierarchy
---------------------------------------------------------------------------------
---------------------------------------------------------------------------------
Finished Rebuilding User Hierarchy : Time (s): cpu = 00:00:09 ; elapsed = 00:00:09 . Memory (MB): peak = 563.859 ; gain = 320.906
---------------------------------------------------------------------------------
---------------------------------------------------------------------------------
Start Renaming Generated Ports
---------------------------------------------------------------------------------
---------------------------------------------------------------------------------
Finished Renaming Generated Ports : Time (s): cpu = 00:00:09 ; elapsed = 00:00:09 . Memory (MB): peak = 563.859 ; gain = 320.906
---------------------------------------------------------------------------------
---------------------------------------------------------------------------------
Start Handling Custom Attributes
---------------------------------------------------------------------------------
---------------------------------------------------------------------------------
Finished Handling Custom Attributes : Time (s): cpu = 00:00:09 ; elapsed = 00:00:09 . Memory (MB): peak = 563.859 ; gain = 320.906
---------------------------------------------------------------------------------
---------------------------------------------------------------------------------
Start Renaming Generated Nets
---------------------------------------------------------------------------------
---------------------------------------------------------------------------------
Finished Renaming Generated Nets : Time (s): cpu = 00:00:09 ; elapsed = 00:00:09 . Memory (MB): peak = 563.859 ; gain = 320.906
---------------------------------------------------------------------------------
---------------------------------------------------------------------------------
Start Writing Synthesis Report
---------------------------------------------------------------------------------

Report BlackBoxes: 
+-+--------------+----------+
| |BlackBox name |Instances |
+-+--------------+----------+
+-+--------------+----------+

Report Cell Usage: 
+------+-----+------+
|      |Cell |Count |
+------+-----+------+
|1     |BUFG |     1|
|2     |LUT1 |     2|
|3     |LUT2 |     5|
|4     |LUT3 |     6|
|5     |LUT4 |     5|
|6     |LUT5 |     3|
|7     |LUT6 |    10|
|8     |FDRE |    31|
|9     |IBUF |     6|
|10    |OBUF |    36|
+------+-----+------+

Report Instance Areas: 
+------+---------+-------+------+
|      |Instance |Module |Cells |
+------+---------+-------+------+
|1     |top      |       |   105|
+------+---------+-------+------+
---------------------------------------------------------------------------------
Finished Writing Synthesis Report : Time (s): cpu = 00:00:09 ; elapsed = 00:00:09 . Memory (MB): peak = 563.859 ; gain = 320.906
---------------------------------------------------------------------------------
Synthesis finished with 0 errors, 0 critical warnings and 78 warnings.
Synthesis Optimization Runtime : Time (s): cpu = 00:00:09 ; elapsed = 00:00:09 . Memory (MB): peak = 563.859 ; gain = 320.906
Synthesis Optimization Complete : Time (s): cpu = 00:00:09 ; elapsed = 00:00:09 . Memory (MB): peak = 563.859 ; gain = 320.906
INFO: [Project 1-571] Translating synthesized netlist
INFO: [Netlist 29-17] Analyzing 6 Unisim elements for replacement
INFO: [Netlist 29-28] Unisim Transformation completed in 0 CPU seconds
INFO: [Project 1-570] Preparing netlist for logic optimization
INFO: [Opt 31-138] Pushed 0 inverter(s) to 0 load pin(s).
INFO: [Project 1-111] Unisim Transformation Summary:
No Unisim elements were transformed.

INFO: [Common 17-83] Releasing license: Synthesis
35 Infos, 78 Warnings, 0 Critical Warnings and 0 Errors encountered.
synth_design completed successfully
synth_design: Time (s): cpu = 00:00:13 ; elapsed = 00:00:13 . Memory (MB): peak = 666.848 ; gain = 436.891
INFO: [Common 17-1381] The checkpoint 'C:/Users/fpga/Documents/Github/Zybo_Pcam/Zybo-Z7-20-pcam-5c-modifyIP2/proj/pcam-5c.tmp/axi_bayertorgb_v1_0_project/AXI_BayerToRGB_v1_0_project.runs/synth_1/AXI_BayerToRGB.dcp' has been generated.
INFO: [runtcl-4] Executing : report_utilization -file AXI_BayerToRGB_utilization_synth.rpt -pb AXI_BayerToRGB_utilization_synth.pb
report_utilization: Time (s): cpu = 00:00:00 ; elapsed = 00:00:00.030 . Memory (MB): peak = 666.848 ; gain = 0.000
INFO: [Common 17-206] Exiting Vivado at Sun Jan 19 16:23:47 2020...
