#-----------------------------------------------------------
# Webtalk v2017.4 (64-bit)
# SW Build 2086221 on Fri Dec 15 20:55:39 MST 2017
# 
# Start of session at: Sun Oct  6 00:51:33 2019
# Process ID: 1808
# Current directory: Z:/GitHub/Zybo-Z7-20-pcam-5c-2017.4-1/Zybo-Z7-20-pcam-5c/proj/pcam-5c.sdk/webtalk
# Command line: wbtcv.exe -mode batch -source sdk_webtalk.tcl
# Log file: Z:/GitHub/Zybo-Z7-20-pcam-5c-2017.4-1/Zybo-Z7-20-pcam-5c/proj/pcam-5c.sdk/webtalk/webtalk.log
# Journal file: Z:/GitHub/Zybo-Z7-20-pcam-5c-2017.4-1/Zybo-Z7-20-pcam-5c/proj/pcam-5c.sdk/webtalk\webtalk.jou
#-----------------------------------------------------------
source sdk_webtalk.tcl
# webtalk_init -webtalk_dir Z:\\GitHub\\Zybo-Z7-20-pcam-5c-2017.4-1\\Zybo-Z7-20-pcam-5c\\proj\\pcam-5c.sdk\\webtalk
# webtalk_register_client -client project
# webtalk_add_data -client project -key date_generated -value "2019-10-06 00:51:32" -context "software_version_and_target_device"
# webtalk_add_data -client project -key product_version -value "SDK v2017.4" -context "software_version_and_target_device"
# webtalk_add_data -client project -key build_version -value "2017.4" -context "software_version_and_target_device"
# webtalk_add_data -client project -key os_platform -value "amd64" -context "software_version_and_target_device"
# webtalk_add_data -client project -key registration_id -value "" -context "software_version_and_target_device"
# webtalk_add_data -client project -key tool_flow -value "SDK" -context "software_version_and_target_device"
# webtalk_add_data -client project -key beta -value "false" -context "software_version_and_target_device"
# webtalk_add_data -client project -key route_design -value "NA" -context "software_version_and_target_device"
# webtalk_add_data -client project -key target_family -value "NA" -context "software_version_and_target_device"
# webtalk_add_data -client project -key target_device -value "NA" -context "software_version_and_target_device"
# webtalk_add_data -client project -key target_package -value "NA" -context "software_version_and_target_device"
# webtalk_add_data -client project -key target_speed -value "NA" -context "software_version_and_target_device"
# webtalk_add_data -client project -key random_id -value "ib48d4pmsvhl0s9a160slp9nn6" -context "software_version_and_target_device"
# webtalk_add_data -client project -key project_id -value "2017.4_2" -context "software_version_and_target_device"
# webtalk_add_data -client project -key project_iteration -value "2" -context "software_version_and_target_device"
# webtalk_add_data -client project -key os_name -value "Microsoft Windows 8 or later , 64-bit" -context "user_environment"
# webtalk_add_data -client project -key os_release -value "major release  (build 9200)" -context "user_environment"
# webtalk_add_data -client project -key cpu_name -value "Intel(R) Core(TM) i9-8950HK CPU @ 2.90GHz" -context "user_environment"
# webtalk_add_data -client project -key cpu_speed -value "2904 MHz" -context "user_environment"
# webtalk_add_data -client project -key total_processors -value "2" -context "user_environment"
# webtalk_add_data -client project -key system_ram -value "17.156 GB" -context "user_environment"
# webtalk_register_client -client sdk
# webtalk_add_data -client sdk -key uid -value "1570290681718" -context "sdk\\\\hardware/1570290681718"
# webtalk_add_data -client sdk -key isZynq -value "true" -context "sdk\\\\hardware/1570290681718"
# webtalk_add_data -client sdk -key isZynqMP -value "false" -context "sdk\\\\hardware/1570290681718"
# webtalk_add_data -client sdk -key Processors -value "2" -context "sdk\\\\hardware/1570290681718"
# webtalk_add_data -client sdk -key VivadoVersion -value "2017.4" -context "sdk\\\\hardware/1570290681718"
# webtalk_add_data -client sdk -key Arch -value "zynq" -context "sdk\\\\hardware/1570290681718"
# webtalk_add_data -client sdk -key Device -value "7z020" -context "sdk\\\\hardware/1570290681718"
# webtalk_add_data -client sdk -key IsHandoff -value "true" -context "sdk\\\\hardware/1570290681718"
# webtalk_add_data -client sdk -key os -value "NA" -context "sdk\\\\hardware/1570290681718"
# webtalk_add_data -client sdk -key apptemplate -value "NA" -context "sdk\\\\hardware/1570290681718"
# webtalk_add_data -client sdk -key RecordType -value "HWCreation" -context "sdk\\\\hardware/1570290681718"
# webtalk_add_data -client sdk -key uid -value "NA" -context "sdk\\\\bsp/1570290692653"
# webtalk_add_data -client sdk -key RecordType -value "ToolUsage" -context "sdk\\\\bsp/1570290692653"
# webtalk_add_data -client sdk -key BootgenCount -value "0" -context "sdk\\\\bsp/1570290692653"
# webtalk_add_data -client sdk -key DebugCount -value "0" -context "sdk\\\\bsp/1570290692653"
# webtalk_add_data -client sdk -key PerfCount -value "0" -context "sdk\\\\bsp/1570290692653"
# webtalk_add_data -client sdk -key FlashCount -value "0" -context "sdk\\\\bsp/1570290692653"
# webtalk_add_data -client sdk -key CrossTriggCount -value "0" -context "sdk\\\\bsp/1570290692653"
# webtalk_add_data -client sdk -key QemuDebugCount -value "0" -context "sdk\\\\bsp/1570290692653"
# webtalk_transmit -clientid 2246316485 -regid "" -xml Z:\\GitHub\\Zybo-Z7-20-pcam-5c-2017.4-1\\Zybo-Z7-20-pcam-5c\\proj\\pcam-5c.sdk\\webtalk\\usage_statistics_ext_sdk.xml -html Z:\\GitHub\\Zybo-Z7-20-pcam-5c-2017.4-1\\Zybo-Z7-20-pcam-5c\\proj\\pcam-5c.sdk\\webtalk\\usage_statistics_ext_sdk.html -wdm Z:\\GitHub\\Zybo-Z7-20-pcam-5c-2017.4-1\\Zybo-Z7-20-pcam-5c\\proj\\pcam-5c.sdk\\webtalk\\sdk_webtalk.wdm -intro "<H3>SDK Usage Report</H3><BR>"
# webtalk_terminate
INFO: [Common 17-206] Exiting Webtalk at Sun Oct  6 00:51:36 2019...
