23:08:53 INFO  : Registering command handlers for SDK TCF services
23:08:53 INFO  : Launching XSCT server: xsct.bat -interactive C:\Users\fpga\Documents\Github\Zybo_Pcam\Zybo-Z7-20-pcam-5c-alive\proj\pcam-5c.sdk\temp_xsdb_launch_script.tcl
23:08:55 INFO  : XSCT server has started successfully.
23:08:57 INFO  : Successfully done setting XSCT server connection channel  
23:08:57 INFO  : Processing command line option -hwspec C:/Users/fpga/Documents/Github/Zybo_Pcam/Zybo-Z7-20-pcam-5c-alive/proj/pcam-5c.sdk/system_wrapper.hdf.
23:08:57 INFO  : Successfully done setting SDK workspace  
23:15:39 INFO  : Connected to target on host '127.0.0.1' and port '3121'.
23:15:55 INFO  : 'targets -set -filter {jtag_cable_name =~ "Digilent Zybo Z7 210351A6C9E3A" && level==0} -index 1' command is executed.
23:15:58 INFO  : FPGA configured successfully with bitstream "C:/Users/fpga/Documents/Github/Zybo_Pcam/Zybo-Z7-20-pcam-5c-alive/proj/pcam-5c.sdk/system_wrapper_hw_platform_0/system_wrapper.bit"
23:17:31 INFO  : 'targets -set -filter {jtag_cable_name =~ "Digilent Zybo Z7 210351A6C9E3A" && level==0} -index 1' command is executed.
23:17:31 INFO  : 'fpga -state' command is executed.
23:17:31 INFO  : Connected to target on host '127.0.0.1' and port '3121'.
23:17:31 INFO  : Jtag cable 'Digilent Zybo Z7 210351A6C9E3A' is selected.
23:17:31 INFO  : 'jtag frequency' command is executed.
23:17:31 INFO  : Sourcing of 'C:/Users/fpga/Documents/Github/Zybo_Pcam/Zybo-Z7-20-pcam-5c-alive/proj/pcam-5c.sdk/system_wrapper_hw_platform_0/ps7_init.tcl' is done.
23:17:31 INFO  : Context for 'APU' is selected.
23:17:31 INFO  : Hardware design information is loaded from 'C:/Users/fpga/Documents/Github/Zybo_Pcam/Zybo-Z7-20-pcam-5c-alive/proj/pcam-5c.sdk/system_wrapper_hw_platform_0/system.hdf'.
23:17:31 INFO  : 'configparams force-mem-access 1' command is executed.
23:17:31 INFO  : Context for 'APU' is selected.
23:17:32 INFO  : 'stop' command is executed.
23:17:32 INFO  : 'ps7_init' command is executed.
23:17:32 INFO  : 'ps7_post_config' command is executed.
23:17:32 INFO  : Context for processor 'ps7_cortexa9_0' is selected.
23:17:32 INFO  : Processor reset is completed for 'ps7_cortexa9_0'.
23:17:32 INFO  : Context for processor 'ps7_cortexa9_0' is selected.
23:17:32 INFO  : The application 'C:/Users/fpga/Documents/Github/Zybo_Pcam/Zybo-Z7-20-pcam-5c-alive/proj/pcam-5c.sdk/fsbl/Debug/fsbl.elf' is downloaded to processor 'ps7_cortexa9_0'.
23:17:32 INFO  : 'configparams force-mem-access 0' command is executed.
23:17:32 INFO  : ----------------XSDB Script----------------
connect -url tcp:127.0.0.1:3121
source C:/Users/fpga/Documents/Github/Zybo_Pcam/Zybo-Z7-20-pcam-5c-alive/proj/pcam-5c.sdk/system_wrapper_hw_platform_0/ps7_init.tcl
targets -set -nocase -filter {name =~"APU*" && jtag_cable_name =~ "Digilent Zybo Z7 210351A6C9E3A"} -index 0
loadhw -hw C:/Users/fpga/Documents/Github/Zybo_Pcam/Zybo-Z7-20-pcam-5c-alive/proj/pcam-5c.sdk/system_wrapper_hw_platform_0/system.hdf -mem-ranges [list {0x40000000 0xbfffffff}]
configparams force-mem-access 1
targets -set -nocase -filter {name =~"APU*" && jtag_cable_name =~ "Digilent Zybo Z7 210351A6C9E3A"} -index 0
stop
ps7_init
ps7_post_config
targets -set -nocase -filter {name =~ "ARM*#0" && jtag_cable_name =~ "Digilent Zybo Z7 210351A6C9E3A"} -index 0
rst -processor
targets -set -nocase -filter {name =~ "ARM*#0" && jtag_cable_name =~ "Digilent Zybo Z7 210351A6C9E3A"} -index 0
dow C:/Users/fpga/Documents/Github/Zybo_Pcam/Zybo-Z7-20-pcam-5c-alive/proj/pcam-5c.sdk/fsbl/Debug/fsbl.elf
configparams force-mem-access 0
----------------End of Script----------------

23:17:32 INFO  : Memory regions updated for context APU
23:17:32 INFO  : Context for processor 'ps7_cortexa9_0' is selected.
23:17:32 INFO  : 'con' command is executed.
23:17:32 INFO  : ----------------XSDB Script (After Launch)----------------
targets -set -nocase -filter {name =~ "ARM*#0" && jtag_cable_name =~ "Digilent Zybo Z7 210351A6C9E3A"} -index 0
con
----------------End of Script----------------

23:17:32 INFO  : Launch script is exported to file 'C:\Users\fpga\Documents\Github\Zybo_Pcam\Zybo-Z7-20-pcam-5c-alive\proj\pcam-5c.sdk\.sdk\launch_scripts\xilinx_c-c++_application_(system_debugger)\system_debugger_using_debug_fsbl.elf_on_local.tcl'
23:17:37 INFO  : 'targets -set -filter {jtag_cable_name =~ "Digilent Zybo Z7 210351A6C9E3A" && level==0} -index 1' command is executed.
23:17:37 INFO  : 'fpga -state' command is executed.
23:17:37 INFO  : Connected to target on host '127.0.0.1' and port '3121'.
23:17:38 INFO  : Jtag cable 'Digilent Zybo Z7 210351A6C9E3A' is selected.
23:17:38 INFO  : 'jtag frequency' command is executed.
23:17:38 INFO  : Sourcing of 'C:/Users/fpga/Documents/Github/Zybo_Pcam/Zybo-Z7-20-pcam-5c-alive/proj/pcam-5c.sdk/system_wrapper_hw_platform_0/ps7_init.tcl' is done.
23:17:38 INFO  : Context for 'APU' is selected.
23:17:38 INFO  : Hardware design information is loaded from 'C:/Users/fpga/Documents/Github/Zybo_Pcam/Zybo-Z7-20-pcam-5c-alive/proj/pcam-5c.sdk/system_wrapper_hw_platform_0/system.hdf'.
23:17:38 INFO  : 'configparams force-mem-access 1' command is executed.
23:17:38 INFO  : Context for 'APU' is selected.
23:17:38 INFO  : 'stop' command is executed.
23:17:38 INFO  : 'ps7_init' command is executed.
23:17:38 INFO  : 'ps7_post_config' command is executed.
23:17:38 INFO  : Context for processor 'ps7_cortexa9_0' is selected.
23:17:38 INFO  : Processor reset is completed for 'ps7_cortexa9_0'.
23:17:38 INFO  : Context for processor 'ps7_cortexa9_0' is selected.
23:17:40 INFO  : The application 'C:/Users/fpga/Documents/Github/Zybo_Pcam/Zybo-Z7-20-pcam-5c-alive/proj/pcam-5c.sdk/pcam_vdma_hdmi/Debug/pcam_vdma_hdmi.elf' is downloaded to processor 'ps7_cortexa9_0'.
23:17:40 INFO  : 'configparams force-mem-access 0' command is executed.
23:17:40 INFO  : ----------------XSDB Script----------------
connect -url tcp:127.0.0.1:3121
source C:/Users/fpga/Documents/Github/Zybo_Pcam/Zybo-Z7-20-pcam-5c-alive/proj/pcam-5c.sdk/system_wrapper_hw_platform_0/ps7_init.tcl
targets -set -nocase -filter {name =~"APU*" && jtag_cable_name =~ "Digilent Zybo Z7 210351A6C9E3A"} -index 0
loadhw -hw C:/Users/fpga/Documents/Github/Zybo_Pcam/Zybo-Z7-20-pcam-5c-alive/proj/pcam-5c.sdk/system_wrapper_hw_platform_0/system.hdf -mem-ranges [list {0x40000000 0xbfffffff}]
configparams force-mem-access 1
targets -set -nocase -filter {name =~"APU*" && jtag_cable_name =~ "Digilent Zybo Z7 210351A6C9E3A"} -index 0
stop
ps7_init
ps7_post_config
targets -set -nocase -filter {name =~ "ARM*#0" && jtag_cable_name =~ "Digilent Zybo Z7 210351A6C9E3A"} -index 0
rst -processor
targets -set -nocase -filter {name =~ "ARM*#0" && jtag_cable_name =~ "Digilent Zybo Z7 210351A6C9E3A"} -index 0
dow C:/Users/fpga/Documents/Github/Zybo_Pcam/Zybo-Z7-20-pcam-5c-alive/proj/pcam-5c.sdk/pcam_vdma_hdmi/Debug/pcam_vdma_hdmi.elf
configparams force-mem-access 0
----------------End of Script----------------

23:17:40 INFO  : Memory regions updated for context APU
23:17:40 INFO  : Context for processor 'ps7_cortexa9_0' is selected.
23:17:40 INFO  : 'con' command is executed.
23:17:40 INFO  : ----------------XSDB Script (After Launch)----------------
targets -set -nocase -filter {name =~ "ARM*#0" && jtag_cable_name =~ "Digilent Zybo Z7 210351A6C9E3A"} -index 0
con
----------------End of Script----------------

23:17:40 INFO  : Launch script is exported to file 'C:\Users\fpga\Documents\Github\Zybo_Pcam\Zybo-Z7-20-pcam-5c-alive\proj\pcam-5c.sdk\.sdk\launch_scripts\performance_analysis\performance_analysis_using_debug_pcam_vdma_hdmi.elf_on_local.tcl'
23:17:41 INFO  : Apm configuration has been updated and stored to 'C:\Users\fpga\Documents\Github\Zybo_Pcam\Zybo-Z7-20-pcam-5c-alive\proj\pcam-5c.sdk\system_wrapper_hw_platform_0\apmconfigs\apm_default.json' for the project 'system_wrapper_hw_platform_0'
23:17:42 INFO  : Performance data for 'PS' will be exported to the file 'C:\Users\fpga\Documents\Github\Zybo_Pcam\Zybo-Z7-20-pcam-5c-alive\proj\pcam-5c.sdk\system_wrapper_hw_platform_0_Traces\Traces\Run_1-21_23-17\PS_Trace_1-21_23-17\trace'
23:17:42 INFO  : Created tracing project 'system_wrapper_hw_platform_0_Traces'
23:17:42 INFO  : Added tracing folder 'C:\Users\fpga\Documents\Github\Zybo_Pcam\Zybo-Z7-20-pcam-5c-alive\proj\pcam-5c.sdk\system_wrapper_hw_platform_0_Traces\Traces\Run_1-21_23-17\PS_Trace_1-21_23-17' into  'system_wrapper_hw_platform_0_Traces'
23:17:42 INFO  : Attempting to open tracing file 'PS_Trace_1-21_23-17'
23:27:42 INFO  : Performance data for 'PS' has been exported to the file 'C:\Users\fpga\Documents\Github\Zybo_Pcam\Zybo-Z7-20-pcam-5c-alive\proj\pcam-5c.sdk\system_wrapper_hw_platform_0_Traces\Traces\Run_1-21_23-17\PS_Trace_1-21_23-17\trace'
00:49:35 INFO  : Disconnected from the channel tcfchan#1.
00:49:35 INFO  : Performance data for 'PS' has been exported to the file 'C:\Users\fpga\Documents\Github\Zybo_Pcam\Zybo-Z7-20-pcam-5c-alive\proj\pcam-5c.sdk\system_wrapper_hw_platform_0_Traces\Traces\Run_1-21_23-17\PS_Trace_1-21_23-17\trace'
00:49:35 WARN  : channel "tcfchan#1" closed
21:04:04 INFO  : Registering command handlers for SDK TCF services
21:04:05 INFO  : Launching XSCT server: xsct.bat -interactive C:\Users\fpga\Documents\Github\Zybo_Pcam\Zybo-Z7-20-pcam-5c-alive\proj\pcam-5c.sdk\temp_xsdb_launch_script.tcl
21:04:07 INFO  : XSCT server has started successfully.
21:04:08 INFO  : Successfully done setting XSCT server connection channel  
21:04:08 INFO  : Processing command line option -hwspec C:/Users/fpga/Documents/Github/Zybo_Pcam/Zybo-Z7-20-pcam-5c-alive/proj/pcam-5c.sdk/system_wrapper.hdf.
21:04:08 INFO  : Successfully done setting SDK workspace  
21:04:08 INFO  : Checking for hwspec changes in the project system_wrapper_hw_platform_0.
21:04:29 INFO  : Connected to target on host '127.0.0.1' and port '3121'.
21:04:32 INFO  : 'targets -set -filter {jtag_cable_name =~ "Digilent Zybo Z7 210351A6C9E3A" && level==0} -index 1' command is executed.
21:04:35 INFO  : FPGA configured successfully with bitstream "C:/Users/fpga/Documents/Github/Zybo_Pcam/Zybo-Z7-20-pcam-5c-alive/proj/pcam-5c.sdk/system_wrapper_hw_platform_0/system_wrapper.bit"
21:04:43 INFO  : 'targets -set -filter {jtag_cable_name =~ "Digilent Zybo Z7 210351A6C9E3A" && level==0} -index 1' command is executed.
21:04:43 INFO  : 'fpga -state' command is executed.
21:04:43 INFO  : Connected to target on host '127.0.0.1' and port '3121'.
21:04:43 INFO  : Jtag cable 'Digilent Zybo Z7 210351A6C9E3A' is selected.
21:04:43 INFO  : 'jtag frequency' command is executed.
21:04:43 INFO  : Sourcing of 'C:/Users/fpga/Documents/Github/Zybo_Pcam/Zybo-Z7-20-pcam-5c-alive/proj/pcam-5c.sdk/system_wrapper_hw_platform_0/ps7_init.tcl' is done.
21:04:43 INFO  : Context for 'APU' is selected.
21:04:43 INFO  : Hardware design information is loaded from 'C:/Users/fpga/Documents/Github/Zybo_Pcam/Zybo-Z7-20-pcam-5c-alive/proj/pcam-5c.sdk/system_wrapper_hw_platform_0/system.hdf'.
21:04:43 INFO  : 'configparams force-mem-access 1' command is executed.
21:04:43 INFO  : Context for 'APU' is selected.
21:04:43 INFO  : 'stop' command is executed.
21:04:43 INFO  : 'ps7_init' command is executed.
21:04:43 INFO  : 'ps7_post_config' command is executed.
21:04:43 INFO  : Context for processor 'ps7_cortexa9_0' is selected.
21:04:43 INFO  : Processor reset is completed for 'ps7_cortexa9_0'.
21:04:43 INFO  : Context for processor 'ps7_cortexa9_0' is selected.
21:04:44 INFO  : The application 'C:/Users/fpga/Documents/Github/Zybo_Pcam/Zybo-Z7-20-pcam-5c-alive/proj/pcam-5c.sdk/fsbl/Debug/fsbl.elf' is downloaded to processor 'ps7_cortexa9_0'.
21:04:44 INFO  : 'configparams force-mem-access 0' command is executed.
21:04:44 INFO  : ----------------XSDB Script----------------
connect -url tcp:127.0.0.1:3121
source C:/Users/fpga/Documents/Github/Zybo_Pcam/Zybo-Z7-20-pcam-5c-alive/proj/pcam-5c.sdk/system_wrapper_hw_platform_0/ps7_init.tcl
targets -set -nocase -filter {name =~"APU*" && jtag_cable_name =~ "Digilent Zybo Z7 210351A6C9E3A"} -index 0
loadhw -hw C:/Users/fpga/Documents/Github/Zybo_Pcam/Zybo-Z7-20-pcam-5c-alive/proj/pcam-5c.sdk/system_wrapper_hw_platform_0/system.hdf -mem-ranges [list {0x40000000 0xbfffffff}]
configparams force-mem-access 1
targets -set -nocase -filter {name =~"APU*" && jtag_cable_name =~ "Digilent Zybo Z7 210351A6C9E3A"} -index 0
stop
ps7_init
ps7_post_config
targets -set -nocase -filter {name =~ "ARM*#0" && jtag_cable_name =~ "Digilent Zybo Z7 210351A6C9E3A"} -index 0
rst -processor
targets -set -nocase -filter {name =~ "ARM*#0" && jtag_cable_name =~ "Digilent Zybo Z7 210351A6C9E3A"} -index 0
dow C:/Users/fpga/Documents/Github/Zybo_Pcam/Zybo-Z7-20-pcam-5c-alive/proj/pcam-5c.sdk/fsbl/Debug/fsbl.elf
configparams force-mem-access 0
----------------End of Script----------------

21:04:44 INFO  : Memory regions updated for context APU
21:04:44 INFO  : Context for processor 'ps7_cortexa9_0' is selected.
21:04:44 INFO  : 'con' command is executed.
21:04:44 INFO  : ----------------XSDB Script (After Launch)----------------
targets -set -nocase -filter {name =~ "ARM*#0" && jtag_cable_name =~ "Digilent Zybo Z7 210351A6C9E3A"} -index 0
con
----------------End of Script----------------

21:04:44 INFO  : Launch script is exported to file 'C:\Users\fpga\Documents\Github\Zybo_Pcam\Zybo-Z7-20-pcam-5c-alive\proj\pcam-5c.sdk\.sdk\launch_scripts\xilinx_c-c++_application_(system_debugger)\system_debugger_using_debug_fsbl.elf_on_local.tcl'
21:04:54 INFO  : Disconnected from the channel tcfchan#1.
21:04:55 INFO  : 'targets -set -filter {jtag_cable_name =~ "Digilent Zybo Z7 210351A6C9E3A" && level==0} -index 1' command is executed.
21:04:55 INFO  : 'fpga -state' command is executed.
21:04:55 INFO  : Connected to target on host '127.0.0.1' and port '3121'.
21:04:56 INFO  : Jtag cable 'Digilent Zybo Z7 210351A6C9E3A' is selected.
21:04:56 INFO  : 'jtag frequency' command is executed.
21:04:56 INFO  : Sourcing of 'C:/Users/fpga/Documents/Github/Zybo_Pcam/Zybo-Z7-20-pcam-5c-alive/proj/pcam-5c.sdk/system_wrapper_hw_platform_0/ps7_init.tcl' is done.
21:04:56 INFO  : Context for 'APU' is selected.
21:04:57 INFO  : Hardware design information is loaded from 'C:/Users/fpga/Documents/Github/Zybo_Pcam/Zybo-Z7-20-pcam-5c-alive/proj/pcam-5c.sdk/system_wrapper_hw_platform_0/system.hdf'.
21:04:58 INFO  : 'configparams force-mem-access 1' command is executed.
21:04:58 INFO  : Context for 'APU' is selected.
21:04:58 INFO  : 'stop' command is executed.
21:04:58 INFO  : 'ps7_init' command is executed.
21:04:58 INFO  : 'ps7_post_config' command is executed.
21:04:58 INFO  : Context for processor 'ps7_cortexa9_0' is selected.
21:04:58 INFO  : Processor reset is completed for 'ps7_cortexa9_0'.
21:04:58 INFO  : Context for processor 'ps7_cortexa9_0' is selected.
21:05:00 INFO  : The application 'C:/Users/fpga/Documents/Github/Zybo_Pcam/Zybo-Z7-20-pcam-5c-alive/proj/pcam-5c.sdk/pcam_vdma_hdmi/Debug/pcam_vdma_hdmi.elf' is downloaded to processor 'ps7_cortexa9_0'.
21:05:00 INFO  : 'configparams force-mem-access 0' command is executed.
21:05:00 INFO  : ----------------XSDB Script----------------
connect -url tcp:127.0.0.1:3121
source C:/Users/fpga/Documents/Github/Zybo_Pcam/Zybo-Z7-20-pcam-5c-alive/proj/pcam-5c.sdk/system_wrapper_hw_platform_0/ps7_init.tcl
targets -set -nocase -filter {name =~"APU*" && jtag_cable_name =~ "Digilent Zybo Z7 210351A6C9E3A"} -index 0
loadhw -hw C:/Users/fpga/Documents/Github/Zybo_Pcam/Zybo-Z7-20-pcam-5c-alive/proj/pcam-5c.sdk/system_wrapper_hw_platform_0/system.hdf -mem-ranges [list {0x40000000 0xbfffffff}]
configparams force-mem-access 1
targets -set -nocase -filter {name =~"APU*" && jtag_cable_name =~ "Digilent Zybo Z7 210351A6C9E3A"} -index 0
stop
ps7_init
ps7_post_config
targets -set -nocase -filter {name =~ "ARM*#0" && jtag_cable_name =~ "Digilent Zybo Z7 210351A6C9E3A"} -index 0
rst -processor
targets -set -nocase -filter {name =~ "ARM*#0" && jtag_cable_name =~ "Digilent Zybo Z7 210351A6C9E3A"} -index 0
dow C:/Users/fpga/Documents/Github/Zybo_Pcam/Zybo-Z7-20-pcam-5c-alive/proj/pcam-5c.sdk/pcam_vdma_hdmi/Debug/pcam_vdma_hdmi.elf
configparams force-mem-access 0
----------------End of Script----------------

21:05:00 INFO  : Memory regions updated for context APU
21:05:00 INFO  : Context for processor 'ps7_cortexa9_0' is selected.
21:05:00 INFO  : 'con' command is executed.
21:05:00 INFO  : ----------------XSDB Script (After Launch)----------------
targets -set -nocase -filter {name =~ "ARM*#0" && jtag_cable_name =~ "Digilent Zybo Z7 210351A6C9E3A"} -index 0
con
----------------End of Script----------------

21:05:00 INFO  : Launch script is exported to file 'C:\Users\fpga\Documents\Github\Zybo_Pcam\Zybo-Z7-20-pcam-5c-alive\proj\pcam-5c.sdk\.sdk\launch_scripts\xilinx_c-c++_application_(system_debugger)\system_debugger_using_debug_pcam_vdma_hdmi.elf_on_local.tcl'
21:56:40 INFO  : Disconnected from the channel tcfchan#2.
22:20:04 INFO  : Registering command handlers for SDK TCF services
22:20:04 INFO  : Launching XSCT server: xsct.bat -interactive C:\Users\fpga\Documents\Github\Zybo_Pcam\Zybo-Z7-20-pcam-5c-alive\proj\pcam-5c.sdk\temp_xsdb_launch_script.tcl
22:20:06 INFO  : XSCT server has started successfully.
22:20:06 INFO  : Successfully done setting XSCT server connection channel  
22:20:08 INFO  : Successfully done setting SDK workspace  
22:20:08 INFO  : Processing command line option -hwspec C:/Users/fpga/Documents/Github/Zybo_Pcam/Zybo-Z7-20-pcam-5c-alive/proj/pcam-5c.sdk/system_wrapper.hdf.
22:20:08 INFO  : Checking for hwspec changes in the project system_wrapper_hw_platform_0.
22:21:19 INFO  : Connected to target on host '127.0.0.1' and port '3121'.
22:21:22 INFO  : 'targets -set -filter {jtag_cable_name =~ "Digilent Zybo Z7 210351A6C9E3A" && level==0} -index 1' command is executed.
22:21:25 INFO  : FPGA configured successfully with bitstream "C:/Users/fpga/Documents/Github/Zybo_Pcam/Zybo-Z7-20-pcam-5c-alive/proj/pcam-5c.sdk/system_wrapper_hw_platform_0/system_wrapper.bit"
22:21:30 INFO  : 'targets -set -filter {jtag_cable_name =~ "Digilent Zybo Z7 210351A6C9E3A" && level==0} -index 1' command is executed.
22:21:30 INFO  : 'fpga -state' command is executed.
22:21:30 INFO  : Connected to target on host '127.0.0.1' and port '3121'.
22:21:31 INFO  : Jtag cable 'Digilent Zybo Z7 210351A6C9E3A' is selected.
22:21:31 INFO  : 'jtag frequency' command is executed.
22:21:31 INFO  : Sourcing of 'C:/Users/fpga/Documents/Github/Zybo_Pcam/Zybo-Z7-20-pcam-5c-alive/proj/pcam-5c.sdk/system_wrapper_hw_platform_0/ps7_init.tcl' is done.
22:21:31 INFO  : Context for 'APU' is selected.
22:21:31 INFO  : Hardware design information is loaded from 'C:/Users/fpga/Documents/Github/Zybo_Pcam/Zybo-Z7-20-pcam-5c-alive/proj/pcam-5c.sdk/system_wrapper_hw_platform_0/system.hdf'.
22:21:31 INFO  : 'configparams force-mem-access 1' command is executed.
22:21:31 INFO  : Context for 'APU' is selected.
22:21:31 INFO  : 'stop' command is executed.
22:21:31 INFO  : 'ps7_init' command is executed.
22:21:31 INFO  : 'ps7_post_config' command is executed.
22:21:31 INFO  : Context for processor 'ps7_cortexa9_0' is selected.
22:21:31 INFO  : Processor reset is completed for 'ps7_cortexa9_0'.
22:21:31 INFO  : Context for processor 'ps7_cortexa9_0' is selected.
22:21:31 INFO  : The application 'C:/Users/fpga/Documents/Github/Zybo_Pcam/Zybo-Z7-20-pcam-5c-alive/proj/pcam-5c.sdk/fsbl/Debug/fsbl.elf' is downloaded to processor 'ps7_cortexa9_0'.
22:21:31 INFO  : 'configparams force-mem-access 0' command is executed.
22:21:31 INFO  : ----------------XSDB Script----------------
connect -url tcp:127.0.0.1:3121
source C:/Users/fpga/Documents/Github/Zybo_Pcam/Zybo-Z7-20-pcam-5c-alive/proj/pcam-5c.sdk/system_wrapper_hw_platform_0/ps7_init.tcl
targets -set -nocase -filter {name =~"APU*" && jtag_cable_name =~ "Digilent Zybo Z7 210351A6C9E3A"} -index 0
loadhw -hw C:/Users/fpga/Documents/Github/Zybo_Pcam/Zybo-Z7-20-pcam-5c-alive/proj/pcam-5c.sdk/system_wrapper_hw_platform_0/system.hdf -mem-ranges [list {0x40000000 0xbfffffff}]
configparams force-mem-access 1
targets -set -nocase -filter {name =~"APU*" && jtag_cable_name =~ "Digilent Zybo Z7 210351A6C9E3A"} -index 0
stop
ps7_init
ps7_post_config
targets -set -nocase -filter {name =~ "ARM*#0" && jtag_cable_name =~ "Digilent Zybo Z7 210351A6C9E3A"} -index 0
rst -processor
targets -set -nocase -filter {name =~ "ARM*#0" && jtag_cable_name =~ "Digilent Zybo Z7 210351A6C9E3A"} -index 0
dow C:/Users/fpga/Documents/Github/Zybo_Pcam/Zybo-Z7-20-pcam-5c-alive/proj/pcam-5c.sdk/fsbl/Debug/fsbl.elf
configparams force-mem-access 0
----------------End of Script----------------

22:21:31 INFO  : Memory regions updated for context APU
22:21:32 INFO  : Context for processor 'ps7_cortexa9_0' is selected.
22:21:32 INFO  : 'con' command is executed.
22:21:32 INFO  : ----------------XSDB Script (After Launch)----------------
targets -set -nocase -filter {name =~ "ARM*#0" && jtag_cable_name =~ "Digilent Zybo Z7 210351A6C9E3A"} -index 0
con
----------------End of Script----------------

22:21:32 INFO  : Launch script is exported to file 'C:\Users\fpga\Documents\Github\Zybo_Pcam\Zybo-Z7-20-pcam-5c-alive\proj\pcam-5c.sdk\.sdk\launch_scripts\xilinx_c-c++_application_(system_debugger)\system_debugger_using_debug_fsbl.elf_on_local.tcl'
22:21:39 INFO  : 'targets -set -filter {jtag_cable_name =~ "Digilent Zybo Z7 210351A6C9E3A" && level==0} -index 1' command is executed.
22:21:39 INFO  : 'fpga -state' command is executed.
22:21:39 INFO  : Connected to target on host '127.0.0.1' and port '3121'.
22:21:39 INFO  : Jtag cable 'Digilent Zybo Z7 210351A6C9E3A' is selected.
22:21:39 INFO  : 'jtag frequency' command is executed.
22:21:39 ERROR : 'source C:/Users/fpga/Documents/Github/Zybo_Pcam/Zybo-Z7-20-pcam-5c-alive/proj/pcam-5c.sdk/system_wrapper_hw_platform_0/ps7_init.tcl' is cancelled.
22:21:39 INFO  : ----------------XSDB Script----------------
connect -url tcp:127.0.0.1:3121
source C:/Users/fpga/Documents/Github/Zybo_Pcam/Zybo-Z7-20-pcam-5c-alive/proj/pcam-5c.sdk/system_wrapper_hw_platform_0/ps7_init.tcl
----------------End of Script----------------

22:21:45 INFO  : Disconnected from the channel tcfchan#1.
22:21:46 INFO  : 'targets -set -filter {jtag_cable_name =~ "Digilent Zybo Z7 210351A6C9E3A" && level==0} -index 1' command is executed.
22:21:46 INFO  : 'fpga -state' command is executed.
22:21:46 INFO  : Connected to target on host '127.0.0.1' and port '3121'.
22:21:46 INFO  : Jtag cable 'Digilent Zybo Z7 210351A6C9E3A' is selected.
22:21:46 INFO  : 'jtag frequency' command is executed.
22:21:46 INFO  : Sourcing of 'C:/Users/fpga/Documents/Github/Zybo_Pcam/Zybo-Z7-20-pcam-5c-alive/proj/pcam-5c.sdk/system_wrapper_hw_platform_0/ps7_init.tcl' is done.
22:21:46 INFO  : Context for 'APU' is selected.
22:21:48 INFO  : Hardware design information is loaded from 'C:/Users/fpga/Documents/Github/Zybo_Pcam/Zybo-Z7-20-pcam-5c-alive/proj/pcam-5c.sdk/system_wrapper_hw_platform_0/system.hdf'.
22:21:48 INFO  : 'configparams force-mem-access 1' command is executed.
22:21:48 INFO  : Context for 'APU' is selected.
22:21:48 INFO  : 'stop' command is executed.
22:21:48 INFO  : 'ps7_init' command is executed.
22:21:48 INFO  : 'ps7_post_config' command is executed.
22:21:48 INFO  : Context for processor 'ps7_cortexa9_0' is selected.
22:21:48 INFO  : Processor reset is completed for 'ps7_cortexa9_0'.
22:21:48 INFO  : Context for processor 'ps7_cortexa9_0' is selected.
22:21:50 INFO  : The application 'C:/Users/fpga/Documents/Github/Zybo_Pcam/Zybo-Z7-20-pcam-5c-alive/proj/pcam-5c.sdk/pcam_vdma_hdmi/Debug/pcam_vdma_hdmi.elf' is downloaded to processor 'ps7_cortexa9_0'.
22:21:50 INFO  : 'configparams force-mem-access 0' command is executed.
22:21:50 INFO  : ----------------XSDB Script----------------
connect -url tcp:127.0.0.1:3121
source C:/Users/fpga/Documents/Github/Zybo_Pcam/Zybo-Z7-20-pcam-5c-alive/proj/pcam-5c.sdk/system_wrapper_hw_platform_0/ps7_init.tcl
targets -set -nocase -filter {name =~"APU*" && jtag_cable_name =~ "Digilent Zybo Z7 210351A6C9E3A"} -index 0
loadhw -hw C:/Users/fpga/Documents/Github/Zybo_Pcam/Zybo-Z7-20-pcam-5c-alive/proj/pcam-5c.sdk/system_wrapper_hw_platform_0/system.hdf -mem-ranges [list {0x40000000 0xbfffffff}]
configparams force-mem-access 1
targets -set -nocase -filter {name =~"APU*" && jtag_cable_name =~ "Digilent Zybo Z7 210351A6C9E3A"} -index 0
stop
ps7_init
ps7_post_config
targets -set -nocase -filter {name =~ "ARM*#0" && jtag_cable_name =~ "Digilent Zybo Z7 210351A6C9E3A"} -index 0
rst -processor
targets -set -nocase -filter {name =~ "ARM*#0" && jtag_cable_name =~ "Digilent Zybo Z7 210351A6C9E3A"} -index 0
dow C:/Users/fpga/Documents/Github/Zybo_Pcam/Zybo-Z7-20-pcam-5c-alive/proj/pcam-5c.sdk/pcam_vdma_hdmi/Debug/pcam_vdma_hdmi.elf
configparams force-mem-access 0
----------------End of Script----------------

22:21:50 INFO  : Memory regions updated for context APU
22:21:50 INFO  : Context for processor 'ps7_cortexa9_0' is selected.
22:21:50 INFO  : 'con' command is executed.
22:21:50 INFO  : ----------------XSDB Script (After Launch)----------------
targets -set -nocase -filter {name =~ "ARM*#0" && jtag_cable_name =~ "Digilent Zybo Z7 210351A6C9E3A"} -index 0
con
----------------End of Script----------------

22:21:50 INFO  : Launch script is exported to file 'C:\Users\fpga\Documents\Github\Zybo_Pcam\Zybo-Z7-20-pcam-5c-alive\proj\pcam-5c.sdk\.sdk\launch_scripts\xilinx_c-c++_application_(system_debugger)\system_debugger_using_debug_pcam_vdma_hdmi.elf_on_local.tcl'
22:38:58 INFO  : Disconnected from the channel tcfchan#2.
17:55:13 INFO  : Registering command handlers for SDK TCF services
17:55:13 INFO  : Launching XSCT server: xsct.bat -interactive C:\Users\fpga\Documents\Github\Zybo_Pcam\Zybo-Z7-20-pcam-5c-alive\proj\pcam-5c.sdk\temp_xsdb_launch_script.tcl
17:55:16 INFO  : XSCT server has started successfully.
17:55:16 INFO  : Successfully done setting XSCT server connection channel  
17:55:17 INFO  : Successfully done setting SDK workspace  
17:55:17 INFO  : Processing command line option -hwspec C:/Users/fpga/Documents/Github/Zybo_Pcam/Zybo-Z7-20-pcam-5c-alive/proj/pcam-5c.sdk/system_wrapper.hdf.
17:55:17 INFO  : Checking for hwspec changes in the project system_wrapper_hw_platform_0.
17:59:02 INFO  : Connected to target on host '127.0.0.1' and port '3121'.
17:59:05 INFO  : 'targets -set -filter {jtag_cable_name =~ "Digilent Zybo Z7 210351A6C9E3A" && level==0} -index 1' command is executed.
17:59:08 INFO  : FPGA configured successfully with bitstream "C:/Users/fpga/Documents/Github/Zybo_Pcam/Zybo-Z7-20-pcam-5c-alive/proj/pcam-5c.sdk/system_wrapper_hw_platform_0/system_wrapper.bit"
17:59:21 INFO  : 'targets -set -filter {jtag_cable_name =~ "Digilent Zybo Z7 210351A6C9E3A" && level==0} -index 1' command is executed.
17:59:21 INFO  : 'fpga -state' command is executed.
17:59:21 INFO  : Connected to target on host '127.0.0.1' and port '3121'.
17:59:21 INFO  : Jtag cable 'Digilent Zybo Z7 210351A6C9E3A' is selected.
17:59:21 INFO  : 'jtag frequency' command is executed.
17:59:21 INFO  : Sourcing of 'C:/Users/fpga/Documents/Github/Zybo_Pcam/Zybo-Z7-20-pcam-5c-alive/proj/pcam-5c.sdk/system_wrapper_hw_platform_0/ps7_init.tcl' is done.
17:59:21 INFO  : Context for 'APU' is selected.
17:59:21 INFO  : Hardware design information is loaded from 'C:/Users/fpga/Documents/Github/Zybo_Pcam/Zybo-Z7-20-pcam-5c-alive/proj/pcam-5c.sdk/system_wrapper_hw_platform_0/system.hdf'.
17:59:21 INFO  : 'configparams force-mem-access 1' command is executed.
17:59:21 INFO  : Context for 'APU' is selected.
17:59:21 INFO  : 'stop' command is executed.
17:59:22 INFO  : 'ps7_init' command is executed.
17:59:22 INFO  : 'ps7_post_config' command is executed.
17:59:22 INFO  : Context for processor 'ps7_cortexa9_0' is selected.
17:59:22 INFO  : Processor reset is completed for 'ps7_cortexa9_0'.
17:59:22 INFO  : Context for processor 'ps7_cortexa9_0' is selected.
17:59:22 INFO  : The application 'C:/Users/fpga/Documents/Github/Zybo_Pcam/Zybo-Z7-20-pcam-5c-alive/proj/pcam-5c.sdk/fsbl/Debug/fsbl.elf' is downloaded to processor 'ps7_cortexa9_0'.
17:59:22 INFO  : 'configparams force-mem-access 0' command is executed.
17:59:22 INFO  : ----------------XSDB Script----------------
connect -url tcp:127.0.0.1:3121
source C:/Users/fpga/Documents/Github/Zybo_Pcam/Zybo-Z7-20-pcam-5c-alive/proj/pcam-5c.sdk/system_wrapper_hw_platform_0/ps7_init.tcl
targets -set -nocase -filter {name =~"APU*" && jtag_cable_name =~ "Digilent Zybo Z7 210351A6C9E3A"} -index 0
loadhw -hw C:/Users/fpga/Documents/Github/Zybo_Pcam/Zybo-Z7-20-pcam-5c-alive/proj/pcam-5c.sdk/system_wrapper_hw_platform_0/system.hdf -mem-ranges [list {0x40000000 0xbfffffff}]
configparams force-mem-access 1
targets -set -nocase -filter {name =~"APU*" && jtag_cable_name =~ "Digilent Zybo Z7 210351A6C9E3A"} -index 0
stop
ps7_init
ps7_post_config
targets -set -nocase -filter {name =~ "ARM*#0" && jtag_cable_name =~ "Digilent Zybo Z7 210351A6C9E3A"} -index 0
rst -processor
targets -set -nocase -filter {name =~ "ARM*#0" && jtag_cable_name =~ "Digilent Zybo Z7 210351A6C9E3A"} -index 0
dow C:/Users/fpga/Documents/Github/Zybo_Pcam/Zybo-Z7-20-pcam-5c-alive/proj/pcam-5c.sdk/fsbl/Debug/fsbl.elf
configparams force-mem-access 0
----------------End of Script----------------

17:59:22 INFO  : Memory regions updated for context APU
17:59:22 INFO  : Context for processor 'ps7_cortexa9_0' is selected.
17:59:22 INFO  : 'con' command is executed.
17:59:22 INFO  : ----------------XSDB Script (After Launch)----------------
targets -set -nocase -filter {name =~ "ARM*#0" && jtag_cable_name =~ "Digilent Zybo Z7 210351A6C9E3A"} -index 0
con
----------------End of Script----------------

17:59:22 INFO  : Launch script is exported to file 'C:\Users\fpga\Documents\Github\Zybo_Pcam\Zybo-Z7-20-pcam-5c-alive\proj\pcam-5c.sdk\.sdk\launch_scripts\xilinx_c-c++_application_(system_debugger)\system_debugger_using_debug_fsbl.elf_on_local.tcl'
17:59:30 INFO  : Disconnected from the channel tcfchan#1.
17:59:31 INFO  : 'targets -set -filter {jtag_cable_name =~ "Digilent Zybo Z7 210351A6C9E3A" && level==0} -index 1' command is executed.
17:59:31 INFO  : 'fpga -state' command is executed.
17:59:31 INFO  : Connected to target on host '127.0.0.1' and port '3121'.
17:59:32 INFO  : Jtag cable 'Digilent Zybo Z7 210351A6C9E3A' is selected.
17:59:32 INFO  : 'jtag frequency' command is executed.
17:59:32 INFO  : Sourcing of 'C:/Users/fpga/Documents/Github/Zybo_Pcam/Zybo-Z7-20-pcam-5c-alive/proj/pcam-5c.sdk/system_wrapper_hw_platform_0/ps7_init.tcl' is done.
17:59:32 INFO  : Context for 'APU' is selected.
17:59:33 INFO  : Hardware design information is loaded from 'C:/Users/fpga/Documents/Github/Zybo_Pcam/Zybo-Z7-20-pcam-5c-alive/proj/pcam-5c.sdk/system_wrapper_hw_platform_0/system.hdf'.
17:59:33 INFO  : 'configparams force-mem-access 1' command is executed.
17:59:33 INFO  : Context for 'APU' is selected.
17:59:33 INFO  : 'stop' command is executed.
17:59:34 INFO  : 'ps7_init' command is executed.
17:59:34 INFO  : 'ps7_post_config' command is executed.
17:59:34 INFO  : Context for processor 'ps7_cortexa9_0' is selected.
17:59:34 INFO  : Processor reset is completed for 'ps7_cortexa9_0'.
17:59:34 INFO  : Context for processor 'ps7_cortexa9_0' is selected.
17:59:35 INFO  : The application 'C:/Users/fpga/Documents/Github/Zybo_Pcam/Zybo-Z7-20-pcam-5c-alive/proj/pcam-5c.sdk/pcam_vdma_hdmi/Debug/pcam_vdma_hdmi.elf' is downloaded to processor 'ps7_cortexa9_0'.
17:59:35 INFO  : 'configparams force-mem-access 0' command is executed.
17:59:35 INFO  : ----------------XSDB Script----------------
connect -url tcp:127.0.0.1:3121
source C:/Users/fpga/Documents/Github/Zybo_Pcam/Zybo-Z7-20-pcam-5c-alive/proj/pcam-5c.sdk/system_wrapper_hw_platform_0/ps7_init.tcl
targets -set -nocase -filter {name =~"APU*" && jtag_cable_name =~ "Digilent Zybo Z7 210351A6C9E3A"} -index 0
loadhw -hw C:/Users/fpga/Documents/Github/Zybo_Pcam/Zybo-Z7-20-pcam-5c-alive/proj/pcam-5c.sdk/system_wrapper_hw_platform_0/system.hdf -mem-ranges [list {0x40000000 0xbfffffff}]
configparams force-mem-access 1
targets -set -nocase -filter {name =~"APU*" && jtag_cable_name =~ "Digilent Zybo Z7 210351A6C9E3A"} -index 0
stop
ps7_init
ps7_post_config
targets -set -nocase -filter {name =~ "ARM*#0" && jtag_cable_name =~ "Digilent Zybo Z7 210351A6C9E3A"} -index 0
rst -processor
targets -set -nocase -filter {name =~ "ARM*#0" && jtag_cable_name =~ "Digilent Zybo Z7 210351A6C9E3A"} -index 0
dow C:/Users/fpga/Documents/Github/Zybo_Pcam/Zybo-Z7-20-pcam-5c-alive/proj/pcam-5c.sdk/pcam_vdma_hdmi/Debug/pcam_vdma_hdmi.elf
configparams force-mem-access 0
----------------End of Script----------------

17:59:36 INFO  : Memory regions updated for context APU
17:59:36 INFO  : Context for processor 'ps7_cortexa9_0' is selected.
17:59:36 INFO  : 'con' command is executed.
17:59:36 INFO  : ----------------XSDB Script (After Launch)----------------
targets -set -nocase -filter {name =~ "ARM*#0" && jtag_cable_name =~ "Digilent Zybo Z7 210351A6C9E3A"} -index 0
con
----------------End of Script----------------

17:59:36 INFO  : Launch script is exported to file 'C:\Users\fpga\Documents\Github\Zybo_Pcam\Zybo-Z7-20-pcam-5c-alive\proj\pcam-5c.sdk\.sdk\launch_scripts\xilinx_c-c++_application_(system_debugger)\system_debugger_using_debug_pcam_vdma_hdmi.elf_on_local.tcl'
17:59:41 INFO  : Disconnected from the channel tcfchan#2.
17:59:42 INFO  : 'targets -set -filter {jtag_cable_name =~ "Digilent Zybo Z7 210351A6C9E3A" && level==0} -index 1' command is executed.
17:59:42 INFO  : 'fpga -state' command is executed.
17:59:42 INFO  : Connected to target on host '127.0.0.1' and port '3121'.
17:59:42 INFO  : Jtag cable 'Digilent Zybo Z7 210351A6C9E3A' is selected.
17:59:42 INFO  : 'jtag frequency' command is executed.
17:59:42 INFO  : Sourcing of 'C:/Users/fpga/Documents/Github/Zybo_Pcam/Zybo-Z7-20-pcam-5c-alive/proj/pcam-5c.sdk/system_wrapper_hw_platform_0/ps7_init.tcl' is done.
17:59:42 INFO  : Context for 'APU' is selected.
17:59:44 INFO  : Hardware design information is loaded from 'C:/Users/fpga/Documents/Github/Zybo_Pcam/Zybo-Z7-20-pcam-5c-alive/proj/pcam-5c.sdk/system_wrapper_hw_platform_0/system.hdf'.
17:59:44 INFO  : 'configparams force-mem-access 1' command is executed.
17:59:44 INFO  : Context for 'APU' is selected.
17:59:44 INFO  : 'stop' command is executed.
17:59:44 INFO  : 'ps7_init' command is executed.
17:59:44 INFO  : 'ps7_post_config' command is executed.
17:59:44 INFO  : Context for processor 'ps7_cortexa9_0' is selected.
17:59:44 INFO  : Processor reset is completed for 'ps7_cortexa9_0'.
17:59:44 INFO  : Context for processor 'ps7_cortexa9_0' is selected.
17:59:46 INFO  : The application 'C:/Users/fpga/Documents/Github/Zybo_Pcam/Zybo-Z7-20-pcam-5c-alive/proj/pcam-5c.sdk/pcam_vdma_hdmi/Debug/pcam_vdma_hdmi.elf' is downloaded to processor 'ps7_cortexa9_0'.
17:59:46 INFO  : 'configparams force-mem-access 0' command is executed.
17:59:46 INFO  : ----------------XSDB Script----------------
connect -url tcp:127.0.0.1:3121
source C:/Users/fpga/Documents/Github/Zybo_Pcam/Zybo-Z7-20-pcam-5c-alive/proj/pcam-5c.sdk/system_wrapper_hw_platform_0/ps7_init.tcl
targets -set -nocase -filter {name =~"APU*" && jtag_cable_name =~ "Digilent Zybo Z7 210351A6C9E3A"} -index 0
loadhw -hw C:/Users/fpga/Documents/Github/Zybo_Pcam/Zybo-Z7-20-pcam-5c-alive/proj/pcam-5c.sdk/system_wrapper_hw_platform_0/system.hdf -mem-ranges [list {0x40000000 0xbfffffff}]
configparams force-mem-access 1
targets -set -nocase -filter {name =~"APU*" && jtag_cable_name =~ "Digilent Zybo Z7 210351A6C9E3A"} -index 0
stop
ps7_init
ps7_post_config
targets -set -nocase -filter {name =~ "ARM*#0" && jtag_cable_name =~ "Digilent Zybo Z7 210351A6C9E3A"} -index 0
rst -processor
targets -set -nocase -filter {name =~ "ARM*#0" && jtag_cable_name =~ "Digilent Zybo Z7 210351A6C9E3A"} -index 0
dow C:/Users/fpga/Documents/Github/Zybo_Pcam/Zybo-Z7-20-pcam-5c-alive/proj/pcam-5c.sdk/pcam_vdma_hdmi/Debug/pcam_vdma_hdmi.elf
configparams force-mem-access 0
----------------End of Script----------------

17:59:46 INFO  : Memory regions updated for context APU
17:59:46 INFO  : Context for processor 'ps7_cortexa9_0' is selected.
17:59:46 INFO  : 'con' command is executed.
17:59:46 INFO  : ----------------XSDB Script (After Launch)----------------
targets -set -nocase -filter {name =~ "ARM*#0" && jtag_cable_name =~ "Digilent Zybo Z7 210351A6C9E3A"} -index 0
con
----------------End of Script----------------

17:59:46 INFO  : Launch script is exported to file 'C:\Users\fpga\Documents\Github\Zybo_Pcam\Zybo-Z7-20-pcam-5c-alive\proj\pcam-5c.sdk\.sdk\launch_scripts\xilinx_c-c++_application_(system_debugger)\system_debugger_using_debug_pcam_vdma_hdmi.elf_on_local.tcl'
19:17:14 INFO  : SDK has detected change in the last modified timestamps for source hardware specification file Source:1579860774102,  Project:1579615663044
19:17:14 INFO  : Project system_wrapper_hw_platform_0's source hardware specification located at C:/Users/fpga/Documents/Github/Zybo_Pcam/Zybo-Z7-20-pcam-5c-alive/proj/pcam-5c.sdk/system_wrapper.hdf is now different from the local copy.
		 The local copy will be replaced with the source specification and your workspace will be updated.
19:17:22 INFO  : Copied contents of C:/Users/fpga/Documents/Github/Zybo_Pcam/Zybo-Z7-20-pcam-5c-alive/proj/pcam-5c.sdk/system_wrapper.hdf into \system_wrapper_hw_platform_0\system.hdf.
19:17:25 INFO  : Synchronizing projects in the workspace with the hardware platform specification changes.
19:17:29 INFO  : 
19:17:32 INFO  : 
19:17:32 INFO  : Updating hardware inferred compiler options for fsbl.
19:17:33 INFO  : Updating hardware inferred compiler options for pcam_vdma_hdmi.
19:17:33 INFO  : Clearing existing target manager status.
19:17:33 WARN  : Given IPC port value is invalid. Using default port 2350
19:17:33 WARN  : Given XMD timeout value is invalid. Using default value of 50000
19:17:34 WARN  : Given XMD transaction timeout value is invalid. Using default value of 60000 milli seconds
19:17:34 INFO  : Workspace synchronized with the new hardware specification file. Cleaning dependent projects...
19:17:38 WARN  : Linker script will not be updated automatically. Users need to update it manually.
19:27:15 INFO  : Connected to target on host '127.0.0.1' and port '3121'.
19:27:15 INFO  : 'targets -set -filter {jtag_cable_name =~ "Digilent Zybo Z7 210351A6C9E3A" && level==0} -index 1' command is executed.
19:27:17 INFO  : FPGA configured successfully with bitstream "C:/Users/fpga/Documents/Github/Zybo_Pcam/Zybo-Z7-20-pcam-5c-alive/proj/pcam-5c.sdk/system_wrapper_hw_platform_0/system_wrapper.bit"
19:27:23 INFO  : Disconnected from the channel tcfchan#3.
19:27:25 INFO  : 'targets -set -filter {jtag_cable_name =~ "Digilent Zybo Z7 210351A6C9E3A" && level==0} -index 1' command is executed.
19:27:25 INFO  : 'fpga -state' command is executed.
19:27:25 INFO  : Connected to target on host '127.0.0.1' and port '3121'.
19:27:25 INFO  : Jtag cable 'Digilent Zybo Z7 210351A6C9E3A' is selected.
19:27:25 INFO  : 'jtag frequency' command is executed.
19:27:25 INFO  : Sourcing of 'C:/Users/fpga/Documents/Github/Zybo_Pcam/Zybo-Z7-20-pcam-5c-alive/proj/pcam-5c.sdk/system_wrapper_hw_platform_0/ps7_init.tcl' is done.
19:27:25 INFO  : Context for 'APU' is selected.
19:27:25 INFO  : Hardware design information is loaded from 'C:/Users/fpga/Documents/Github/Zybo_Pcam/Zybo-Z7-20-pcam-5c-alive/proj/pcam-5c.sdk/system_wrapper_hw_platform_0/system.hdf'.
19:27:25 INFO  : 'configparams force-mem-access 1' command is executed.
19:27:25 INFO  : Context for 'APU' is selected.
19:27:25 INFO  : 'stop' command is executed.
19:27:26 INFO  : 'ps7_init' command is executed.
19:27:26 INFO  : 'ps7_post_config' command is executed.
19:27:26 INFO  : Context for processor 'ps7_cortexa9_0' is selected.
19:27:26 INFO  : Processor reset is completed for 'ps7_cortexa9_0'.
19:27:26 INFO  : Context for processor 'ps7_cortexa9_0' is selected.
19:27:26 INFO  : The application 'C:/Users/fpga/Documents/Github/Zybo_Pcam/Zybo-Z7-20-pcam-5c-alive/proj/pcam-5c.sdk/fsbl/Debug/fsbl.elf' is downloaded to processor 'ps7_cortexa9_0'.
19:27:26 INFO  : 'configparams force-mem-access 0' command is executed.
19:27:26 INFO  : ----------------XSDB Script----------------
connect -url tcp:127.0.0.1:3121
source C:/Users/fpga/Documents/Github/Zybo_Pcam/Zybo-Z7-20-pcam-5c-alive/proj/pcam-5c.sdk/system_wrapper_hw_platform_0/ps7_init.tcl
targets -set -nocase -filter {name =~"APU*" && jtag_cable_name =~ "Digilent Zybo Z7 210351A6C9E3A"} -index 0
loadhw -hw C:/Users/fpga/Documents/Github/Zybo_Pcam/Zybo-Z7-20-pcam-5c-alive/proj/pcam-5c.sdk/system_wrapper_hw_platform_0/system.hdf -mem-ranges [list {0x40000000 0xbfffffff}]
configparams force-mem-access 1
targets -set -nocase -filter {name =~"APU*" && jtag_cable_name =~ "Digilent Zybo Z7 210351A6C9E3A"} -index 0
stop
ps7_init
ps7_post_config
targets -set -nocase -filter {name =~ "ARM*#0" && jtag_cable_name =~ "Digilent Zybo Z7 210351A6C9E3A"} -index 0
rst -processor
targets -set -nocase -filter {name =~ "ARM*#0" && jtag_cable_name =~ "Digilent Zybo Z7 210351A6C9E3A"} -index 0
dow C:/Users/fpga/Documents/Github/Zybo_Pcam/Zybo-Z7-20-pcam-5c-alive/proj/pcam-5c.sdk/fsbl/Debug/fsbl.elf
configparams force-mem-access 0
----------------End of Script----------------

19:27:26 INFO  : Memory regions updated for context APU
19:27:26 INFO  : Context for processor 'ps7_cortexa9_0' is selected.
19:27:26 INFO  : 'con' command is executed.
19:27:26 INFO  : ----------------XSDB Script (After Launch)----------------
targets -set -nocase -filter {name =~ "ARM*#0" && jtag_cable_name =~ "Digilent Zybo Z7 210351A6C9E3A"} -index 0
con
----------------End of Script----------------

19:27:26 INFO  : Launch script is exported to file 'C:\Users\fpga\Documents\Github\Zybo_Pcam\Zybo-Z7-20-pcam-5c-alive\proj\pcam-5c.sdk\.sdk\launch_scripts\xilinx_c-c++_application_(system_debugger)\system_debugger_using_debug_fsbl.elf_on_local.tcl'
19:27:31 INFO  : Disconnected from the channel tcfchan#4.
19:27:32 INFO  : 'targets -set -filter {jtag_cable_name =~ "Digilent Zybo Z7 210351A6C9E3A" && level==0} -index 1' command is executed.
19:27:32 INFO  : 'fpga -state' command is executed.
19:27:32 INFO  : Connected to target on host '127.0.0.1' and port '3121'.
19:27:33 INFO  : Jtag cable 'Digilent Zybo Z7 210351A6C9E3A' is selected.
19:27:33 INFO  : 'jtag frequency' command is executed.
19:27:33 INFO  : Sourcing of 'C:/Users/fpga/Documents/Github/Zybo_Pcam/Zybo-Z7-20-pcam-5c-alive/proj/pcam-5c.sdk/system_wrapper_hw_platform_0/ps7_init.tcl' is done.
19:27:33 INFO  : Context for 'APU' is selected.
19:27:34 INFO  : Hardware design information is loaded from 'C:/Users/fpga/Documents/Github/Zybo_Pcam/Zybo-Z7-20-pcam-5c-alive/proj/pcam-5c.sdk/system_wrapper_hw_platform_0/system.hdf'.
19:27:34 INFO  : 'configparams force-mem-access 1' command is executed.
19:27:34 INFO  : Context for 'APU' is selected.
19:27:34 INFO  : 'stop' command is executed.
19:27:35 INFO  : 'ps7_init' command is executed.
19:27:35 INFO  : 'ps7_post_config' command is executed.
19:27:35 INFO  : Context for processor 'ps7_cortexa9_0' is selected.
19:27:35 INFO  : Processor reset is completed for 'ps7_cortexa9_0'.
19:27:35 INFO  : Context for processor 'ps7_cortexa9_0' is selected.
19:27:36 INFO  : The application 'C:/Users/fpga/Documents/Github/Zybo_Pcam/Zybo-Z7-20-pcam-5c-alive/proj/pcam-5c.sdk/pcam_vdma_hdmi/Debug/pcam_vdma_hdmi.elf' is downloaded to processor 'ps7_cortexa9_0'.
19:27:36 INFO  : 'configparams force-mem-access 0' command is executed.
19:27:36 INFO  : ----------------XSDB Script----------------
connect -url tcp:127.0.0.1:3121
source C:/Users/fpga/Documents/Github/Zybo_Pcam/Zybo-Z7-20-pcam-5c-alive/proj/pcam-5c.sdk/system_wrapper_hw_platform_0/ps7_init.tcl
targets -set -nocase -filter {name =~"APU*" && jtag_cable_name =~ "Digilent Zybo Z7 210351A6C9E3A"} -index 0
loadhw -hw C:/Users/fpga/Documents/Github/Zybo_Pcam/Zybo-Z7-20-pcam-5c-alive/proj/pcam-5c.sdk/system_wrapper_hw_platform_0/system.hdf -mem-ranges [list {0x40000000 0xbfffffff}]
configparams force-mem-access 1
targets -set -nocase -filter {name =~"APU*" && jtag_cable_name =~ "Digilent Zybo Z7 210351A6C9E3A"} -index 0
stop
ps7_init
ps7_post_config
targets -set -nocase -filter {name =~ "ARM*#0" && jtag_cable_name =~ "Digilent Zybo Z7 210351A6C9E3A"} -index 0
rst -processor
targets -set -nocase -filter {name =~ "ARM*#0" && jtag_cable_name =~ "Digilent Zybo Z7 210351A6C9E3A"} -index 0
dow C:/Users/fpga/Documents/Github/Zybo_Pcam/Zybo-Z7-20-pcam-5c-alive/proj/pcam-5c.sdk/pcam_vdma_hdmi/Debug/pcam_vdma_hdmi.elf
configparams force-mem-access 0
----------------End of Script----------------

19:27:36 INFO  : Memory regions updated for context APU
19:27:37 INFO  : Context for processor 'ps7_cortexa9_0' is selected.
19:27:37 INFO  : 'con' command is executed.
19:27:37 INFO  : ----------------XSDB Script (After Launch)----------------
targets -set -nocase -filter {name =~ "ARM*#0" && jtag_cable_name =~ "Digilent Zybo Z7 210351A6C9E3A"} -index 0
con
----------------End of Script----------------

19:27:37 INFO  : Launch script is exported to file 'C:\Users\fpga\Documents\Github\Zybo_Pcam\Zybo-Z7-20-pcam-5c-alive\proj\pcam-5c.sdk\.sdk\launch_scripts\xilinx_c-c++_application_(system_debugger)\system_debugger_using_debug_pcam_vdma_hdmi.elf_on_local.tcl'
19:46:20 INFO  : Connected to target on host '127.0.0.1' and port '3121'.
19:46:20 INFO  : 'targets -set -filter {jtag_cable_name =~ "Digilent Zybo Z7 210351A6C9E3A" && level==0} -index 1' command is executed.
19:46:22 INFO  : FPGA configured successfully with bitstream "C:/Users/fpga/Documents/Github/Zybo_Pcam/Zybo-Z7-20-pcam-5c-alive/proj/pcam-5c.sdk/system_wrapper_hw_platform_0/system_wrapper.bit"
19:46:30 INFO  : Disconnected from the channel tcfchan#5.
19:46:31 INFO  : 'targets -set -filter {jtag_cable_name =~ "Digilent Zybo Z7 210351A6C9E3A" && level==0} -index 1' command is executed.
19:46:31 INFO  : 'fpga -state' command is executed.
19:46:31 INFO  : Connected to target on host '127.0.0.1' and port '3121'.
19:46:32 INFO  : Jtag cable 'Digilent Zybo Z7 210351A6C9E3A' is selected.
19:46:32 INFO  : 'jtag frequency' command is executed.
19:46:32 INFO  : Sourcing of 'C:/Users/fpga/Documents/Github/Zybo_Pcam/Zybo-Z7-20-pcam-5c-alive/proj/pcam-5c.sdk/system_wrapper_hw_platform_0/ps7_init.tcl' is done.
19:46:32 INFO  : Context for 'APU' is selected.
19:46:32 INFO  : Hardware design information is loaded from 'C:/Users/fpga/Documents/Github/Zybo_Pcam/Zybo-Z7-20-pcam-5c-alive/proj/pcam-5c.sdk/system_wrapper_hw_platform_0/system.hdf'.
19:46:32 INFO  : 'configparams force-mem-access 1' command is executed.
19:46:32 INFO  : Context for 'APU' is selected.
19:46:32 INFO  : 'stop' command is executed.
19:46:32 INFO  : 'ps7_init' command is executed.
19:46:32 INFO  : 'ps7_post_config' command is executed.
19:46:32 INFO  : Context for processor 'ps7_cortexa9_0' is selected.
19:46:32 INFO  : Processor reset is completed for 'ps7_cortexa9_0'.
19:46:32 INFO  : Context for processor 'ps7_cortexa9_0' is selected.
19:46:32 INFO  : The application 'C:/Users/fpga/Documents/Github/Zybo_Pcam/Zybo-Z7-20-pcam-5c-alive/proj/pcam-5c.sdk/fsbl/Debug/fsbl.elf' is downloaded to processor 'ps7_cortexa9_0'.
19:46:32 INFO  : 'configparams force-mem-access 0' command is executed.
19:46:32 INFO  : ----------------XSDB Script----------------
connect -url tcp:127.0.0.1:3121
source C:/Users/fpga/Documents/Github/Zybo_Pcam/Zybo-Z7-20-pcam-5c-alive/proj/pcam-5c.sdk/system_wrapper_hw_platform_0/ps7_init.tcl
targets -set -nocase -filter {name =~"APU*" && jtag_cable_name =~ "Digilent Zybo Z7 210351A6C9E3A"} -index 0
loadhw -hw C:/Users/fpga/Documents/Github/Zybo_Pcam/Zybo-Z7-20-pcam-5c-alive/proj/pcam-5c.sdk/system_wrapper_hw_platform_0/system.hdf -mem-ranges [list {0x40000000 0xbfffffff}]
configparams force-mem-access 1
targets -set -nocase -filter {name =~"APU*" && jtag_cable_name =~ "Digilent Zybo Z7 210351A6C9E3A"} -index 0
stop
ps7_init
ps7_post_config
targets -set -nocase -filter {name =~ "ARM*#0" && jtag_cable_name =~ "Digilent Zybo Z7 210351A6C9E3A"} -index 0
rst -processor
targets -set -nocase -filter {name =~ "ARM*#0" && jtag_cable_name =~ "Digilent Zybo Z7 210351A6C9E3A"} -index 0
dow C:/Users/fpga/Documents/Github/Zybo_Pcam/Zybo-Z7-20-pcam-5c-alive/proj/pcam-5c.sdk/fsbl/Debug/fsbl.elf
configparams force-mem-access 0
----------------End of Script----------------

19:46:32 INFO  : Memory regions updated for context APU
19:46:33 INFO  : Context for processor 'ps7_cortexa9_0' is selected.
19:46:33 INFO  : 'con' command is executed.
19:46:33 INFO  : ----------------XSDB Script (After Launch)----------------
targets -set -nocase -filter {name =~ "ARM*#0" && jtag_cable_name =~ "Digilent Zybo Z7 210351A6C9E3A"} -index 0
con
----------------End of Script----------------

19:46:33 INFO  : Launch script is exported to file 'C:\Users\fpga\Documents\Github\Zybo_Pcam\Zybo-Z7-20-pcam-5c-alive\proj\pcam-5c.sdk\.sdk\launch_scripts\xilinx_c-c++_application_(system_debugger)\system_debugger_using_debug_fsbl.elf_on_local.tcl'
19:46:36 INFO  : Disconnected from the channel tcfchan#6.
19:46:37 INFO  : 'targets -set -filter {jtag_cable_name =~ "Digilent Zybo Z7 210351A6C9E3A" && level==0} -index 1' command is executed.
19:46:37 INFO  : 'fpga -state' command is executed.
19:46:37 INFO  : Connected to target on host '127.0.0.1' and port '3121'.
19:46:38 INFO  : Jtag cable 'Digilent Zybo Z7 210351A6C9E3A' is selected.
19:46:38 INFO  : 'jtag frequency' command is executed.
19:46:38 INFO  : Sourcing of 'C:/Users/fpga/Documents/Github/Zybo_Pcam/Zybo-Z7-20-pcam-5c-alive/proj/pcam-5c.sdk/system_wrapper_hw_platform_0/ps7_init.tcl' is done.
19:46:38 INFO  : Context for 'APU' is selected.
19:46:38 INFO  : Hardware design information is loaded from 'C:/Users/fpga/Documents/Github/Zybo_Pcam/Zybo-Z7-20-pcam-5c-alive/proj/pcam-5c.sdk/system_wrapper_hw_platform_0/system.hdf'.
19:46:38 INFO  : 'configparams force-mem-access 1' command is executed.
19:46:38 INFO  : Context for 'APU' is selected.
19:46:38 INFO  : 'stop' command is executed.
19:46:38 INFO  : 'ps7_init' command is executed.
19:46:38 INFO  : 'ps7_post_config' command is executed.
19:46:38 INFO  : Context for processor 'ps7_cortexa9_0' is selected.
19:46:38 INFO  : Processor reset is completed for 'ps7_cortexa9_0'.
19:46:38 INFO  : Context for processor 'ps7_cortexa9_0' is selected.
19:46:40 INFO  : The application 'C:/Users/fpga/Documents/Github/Zybo_Pcam/Zybo-Z7-20-pcam-5c-alive/proj/pcam-5c.sdk/pcam_vdma_hdmi/Debug/pcam_vdma_hdmi.elf' is downloaded to processor 'ps7_cortexa9_0'.
19:46:40 INFO  : 'configparams force-mem-access 0' command is executed.
19:46:40 INFO  : ----------------XSDB Script----------------
connect -url tcp:127.0.0.1:3121
source C:/Users/fpga/Documents/Github/Zybo_Pcam/Zybo-Z7-20-pcam-5c-alive/proj/pcam-5c.sdk/system_wrapper_hw_platform_0/ps7_init.tcl
targets -set -nocase -filter {name =~"APU*" && jtag_cable_name =~ "Digilent Zybo Z7 210351A6C9E3A"} -index 0
loadhw -hw C:/Users/fpga/Documents/Github/Zybo_Pcam/Zybo-Z7-20-pcam-5c-alive/proj/pcam-5c.sdk/system_wrapper_hw_platform_0/system.hdf -mem-ranges [list {0x40000000 0xbfffffff}]
configparams force-mem-access 1
targets -set -nocase -filter {name =~"APU*" && jtag_cable_name =~ "Digilent Zybo Z7 210351A6C9E3A"} -index 0
stop
ps7_init
ps7_post_config
targets -set -nocase -filter {name =~ "ARM*#0" && jtag_cable_name =~ "Digilent Zybo Z7 210351A6C9E3A"} -index 0
rst -processor
targets -set -nocase -filter {name =~ "ARM*#0" && jtag_cable_name =~ "Digilent Zybo Z7 210351A6C9E3A"} -index 0
dow C:/Users/fpga/Documents/Github/Zybo_Pcam/Zybo-Z7-20-pcam-5c-alive/proj/pcam-5c.sdk/pcam_vdma_hdmi/Debug/pcam_vdma_hdmi.elf
configparams force-mem-access 0
----------------End of Script----------------

19:46:40 INFO  : Memory regions updated for context APU
19:46:40 INFO  : Context for processor 'ps7_cortexa9_0' is selected.
19:46:40 INFO  : 'con' command is executed.
19:46:40 INFO  : ----------------XSDB Script (After Launch)----------------
targets -set -nocase -filter {name =~ "ARM*#0" && jtag_cable_name =~ "Digilent Zybo Z7 210351A6C9E3A"} -index 0
con
----------------End of Script----------------

19:46:40 INFO  : Launch script is exported to file 'C:\Users\fpga\Documents\Github\Zybo_Pcam\Zybo-Z7-20-pcam-5c-alive\proj\pcam-5c.sdk\.sdk\launch_scripts\xilinx_c-c++_application_(system_debugger)\system_debugger_using_debug_pcam_vdma_hdmi.elf_on_local.tcl'
20:17:01 INFO  : Connected to target on host '127.0.0.1' and port '3121'.
20:17:01 INFO  : 'targets -set -filter {jtag_cable_name =~ "Digilent Zybo Z7 210351A6C9E3A" && level==0} -index 1' command is executed.
20:17:03 INFO  : FPGA configured successfully with bitstream "C:/Users/fpga/Documents/Github/Zybo_Pcam/Zybo-Z7-20-pcam-5c-alive/proj/pcam-5c.sdk/system_wrapper_hw_platform_0/system_wrapper.bit"
20:17:08 INFO  : Disconnected from the channel tcfchan#7.
20:17:09 INFO  : 'targets -set -filter {jtag_cable_name =~ "Digilent Zybo Z7 210351A6C9E3A" && level==0} -index 1' command is executed.
20:17:09 INFO  : 'fpga -state' command is executed.
20:17:09 INFO  : Connected to target on host '127.0.0.1' and port '3121'.
20:17:09 INFO  : Jtag cable 'Digilent Zybo Z7 210351A6C9E3A' is selected.
20:17:09 INFO  : 'jtag frequency' command is executed.
20:17:09 INFO  : Sourcing of 'C:/Users/fpga/Documents/Github/Zybo_Pcam/Zybo-Z7-20-pcam-5c-alive/proj/pcam-5c.sdk/system_wrapper_hw_platform_0/ps7_init.tcl' is done.
20:17:09 INFO  : Context for 'APU' is selected.
20:17:09 INFO  : Hardware design information is loaded from 'C:/Users/fpga/Documents/Github/Zybo_Pcam/Zybo-Z7-20-pcam-5c-alive/proj/pcam-5c.sdk/system_wrapper_hw_platform_0/system.hdf'.
20:17:09 INFO  : 'configparams force-mem-access 1' command is executed.
20:17:09 INFO  : Context for 'APU' is selected.
20:17:09 INFO  : 'stop' command is executed.
20:17:10 INFO  : 'ps7_init' command is executed.
20:17:10 INFO  : 'ps7_post_config' command is executed.
20:17:10 INFO  : Context for processor 'ps7_cortexa9_0' is selected.
20:17:10 INFO  : Processor reset is completed for 'ps7_cortexa9_0'.
20:17:10 INFO  : Context for processor 'ps7_cortexa9_0' is selected.
20:17:10 INFO  : The application 'C:/Users/fpga/Documents/Github/Zybo_Pcam/Zybo-Z7-20-pcam-5c-alive/proj/pcam-5c.sdk/fsbl/Debug/fsbl.elf' is downloaded to processor 'ps7_cortexa9_0'.
20:17:10 INFO  : 'configparams force-mem-access 0' command is executed.
20:17:10 INFO  : ----------------XSDB Script----------------
connect -url tcp:127.0.0.1:3121
source C:/Users/fpga/Documents/Github/Zybo_Pcam/Zybo-Z7-20-pcam-5c-alive/proj/pcam-5c.sdk/system_wrapper_hw_platform_0/ps7_init.tcl
targets -set -nocase -filter {name =~"APU*" && jtag_cable_name =~ "Digilent Zybo Z7 210351A6C9E3A"} -index 0
loadhw -hw C:/Users/fpga/Documents/Github/Zybo_Pcam/Zybo-Z7-20-pcam-5c-alive/proj/pcam-5c.sdk/system_wrapper_hw_platform_0/system.hdf -mem-ranges [list {0x40000000 0xbfffffff}]
configparams force-mem-access 1
targets -set -nocase -filter {name =~"APU*" && jtag_cable_name =~ "Digilent Zybo Z7 210351A6C9E3A"} -index 0
stop
ps7_init
ps7_post_config
targets -set -nocase -filter {name =~ "ARM*#0" && jtag_cable_name =~ "Digilent Zybo Z7 210351A6C9E3A"} -index 0
rst -processor
targets -set -nocase -filter {name =~ "ARM*#0" && jtag_cable_name =~ "Digilent Zybo Z7 210351A6C9E3A"} -index 0
dow C:/Users/fpga/Documents/Github/Zybo_Pcam/Zybo-Z7-20-pcam-5c-alive/proj/pcam-5c.sdk/fsbl/Debug/fsbl.elf
configparams force-mem-access 0
----------------End of Script----------------

20:17:10 INFO  : Memory regions updated for context APU
20:17:10 INFO  : Context for processor 'ps7_cortexa9_0' is selected.
20:17:10 INFO  : 'con' command is executed.
20:17:10 INFO  : ----------------XSDB Script (After Launch)----------------
targets -set -nocase -filter {name =~ "ARM*#0" && jtag_cable_name =~ "Digilent Zybo Z7 210351A6C9E3A"} -index 0
con
----------------End of Script----------------

20:17:10 INFO  : Launch script is exported to file 'C:\Users\fpga\Documents\Github\Zybo_Pcam\Zybo-Z7-20-pcam-5c-alive\proj\pcam-5c.sdk\.sdk\launch_scripts\xilinx_c-c++_application_(system_debugger)\system_debugger_using_debug_fsbl.elf_on_local.tcl'
20:17:15 INFO  : Disconnected from the channel tcfchan#8.
20:17:16 INFO  : 'targets -set -filter {jtag_cable_name =~ "Digilent Zybo Z7 210351A6C9E3A" && level==0} -index 1' command is executed.
20:17:16 INFO  : 'fpga -state' command is executed.
20:17:16 INFO  : Connected to target on host '127.0.0.1' and port '3121'.
20:17:16 INFO  : Jtag cable 'Digilent Zybo Z7 210351A6C9E3A' is selected.
20:17:16 INFO  : 'jtag frequency' command is executed.
20:17:16 INFO  : Sourcing of 'C:/Users/fpga/Documents/Github/Zybo_Pcam/Zybo-Z7-20-pcam-5c-alive/proj/pcam-5c.sdk/system_wrapper_hw_platform_0/ps7_init.tcl' is done.
20:17:16 INFO  : Context for 'APU' is selected.
20:17:16 INFO  : Hardware design information is loaded from 'C:/Users/fpga/Documents/Github/Zybo_Pcam/Zybo-Z7-20-pcam-5c-alive/proj/pcam-5c.sdk/system_wrapper_hw_platform_0/system.hdf'.
20:17:16 INFO  : 'configparams force-mem-access 1' command is executed.
20:17:16 INFO  : Context for 'APU' is selected.
20:17:16 INFO  : 'stop' command is executed.
20:17:17 INFO  : 'ps7_init' command is executed.
20:17:17 INFO  : 'ps7_post_config' command is executed.
20:17:17 INFO  : Context for processor 'ps7_cortexa9_0' is selected.
20:17:17 INFO  : Processor reset is completed for 'ps7_cortexa9_0'.
20:17:17 INFO  : Context for processor 'ps7_cortexa9_0' is selected.
20:17:18 INFO  : The application 'C:/Users/fpga/Documents/Github/Zybo_Pcam/Zybo-Z7-20-pcam-5c-alive/proj/pcam-5c.sdk/pcam_vdma_hdmi/Debug/pcam_vdma_hdmi.elf' is downloaded to processor 'ps7_cortexa9_0'.
20:17:18 INFO  : 'configparams force-mem-access 0' command is executed.
20:17:18 INFO  : ----------------XSDB Script----------------
connect -url tcp:127.0.0.1:3121
source C:/Users/fpga/Documents/Github/Zybo_Pcam/Zybo-Z7-20-pcam-5c-alive/proj/pcam-5c.sdk/system_wrapper_hw_platform_0/ps7_init.tcl
targets -set -nocase -filter {name =~"APU*" && jtag_cable_name =~ "Digilent Zybo Z7 210351A6C9E3A"} -index 0
loadhw -hw C:/Users/fpga/Documents/Github/Zybo_Pcam/Zybo-Z7-20-pcam-5c-alive/proj/pcam-5c.sdk/system_wrapper_hw_platform_0/system.hdf -mem-ranges [list {0x40000000 0xbfffffff}]
configparams force-mem-access 1
targets -set -nocase -filter {name =~"APU*" && jtag_cable_name =~ "Digilent Zybo Z7 210351A6C9E3A"} -index 0
stop
ps7_init
ps7_post_config
targets -set -nocase -filter {name =~ "ARM*#0" && jtag_cable_name =~ "Digilent Zybo Z7 210351A6C9E3A"} -index 0
rst -processor
targets -set -nocase -filter {name =~ "ARM*#0" && jtag_cable_name =~ "Digilent Zybo Z7 210351A6C9E3A"} -index 0
dow C:/Users/fpga/Documents/Github/Zybo_Pcam/Zybo-Z7-20-pcam-5c-alive/proj/pcam-5c.sdk/pcam_vdma_hdmi/Debug/pcam_vdma_hdmi.elf
configparams force-mem-access 0
----------------End of Script----------------

20:17:19 INFO  : Memory regions updated for context APU
20:17:19 INFO  : Context for processor 'ps7_cortexa9_0' is selected.
20:17:19 INFO  : 'con' command is executed.
20:17:19 INFO  : ----------------XSDB Script (After Launch)----------------
targets -set -nocase -filter {name =~ "ARM*#0" && jtag_cable_name =~ "Digilent Zybo Z7 210351A6C9E3A"} -index 0
con
----------------End of Script----------------

20:17:19 INFO  : Launch script is exported to file 'C:\Users\fpga\Documents\Github\Zybo_Pcam\Zybo-Z7-20-pcam-5c-alive\proj\pcam-5c.sdk\.sdk\launch_scripts\xilinx_c-c++_application_(system_debugger)\system_debugger_using_debug_pcam_vdma_hdmi.elf_on_local.tcl'
23:12:16 INFO  : SDK has detected change in the last modified timestamps for source hardware specification file Source:1579871781732,  Project:1579860774102
23:12:16 INFO  : Project system_wrapper_hw_platform_0's source hardware specification located at C:/Users/fpga/Documents/Github/Zybo_Pcam/Zybo-Z7-20-pcam-5c-alive/proj/pcam-5c.sdk/system_wrapper.hdf is now different from the local copy.
		 The local copy will be replaced with the source specification and your workspace will be updated.
23:12:18 INFO  : Copied contents of C:/Users/fpga/Documents/Github/Zybo_Pcam/Zybo-Z7-20-pcam-5c-alive/proj/pcam-5c.sdk/system_wrapper.hdf into \system_wrapper_hw_platform_0\system.hdf.
23:12:22 INFO  : Synchronizing projects in the workspace with the hardware platform specification changes.
23:12:26 INFO  : 
23:12:28 INFO  : 
23:12:29 INFO  : Updating hardware inferred compiler options for fsbl.
23:12:30 INFO  : Updating hardware inferred compiler options for pcam_vdma_hdmi.
23:12:30 INFO  : Clearing existing target manager status.
23:12:30 INFO  : Workspace synchronized with the new hardware specification file. Cleaning dependent projects...
23:12:33 WARN  : Linker script will not be updated automatically. Users need to update it manually.
23:20:29 INFO  : Disconnected from the channel tcfchan#9.
23:20:29 ERROR : Unexpected error while parsing XMD response ?: com.google.gson.JsonSyntaxException: com.google.gson.stream.MalformedJsonException: invalid number or unquoted string near 
20:39:27 INFO  : Registering command handlers for SDK TCF services
20:39:27 INFO  : Launching XSCT server: xsct.bat -interactive C:\Users\fpga\Documents\Github\Zybo_Pcam\Zybo-Z7-20-pcam-5c-alive\proj\pcam-5c.sdk\temp_xsdb_launch_script.tcl
20:39:29 INFO  : XSCT server has started successfully.
20:39:29 INFO  : Successfully done setting XSCT server connection channel  
20:39:31 INFO  : Successfully done setting SDK workspace  
20:39:31 INFO  : Processing command line option -hwspec C:/Users/fpga/Documents/Github/Zybo_Pcam/Zybo-Z7-20-pcam-5c-alive/proj/pcam-5c.sdk/system_wrapper.hdf.
20:39:31 INFO  : Checking for hwspec changes in the project system_wrapper_hw_platform_0.
20:39:39 INFO  : Connected to target on host '127.0.0.1' and port '3121'.
20:39:40 INFO  : 'targets -set -filter {jtag_cable_name =~ "Digilent Zybo Z7 210351A6C9E3A" && level==0} -index 1' command is executed.
20:39:43 INFO  : FPGA configured successfully with bitstream "C:/Users/fpga/Documents/Github/Zybo_Pcam/Zybo-Z7-20-pcam-5c-alive/proj/pcam-5c.sdk/system_wrapper_hw_platform_0/system_wrapper.bit"
20:39:51 INFO  : 'targets -set -filter {jtag_cable_name =~ "Digilent Zybo Z7 210351A6C9E3A" && level==0} -index 1' command is executed.
20:39:51 INFO  : 'fpga -state' command is executed.
20:39:51 INFO  : Connected to target on host '127.0.0.1' and port '3121'.
20:39:51 INFO  : Jtag cable 'Digilent Zybo Z7 210351A6C9E3A' is selected.
20:39:51 INFO  : 'jtag frequency' command is executed.
20:39:51 INFO  : Sourcing of 'C:/Users/fpga/Documents/Github/Zybo_Pcam/Zybo-Z7-20-pcam-5c-alive/proj/pcam-5c.sdk/system_wrapper_hw_platform_0/ps7_init.tcl' is done.
20:39:51 INFO  : Context for 'APU' is selected.
20:39:51 INFO  : Hardware design information is loaded from 'C:/Users/fpga/Documents/Github/Zybo_Pcam/Zybo-Z7-20-pcam-5c-alive/proj/pcam-5c.sdk/system_wrapper_hw_platform_0/system.hdf'.
20:39:51 INFO  : 'configparams force-mem-access 1' command is executed.
20:39:51 INFO  : Context for 'APU' is selected.
20:39:51 INFO  : 'stop' command is executed.
20:39:51 INFO  : 'ps7_init' command is executed.
20:39:51 INFO  : 'ps7_post_config' command is executed.
20:39:51 INFO  : Context for processor 'ps7_cortexa9_0' is selected.
20:39:51 INFO  : Processor reset is completed for 'ps7_cortexa9_0'.
20:39:51 INFO  : Context for processor 'ps7_cortexa9_0' is selected.
20:39:52 INFO  : The application 'C:/Users/fpga/Documents/Github/Zybo_Pcam/Zybo-Z7-20-pcam-5c-alive/proj/pcam-5c.sdk/fsbl/Debug/fsbl.elf' is downloaded to processor 'ps7_cortexa9_0'.
20:39:52 INFO  : 'configparams force-mem-access 0' command is executed.
20:39:52 INFO  : ----------------XSDB Script----------------
connect -url tcp:127.0.0.1:3121
source C:/Users/fpga/Documents/Github/Zybo_Pcam/Zybo-Z7-20-pcam-5c-alive/proj/pcam-5c.sdk/system_wrapper_hw_platform_0/ps7_init.tcl
targets -set -nocase -filter {name =~"APU*" && jtag_cable_name =~ "Digilent Zybo Z7 210351A6C9E3A"} -index 0
loadhw -hw C:/Users/fpga/Documents/Github/Zybo_Pcam/Zybo-Z7-20-pcam-5c-alive/proj/pcam-5c.sdk/system_wrapper_hw_platform_0/system.hdf -mem-ranges [list {0x40000000 0xbfffffff}]
configparams force-mem-access 1
targets -set -nocase -filter {name =~"APU*" && jtag_cable_name =~ "Digilent Zybo Z7 210351A6C9E3A"} -index 0
stop
ps7_init
ps7_post_config
targets -set -nocase -filter {name =~ "ARM*#0" && jtag_cable_name =~ "Digilent Zybo Z7 210351A6C9E3A"} -index 0
rst -processor
targets -set -nocase -filter {name =~ "ARM*#0" && jtag_cable_name =~ "Digilent Zybo Z7 210351A6C9E3A"} -index 0
dow C:/Users/fpga/Documents/Github/Zybo_Pcam/Zybo-Z7-20-pcam-5c-alive/proj/pcam-5c.sdk/fsbl/Debug/fsbl.elf
configparams force-mem-access 0
----------------End of Script----------------

20:39:52 INFO  : Memory regions updated for context APU
20:39:52 INFO  : Context for processor 'ps7_cortexa9_0' is selected.
20:39:52 INFO  : 'con' command is executed.
20:39:52 INFO  : ----------------XSDB Script (After Launch)----------------
targets -set -nocase -filter {name =~ "ARM*#0" && jtag_cable_name =~ "Digilent Zybo Z7 210351A6C9E3A"} -index 0
con
----------------End of Script----------------

20:39:52 INFO  : Launch script is exported to file 'C:\Users\fpga\Documents\Github\Zybo_Pcam\Zybo-Z7-20-pcam-5c-alive\proj\pcam-5c.sdk\.sdk\launch_scripts\xilinx_c-c++_application_(system_debugger)\system_debugger_using_debug_fsbl.elf_on_local.tcl'
20:39:58 INFO  : 'targets -set -filter {jtag_cable_name =~ "Digilent Zybo Z7 210351A6C9E3A" && level==0} -index 1' command is executed.
20:39:58 INFO  : 'fpga -state' command is executed.
20:39:58 INFO  : Connected to target on host '127.0.0.1' and port '3121'.
20:39:58 INFO  : Jtag cable 'Digilent Zybo Z7 210351A6C9E3A' is selected.
20:39:58 INFO  : 'jtag frequency' command is executed.
20:39:58 INFO  : Sourcing of 'C:/Users/fpga/Documents/Github/Zybo_Pcam/Zybo-Z7-20-pcam-5c-alive/proj/pcam-5c.sdk/system_wrapper_hw_platform_0/ps7_init.tcl' is done.
20:39:58 INFO  : Context for 'APU' is selected.
20:39:58 INFO  : Hardware design information is loaded from 'C:/Users/fpga/Documents/Github/Zybo_Pcam/Zybo-Z7-20-pcam-5c-alive/proj/pcam-5c.sdk/system_wrapper_hw_platform_0/system.hdf'.
20:39:58 INFO  : 'configparams force-mem-access 1' command is executed.
20:39:58 INFO  : Context for 'APU' is selected.
20:39:58 INFO  : 'stop' command is executed.
20:39:58 INFO  : 'ps7_init' command is executed.
20:39:58 INFO  : 'ps7_post_config' command is executed.
20:39:58 INFO  : Context for processor 'ps7_cortexa9_0' is selected.
20:39:58 INFO  : Processor reset is completed for 'ps7_cortexa9_0'.
20:39:58 INFO  : Context for processor 'ps7_cortexa9_0' is selected.
20:40:00 INFO  : The application 'C:/Users/fpga/Documents/Github/Zybo_Pcam/Zybo-Z7-20-pcam-5c-alive/proj/pcam-5c.sdk/pcam_vdma_hdmi/Debug/pcam_vdma_hdmi.elf' is downloaded to processor 'ps7_cortexa9_0'.
20:40:00 INFO  : 'configparams force-mem-access 0' command is executed.
20:40:00 INFO  : ----------------XSDB Script----------------
connect -url tcp:127.0.0.1:3121
source C:/Users/fpga/Documents/Github/Zybo_Pcam/Zybo-Z7-20-pcam-5c-alive/proj/pcam-5c.sdk/system_wrapper_hw_platform_0/ps7_init.tcl
targets -set -nocase -filter {name =~"APU*" && jtag_cable_name =~ "Digilent Zybo Z7 210351A6C9E3A"} -index 0
loadhw -hw C:/Users/fpga/Documents/Github/Zybo_Pcam/Zybo-Z7-20-pcam-5c-alive/proj/pcam-5c.sdk/system_wrapper_hw_platform_0/system.hdf -mem-ranges [list {0x40000000 0xbfffffff}]
configparams force-mem-access 1
targets -set -nocase -filter {name =~"APU*" && jtag_cable_name =~ "Digilent Zybo Z7 210351A6C9E3A"} -index 0
stop
ps7_init
ps7_post_config
targets -set -nocase -filter {name =~ "ARM*#0" && jtag_cable_name =~ "Digilent Zybo Z7 210351A6C9E3A"} -index 0
rst -processor
targets -set -nocase -filter {name =~ "ARM*#0" && jtag_cable_name =~ "Digilent Zybo Z7 210351A6C9E3A"} -index 0
dow C:/Users/fpga/Documents/Github/Zybo_Pcam/Zybo-Z7-20-pcam-5c-alive/proj/pcam-5c.sdk/pcam_vdma_hdmi/Debug/pcam_vdma_hdmi.elf
configparams force-mem-access 0
----------------End of Script----------------

20:40:00 INFO  : Memory regions updated for context APU
20:40:00 INFO  : Context for processor 'ps7_cortexa9_0' is selected.
20:40:00 INFO  : 'con' command is executed.
20:40:00 INFO  : ----------------XSDB Script (After Launch)----------------
targets -set -nocase -filter {name =~ "ARM*#0" && jtag_cable_name =~ "Digilent Zybo Z7 210351A6C9E3A"} -index 0
con
----------------End of Script----------------

20:40:00 INFO  : Launch script is exported to file 'C:\Users\fpga\Documents\Github\Zybo_Pcam\Zybo-Z7-20-pcam-5c-alive\proj\pcam-5c.sdk\.sdk\launch_scripts\performance_analysis\performance_analysis_using_debug_pcam_vdma_hdmi.elf_on_local.tcl'
20:40:01 INFO  : Performance data for 'PS' will be exported to the file 'C:\Users\fpga\Documents\Github\Zybo_Pcam\Zybo-Z7-20-pcam-5c-alive\proj\pcam-5c.sdk\system_wrapper_hw_platform_0_Traces\Traces\Run_1-27_20-40\PS_Trace_1-27_20-40\trace'
20:40:01 INFO  : Added tracing folder 'C:\Users\fpga\Documents\Github\Zybo_Pcam\Zybo-Z7-20-pcam-5c-alive\proj\pcam-5c.sdk\system_wrapper_hw_platform_0_Traces\Traces\Run_1-27_20-40\PS_Trace_1-27_20-40' into  'system_wrapper_hw_platform_0_Traces'
20:40:01 INFO  : Attempting to open tracing file 'PS_Trace_1-27_20-40'
20:40:08 INFO  : Disconnected from the channel tcfchan#1.
20:40:09 INFO  : 'targets -set -filter {jtag_cable_name =~ "Digilent Zybo Z7 210351A6C9E3A" && level==0} -index 1' command is executed.
20:40:09 INFO  : 'fpga -state' command is executed.
20:40:09 INFO  : Connected to target on host '127.0.0.1' and port '3121'.
20:40:10 INFO  : Jtag cable 'Digilent Zybo Z7 210351A6C9E3A' is selected.
20:40:10 INFO  : 'jtag frequency' command is executed.
20:40:10 INFO  : Sourcing of 'C:/Users/fpga/Documents/Github/Zybo_Pcam/Zybo-Z7-20-pcam-5c-alive/proj/pcam-5c.sdk/system_wrapper_hw_platform_0/ps7_init.tcl' is done.
20:40:10 INFO  : Context for 'APU' is selected.
20:40:11 INFO  : Hardware design information is loaded from 'C:/Users/fpga/Documents/Github/Zybo_Pcam/Zybo-Z7-20-pcam-5c-alive/proj/pcam-5c.sdk/system_wrapper_hw_platform_0/system.hdf'.
20:40:12 INFO  : 'configparams force-mem-access 1' command is executed.
20:40:12 INFO  : Context for 'APU' is selected.
20:40:12 INFO  : 'stop' command is executed.
20:40:12 INFO  : 'ps7_init' command is executed.
20:40:12 INFO  : 'ps7_post_config' command is executed.
20:40:12 INFO  : Context for processor 'ps7_cortexa9_0' is selected.
20:40:12 INFO  : Processor reset is completed for 'ps7_cortexa9_0'.
20:40:12 INFO  : Context for processor 'ps7_cortexa9_0' is selected.
20:40:14 INFO  : The application 'C:/Users/fpga/Documents/Github/Zybo_Pcam/Zybo-Z7-20-pcam-5c-alive/proj/pcam-5c.sdk/pcam_vdma_hdmi/Debug/pcam_vdma_hdmi.elf' is downloaded to processor 'ps7_cortexa9_0'.
20:40:14 INFO  : 'configparams force-mem-access 0' command is executed.
20:40:14 INFO  : ----------------XSDB Script----------------
connect -url tcp:127.0.0.1:3121
source C:/Users/fpga/Documents/Github/Zybo_Pcam/Zybo-Z7-20-pcam-5c-alive/proj/pcam-5c.sdk/system_wrapper_hw_platform_0/ps7_init.tcl
targets -set -nocase -filter {name =~"APU*" && jtag_cable_name =~ "Digilent Zybo Z7 210351A6C9E3A"} -index 0
loadhw -hw C:/Users/fpga/Documents/Github/Zybo_Pcam/Zybo-Z7-20-pcam-5c-alive/proj/pcam-5c.sdk/system_wrapper_hw_platform_0/system.hdf -mem-ranges [list {0x40000000 0xbfffffff}]
configparams force-mem-access 1
targets -set -nocase -filter {name =~"APU*" && jtag_cable_name =~ "Digilent Zybo Z7 210351A6C9E3A"} -index 0
stop
ps7_init
ps7_post_config
targets -set -nocase -filter {name =~ "ARM*#0" && jtag_cable_name =~ "Digilent Zybo Z7 210351A6C9E3A"} -index 0
rst -processor
targets -set -nocase -filter {name =~ "ARM*#0" && jtag_cable_name =~ "Digilent Zybo Z7 210351A6C9E3A"} -index 0
dow C:/Users/fpga/Documents/Github/Zybo_Pcam/Zybo-Z7-20-pcam-5c-alive/proj/pcam-5c.sdk/pcam_vdma_hdmi/Debug/pcam_vdma_hdmi.elf
configparams force-mem-access 0
----------------End of Script----------------

20:40:14 INFO  : Memory regions updated for context APU
20:40:14 INFO  : Context for processor 'ps7_cortexa9_0' is selected.
20:40:14 INFO  : 'con' command is executed.
20:40:14 INFO  : ----------------XSDB Script (After Launch)----------------
targets -set -nocase -filter {name =~ "ARM*#0" && jtag_cable_name =~ "Digilent Zybo Z7 210351A6C9E3A"} -index 0
con
----------------End of Script----------------

20:40:14 INFO  : Launch script is exported to file 'C:\Users\fpga\Documents\Github\Zybo_Pcam\Zybo-Z7-20-pcam-5c-alive\proj\pcam-5c.sdk\.sdk\launch_scripts\xilinx_c-c++_application_(system_debugger)\system_debugger_using_debug_pcam_vdma_hdmi.elf_on_local.tcl'
