
*** Running vivado
    with args -log system_AXI_BayerToRGB_1_0.vds -m64 -product Vivado -mode batch -messageDb vivado.pb -notrace -source system_AXI_BayerToRGB_1_0.tcl


****** Vivado v2017.4 (64-bit)
  **** SW Build 2086221 on Fri Dec 15 20:55:39 MST 2017
  **** IP Build 2085800 on Fri Dec 15 22:25:07 MST 2017
    ** Copyright 1986-2017 Xilinx, Inc. All Rights Reserved.

source system_AXI_BayerToRGB_1_0.tcl -notrace
Command: synth_design -top system_AXI_BayerToRGB_1_0 -part xc7z020clg400-1 -mode out_of_context
Starting synth_design
Attempting to get a license for feature 'Synthesis' and/or device 'xc7z020'
INFO: [Common 17-349] Got license for feature 'Synthesis' and/or device 'xc7z020'
INFO: Launching helper process for spawning children vivado processes
INFO: Helper process launched with PID 2452 
---------------------------------------------------------------------------------
Starting RTL Elaboration : Time (s): cpu = 00:00:08 ; elapsed = 00:00:08 . Memory (MB): peak = 365.730 ; gain = 101.453
---------------------------------------------------------------------------------
ERROR: [Synth 8-2715] syntax error near 3 [c:/Github/Zybo_Pcam/Zybo-Z7-20-pcam-5c-modifyIP2/src/bd/system/ipshared/40b8/hdl/AXI_BayerToRGB.vhd:90]
INFO: [Synth 8-2810] unit rtl ignored due to previous errors [c:/Github/Zybo_Pcam/Zybo-Z7-20-pcam-5c-modifyIP2/src/bd/system/ipshared/40b8/hdl/AXI_BayerToRGB.vhd:90]
---------------------------------------------------------------------------------
Finished RTL Elaboration : Time (s): cpu = 00:00:09 ; elapsed = 00:00:09 . Memory (MB): peak = 415.266 ; gain = 150.988
---------------------------------------------------------------------------------
RTL Elaboration failed
INFO: [Common 17-83] Releasing license: Synthesis
3 Infos, 0 Warnings, 0 Critical Warnings and 2 Errors encountered.
synth_design failed
ERROR: [Common 17-69] Command failed: Synthesis failed - please see the console or run log file for details
INFO: [Common 17-206] Exiting Vivado at Wed Jan  8 17:39:01 2020...
