#-----------------------------------------------------------
# Vivado v2018.2.2 (64-bit)
# SW Build 2348494 on Mon Oct  1 18:25:44 MDT 2018
# IP Build 2318053 on Mon Oct  1 21:44:26 MDT 2018
# Start of session at: Tue Oct 15 12:40:13 2019
# Process ID: 17168
# Current directory: C:/Users/odamian/AppData/Roaming/Xilinx/Vivado
# Command line: vivado.exe -gui_launcher_event rodinguilauncherevent15916
# Log file: C:/Users/odamian/AppData/Roaming/Xilinx/Vivado/vivado.log
# Journal file: C:/Users/odamian/AppData/Roaming/Xilinx/Vivado\vivado.jou
#-----------------------------------------------------------
start_gui
open_project D:/repos/Zybo-Z7-20-pcam-5c/proj/Zybo-Z7-20-pcam-5c.xpr
Scanning sources...
Finished scanning sources
INFO: [IP_Flow 19-234] Refreshing IP repositories
INFO: [IP_Flow 19-1700] Loaded user IP repository 'd:/repos/Zybo-Z7-20-pcam-5c/repo'.
INFO: [IP_Flow 19-2313] Loaded Vivado IP repository 'C:/Xilinx/Vivado/2018.2/data/ip'.
open_project: Time (s): cpu = 00:00:31 ; elapsed = 00:00:20 . Memory (MB): peak = 1042.910 ; gain = 327.938
update_compile_order -fileset sources_1
archive_project D:/repos/Zybo-Z7-20-pcam-5c/release/vivado_proj.xpr.zip -temp_dir C:/Users/odamian/AppData/Roaming/Xilinx/Vivado/.Xil/Vivado-17168-catuna-ro -force -include_local_ip_cache
INFO: [Coretcl 2-137] starting archive...
INFO: [Coretcl 2-1499] Saving project copy to temporary location 'C:/Users/odamian/AppData/Roaming/Xilinx/Vivado/.Xil/Vivado-17168-catuna-ro' for archiving project
Scanning sources...
Finished scanning sources
INFO: [IP_Flow 19-234] Refreshing IP repositories
INFO: [IP_Flow 19-1700] Loaded user IP repository 'd:/repos/Zybo-Z7-20-pcam-5c/repo'.
INFO: [IP_Flow 19-2313] Loaded Vivado IP repository 'C:/Xilinx/Vivado/2018.2/data/ip'.
INFO: [Coretcl 2-1211] Creating project copy for archival...
INFO: [ProjectBase 1-495] The host OS only allows 260 characters in a normal path. The project is stored in a path with more than 80 characters. If you experience any problem with archiving the project, please consider setting environment variable $TEMP to a shorter path.
Current project path is 'C:/Users/odamian/AppData/Roaming/Xilinx/Vivado/.Xil/Vivado-17168-catuna-ro/PrjAr/_X_'.
INFO: [IP_Flow 19-234] Refreshing IP repositories
INFO: [IP_Flow 19-1700] Loaded user IP repository 'd:/repos/Zybo-Z7-20-pcam-5c/repo'.
INFO: [IP_Flow 19-234] Refreshing IP repositories
INFO: [IP_Flow 19-1700] Loaded user IP repository 'd:/repos/Zybo-Z7-20-pcam-5c/repo'.
INFO: [Coretcl 2-1213] Including run results for 'synth_1'
INFO: [Coretcl 2-1213] Including run results for 'system_v_axi4s_vid_out_0_0_synth_1'
INFO: [Coretcl 2-1213] Including run results for 'system_auto_pc_1_synth_1'
INFO: [Coretcl 2-1213] Including run results for 'system_AXI_GammaCorrection_0_0_synth_1'
INFO: [Coretcl 2-1213] Including run results for 'system_rst_clk_wiz_0_50M_0_synth_1'
INFO: [Coretcl 2-1213] Including run results for 'system_xlconcat_0_0_synth_1'
INFO: [Coretcl 2-1213] Including run results for 'system_MIPI_D_PHY_RX_0_0_synth_1'
INFO: [Coretcl 2-1213] Including run results for 'system_clk_wiz_0_0_synth_1'
INFO: [Coretcl 2-1213] Including run results for 'system_auto_pc_0_synth_1'
INFO: [Coretcl 2-1213] Including run results for 'system_rgb2dvi_0_0_synth_1'
INFO: [Coretcl 2-1213] Including run results for 'system_vtg_0_synth_1'
INFO: [Coretcl 2-1213] Including run results for 'system_MIPI_CSI_2_RX_0_0_synth_1'
INFO: [Coretcl 2-1213] Including run results for 'system_axi_vdma_0_0_synth_1'
INFO: [Coretcl 2-1213] Including run results for 'system_xbar_0_synth_1'
INFO: [Coretcl 2-1213] Including run results for 'system_DVIClocking_0_0_synth_1'
INFO: [Coretcl 2-1213] Including run results for 'system_auto_pc_2_synth_1'
INFO: [Coretcl 2-1213] Including run results for 'system_video_dynclk_0_synth_1'
INFO: [Coretcl 2-1213] Including run results for 'system_processing_system7_0_0_synth_1'
INFO: [Coretcl 2-1213] Including run results for 'system_rst_vid_clk_dyn_0_synth_1'
INFO: [Coretcl 2-1213] Including run results for 'system_AXI_BayerToRGB_1_0_synth_1'
INFO: [Coretcl 2-1213] Including run results for 'impl_1'
INFO: [Coretcl 2-133] re-setting run 'system_v_axi4s_vid_out_0_0_impl_1'...
INFO: [Coretcl 2-133] re-setting run 'system_auto_pc_1_impl_1'...
INFO: [Coretcl 2-133] re-setting run 'system_AXI_GammaCorrection_0_0_impl_1'...
INFO: [Coretcl 2-133] re-setting run 'system_rst_clk_wiz_0_50M_0_impl_1'...
INFO: [Coretcl 2-133] re-setting run 'system_xlconcat_0_0_impl_1'...
INFO: [Coretcl 2-133] re-setting run 'system_MIPI_D_PHY_RX_0_0_impl_1'...
INFO: [Coretcl 2-133] re-setting run 'system_clk_wiz_0_0_impl_1'...
INFO: [Coretcl 2-133] re-setting run 'system_auto_pc_0_impl_1'...
INFO: [Coretcl 2-133] re-setting run 'system_rgb2dvi_0_0_impl_1'...
INFO: [Coretcl 2-133] re-setting run 'system_vtg_0_impl_1'...
INFO: [Coretcl 2-133] re-setting run 'system_MIPI_CSI_2_RX_0_0_impl_1'...
INFO: [Coretcl 2-133] re-setting run 'system_axi_vdma_0_0_impl_1'...
INFO: [Coretcl 2-133] re-setting run 'system_xbar_0_impl_1'...
INFO: [Coretcl 2-133] re-setting run 'system_DVIClocking_0_0_impl_1'...
INFO: [Coretcl 2-133] re-setting run 'system_auto_pc_2_impl_1'...
INFO: [Coretcl 2-133] re-setting run 'system_video_dynclk_0_impl_1'...
INFO: [Coretcl 2-133] re-setting run 'system_processing_system7_0_0_impl_1'...
INFO: [Coretcl 2-133] re-setting run 'system_rst_vid_clk_dyn_0_impl_1'...
INFO: [Coretcl 2-133] re-setting run 'system_AXI_BayerToRGB_1_0_impl_1'...
INFO: [Coretcl 2-1212] Importing remotely added design sources and verilog include files (if any)...
INFO: [filemgmt 20-334] All file(s) are already imported in fileset: 'system_AXI_BayerToRGB_1_0'
INFO: [filemgmt 20-348] Importing the appropriate files for fileset: 'system_AXI_BayerToRGB_1_0'
INFO: [filemgmt 20-334] All file(s) are already imported in fileset: 'system_AXI_GammaCorrection_0_0'
INFO: [filemgmt 20-348] Importing the appropriate files for fileset: 'system_AXI_GammaCorrection_0_0'
INFO: [filemgmt 20-334] All file(s) are already imported in fileset: 'system_DVIClocking_0_0'
INFO: [filemgmt 20-348] Importing the appropriate files for fileset: 'system_DVIClocking_0_0'
INFO: [filemgmt 20-334] All file(s) are already imported in fileset: 'system_MIPI_CSI_2_RX_0_0'
INFO: [filemgmt 20-348] Importing the appropriate files for fileset: 'system_MIPI_CSI_2_RX_0_0'
INFO: [filemgmt 20-334] All file(s) are already imported in fileset: 'system_MIPI_D_PHY_RX_0_0'
INFO: [filemgmt 20-348] Importing the appropriate files for fileset: 'system_MIPI_D_PHY_RX_0_0'
INFO: [filemgmt 20-334] All file(s) are already imported in fileset: 'system_auto_pc_0'
INFO: [filemgmt 20-348] Importing the appropriate files for fileset: 'system_auto_pc_0'
INFO: [filemgmt 20-334] All file(s) are already imported in fileset: 'system_auto_pc_1'
INFO: [filemgmt 20-348] Importing the appropriate files for fileset: 'system_auto_pc_1'
INFO: [filemgmt 20-334] All file(s) are already imported in fileset: 'system_auto_pc_2'
INFO: [filemgmt 20-348] Importing the appropriate files for fileset: 'system_auto_pc_2'
INFO: [filemgmt 20-334] All file(s) are already imported in fileset: 'system_axi_vdma_0_0'
INFO: [filemgmt 20-348] Importing the appropriate files for fileset: 'system_axi_vdma_0_0'
INFO: [filemgmt 20-334] All file(s) are already imported in fileset: 'system_clk_wiz_0_0'
INFO: [filemgmt 20-348] Importing the appropriate files for fileset: 'system_clk_wiz_0_0'
INFO: [filemgmt 20-334] All file(s) are already imported in fileset: 'system_processing_system7_0_0'
INFO: [filemgmt 20-348] Importing the appropriate files for fileset: 'system_processing_system7_0_0'
INFO: [filemgmt 20-334] All file(s) are already imported in fileset: 'system_rgb2dvi_0_0'
INFO: [filemgmt 20-348] Importing the appropriate files for fileset: 'system_rgb2dvi_0_0'
INFO: [filemgmt 20-334] All file(s) are already imported in fileset: 'system_rst_clk_wiz_0_50M_0'
INFO: [filemgmt 20-348] Importing the appropriate files for fileset: 'system_rst_clk_wiz_0_50M_0'
INFO: [filemgmt 20-334] All file(s) are already imported in fileset: 'system_rst_vid_clk_dyn_0'
INFO: [filemgmt 20-348] Importing the appropriate files for fileset: 'system_rst_vid_clk_dyn_0'
INFO: [filemgmt 20-334] All file(s) are already imported in fileset: 'system_v_axi4s_vid_out_0_0'
INFO: [filemgmt 20-348] Importing the appropriate files for fileset: 'system_v_axi4s_vid_out_0_0'
INFO: [filemgmt 20-334] All file(s) are already imported in fileset: 'system_video_dynclk_0'
INFO: [filemgmt 20-348] Importing the appropriate files for fileset: 'system_video_dynclk_0'
INFO: [filemgmt 20-334] All file(s) are already imported in fileset: 'system_vtg_0'
INFO: [filemgmt 20-348] Importing the appropriate files for fileset: 'system_vtg_0'
INFO: [filemgmt 20-334] All file(s) are already imported in fileset: 'system_xbar_0'
INFO: [filemgmt 20-348] Importing the appropriate files for fileset: 'system_xbar_0'
INFO: [filemgmt 20-334] All file(s) are already imported in fileset: 'system_xlconcat_0_0'
INFO: [filemgmt 20-348] Importing the appropriate files for fileset: 'system_xlconcat_0_0'
INFO: [filemgmt 20-348] Importing the appropriate files for fileset: 'constrs_1'
INFO: [filemgmt 20-348] Importing the appropriate files for fileset: 'sources_1'
