Copyright 1986-2017 Xilinx, Inc. All Rights Reserved.
-------------------------------------------------------------------------------------------
| Tool Version : Vivado v.2017.4 (win64) Build 2086221 Fri Dec 15 20:55:39 MST 2017
| Date         : Sun Jan 19 16:24:16 2020
| Host         : DESKTOP-5VC2SBS running 64-bit major release  (build 9200)
| Command      : report_control_sets -verbose -file AXI_BayerToRGB_control_sets_placed.rpt
| Design       : AXI_BayerToRGB
| Device       : xc7z020
-------------------------------------------------------------------------------------------

Control Set Information

Table of Contents
-----------------
1. Summary
2. Flip-Flop Distribution
3. Detailed Control Set Information

1. Summary
----------

+----------------------------------------------------------+-------+
|                          Status                          | Count |
+----------------------------------------------------------+-------+
| Number of unique control sets                            |     5 |
| Unused register locations in slices containing registers |    23 |
+----------------------------------------------------------+-------+


2. Flip-Flop Distribution
-------------------------

+--------------+-----------------------+------------------------+-----------------+--------------+
| Clock Enable | Synchronous Set/Reset | Asynchronous Set/Reset | Total Registers | Total Slices |
+--------------+-----------------------+------------------------+-----------------+--------------+
| No           | No                    | No                     |               2 |            2 |
| No           | No                    | Yes                    |               0 |            0 |
| No           | Yes                   | No                     |               4 |            1 |
| Yes          | No                    | No                     |               0 |            0 |
| Yes          | No                    | Yes                    |               0 |            0 |
| Yes          | Yes                   | No                     |              27 |            9 |
+--------------+-----------------------+------------------------+-----------------+--------------+


3. Detailed Control Set Information
-----------------------------------

+----------------------+--------------------------+--------------------------+------------------+----------------+
|     Clock Signal     |       Enable Signal      |     Set/Reset Signal     | Slice Load Count | Bel Load Count |
+----------------------+--------------------------+--------------------------+------------------+----------------+
|  StreamClk_IBUF_BUFG | m_axis_video_tready_IBUF | sCntRemPixels[1]_i_1_n_0 |                1 |              1 |
|  StreamClk_IBUF_BUFG |                          |                          |                2 |              2 |
|  StreamClk_IBUF_BUFG |                          | sCntRemPixels[1]_i_1_n_0 |                1 |              4 |
|  StreamClk_IBUF_BUFG | sLineBufferWriteData     | sCntColumns[10]_i_1_n_0  |                3 |             11 |
|  StreamClk_IBUF_BUFG | sLineBufferWriteData     | sCntRemPixels[1]_i_1_n_0 |                5 |             15 |
+----------------------+--------------------------+--------------------------+------------------+----------------+


+--------+-----------------------+
| Fanout | Number of ControlSets |
+--------+-----------------------+
| 1      |                     1 |
| 2      |                     1 |
| 4      |                     1 |
| 11     |                     1 |
| 15     |                     1 |
+--------+-----------------------+


