Copyright 1986-2017 Xilinx, Inc. All Rights Reserved.
------------------------------------------------------------------------------------
| Tool Version : Vivado v.2017.4 (win64) Build 2086221 Fri Dec 15 20:55:39 MST 2017
| Date         : Fri Jan 17 23:47:23 2020
| Host         : DESKTOP-5VC2SBS running 64-bit major release  (build 9200)
| Command      : upgrade_ip
| Device       : xc7z020clg400-1
------------------------------------------------------------------------------------

Upgrade Log for IP 'system_AXI_BayerToRGB_1_0'

1. Summary
----------

SUCCESS in the conversion of system_AXI_BayerToRGB_1_0 (digilentinc.com:user:AXI_BayerToRGB:1.0 (Rev. 13)) to Vivado generation flows.






Copyright 1986-2017 Xilinx, Inc. All Rights Reserved.
------------------------------------------------------------------------------------
| Tool Version : Vivado v.2017.4 (win64) Build 2086221 Fri Dec 15 20:55:39 MST 2017
| Date         : Fri Jan 17 23:46:00 2020
| Host         : DESKTOP-5VC2SBS running 64-bit major release  (build 9200)
| Command      : upgrade_ip
| Device       : xc7z020clg400-1
------------------------------------------------------------------------------------

Upgrade Log for IP 'system_AXI_BayerToRGB_1_0'

1. Summary
----------

SUCCESS in the conversion of system_AXI_BayerToRGB_1_0 (digilentinc.com:user:AXI_BayerToRGB:1.0 (Rev. 13)) to Vivado generation flows.






Copyright 1986-2017 Xilinx, Inc. All Rights Reserved.
------------------------------------------------------------------------------------
| Tool Version : Vivado v.2017.4 (win64) Build 2086221 Fri Dec 15 20:55:39 MST 2017
| Date         : Fri Jan 17 23:35:23 2020
| Host         : DESKTOP-5VC2SBS running 64-bit major release  (build 9200)
| Command      : upgrade_ip
| Device       : xc7z020clg400-1
------------------------------------------------------------------------------------

Upgrade Log for IP 'system_AXI_BayerToRGB_1_0'

1. Summary
----------

SUCCESS in the conversion of system_AXI_BayerToRGB_1_0 (digilentinc.com:user:AXI_BayerToRGB:1.0 (Rev. 13)) to Vivado generation flows.






Copyright 1986-2017 Xilinx, Inc. All Rights Reserved.
------------------------------------------------------------------------------------
| Tool Version : Vivado v.2017.4 (win64) Build 2086221 Fri Dec 15 20:55:39 MST 2017
| Date         : Fri Jan 17 23:18:30 2020
| Host         : DESKTOP-5VC2SBS running 64-bit major release  (build 9200)
| Command      : upgrade_ip
| Device       : xc7z020clg400-1
------------------------------------------------------------------------------------

Upgrade Log for IP 'system_AXI_BayerToRGB_1_0'

1. Summary
----------

SUCCESS in the conversion of system_AXI_BayerToRGB_1_0 (digilentinc.com:user:AXI_BayerToRGB:1.0 (Rev. 13)) to Vivado generation flows.






Copyright 1986-2017 Xilinx, Inc. All Rights Reserved.
------------------------------------------------------------------------------------
| Tool Version : Vivado v.2017.4 (win64) Build 2086221 Fri Dec 15 20:55:39 MST 2017
| Date         : Fri Jan 17 23:00:54 2020
| Host         : DESKTOP-5VC2SBS running 64-bit major release  (build 9200)
| Command      : upgrade_ip
| Device       : xc7z020clg400-1
------------------------------------------------------------------------------------

Upgrade Log for IP 'system_AXI_BayerToRGB_1_0'

1. Summary
----------

SUCCESS in the conversion of system_AXI_BayerToRGB_1_0 (digilentinc.com:user:AXI_BayerToRGB:1.0 (Rev. 13)) to Vivado generation flows.






Copyright 1986-2017 Xilinx, Inc. All Rights Reserved.
------------------------------------------------------------------------------------
| Tool Version : Vivado v.2017.4 (win64) Build 2086221 Fri Dec 15 20:55:39 MST 2017
| Date         : Fri Jan 17 22:53:28 2020
| Host         : DESKTOP-5VC2SBS running 64-bit major release  (build 9200)
| Command      : upgrade_ip
| Device       : xc7z020clg400-1
------------------------------------------------------------------------------------

Upgrade Log for IP 'system_AXI_BayerToRGB_1_0'

1. Summary
----------

SUCCESS in the conversion of system_AXI_BayerToRGB_1_0 (digilentinc.com:user:AXI_BayerToRGB:1.0 (Rev. 13)) to Vivado generation flows.






Copyright 1986-2017 Xilinx, Inc. All Rights Reserved.
------------------------------------------------------------------------------------
| Tool Version : Vivado v.2017.4 (win64) Build 2086221 Fri Dec 15 20:55:39 MST 2017
| Date         : Fri Jan 17 22:20:36 2020
| Host         : DESKTOP-5VC2SBS running 64-bit major release  (build 9200)
| Command      : upgrade_ip
| Device       : xc7z020clg400-1
------------------------------------------------------------------------------------

Upgrade Log for IP 'system_AXI_BayerToRGB_1_0'

1. Summary
----------

SUCCESS in the conversion of system_AXI_BayerToRGB_1_0 (digilentinc.com:user:AXI_BayerToRGB:1.0 (Rev. 13)) to Vivado generation flows.






Copyright 1986-2017 Xilinx, Inc. All Rights Reserved.
------------------------------------------------------------------------------------
| Tool Version : Vivado v.2017.4 (win64) Build 2086221 Fri Dec 15 20:55:39 MST 2017
| Date         : Fri Jan 17 21:39:58 2020
| Host         : DESKTOP-5VC2SBS running 64-bit major release  (build 9200)
| Command      : upgrade_ip
| Device       : xc7z020clg400-1
------------------------------------------------------------------------------------

Upgrade Log for IP 'system_AXI_BayerToRGB_1_0'

1. Summary
----------

SUCCESS in the conversion of system_AXI_BayerToRGB_1_0 (digilentinc.com:user:AXI_BayerToRGB:1.0 (Rev. 13)) to Vivado generation flows.






Copyright 1986-2017 Xilinx, Inc. All Rights Reserved.
------------------------------------------------------------------------------------
| Tool Version : Vivado v.2017.4 (win64) Build 2086221 Fri Dec 15 20:55:39 MST 2017
| Date         : Fri Jan 17 21:38:33 2020
| Host         : DESKTOP-5VC2SBS running 64-bit major release  (build 9200)
| Command      : upgrade_ip
| Device       : xc7z020clg400-1
------------------------------------------------------------------------------------

Upgrade Log for IP 'system_AXI_BayerToRGB_1_0'

1. Summary
----------

SUCCESS in the conversion of system_AXI_BayerToRGB_1_0 (digilentinc.com:user:AXI_BayerToRGB:1.0 (Rev. 13)) to Vivado generation flows.






Copyright 1986-2017 Xilinx, Inc. All Rights Reserved.
------------------------------------------------------------------------------------
| Tool Version : Vivado v.2017.4 (win64) Build 2086221 Fri Dec 15 20:55:39 MST 2017
| Date         : Fri Jan 17 21:09:11 2020
| Host         : DESKTOP-5VC2SBS running 64-bit major release  (build 9200)
| Command      : upgrade_ip
| Device       : xc7z020clg400-1
------------------------------------------------------------------------------------

Upgrade Log for IP 'system_AXI_BayerToRGB_1_0'

1. Summary
----------

SUCCESS in the conversion of system_AXI_BayerToRGB_1_0 (digilentinc.com:user:AXI_BayerToRGB:1.0 (Rev. 13)) to Vivado generation flows.






Copyright 1986-2017 Xilinx, Inc. All Rights Reserved.
------------------------------------------------------------------------------------
| Tool Version : Vivado v.2017.4 (win64) Build 2086221 Fri Dec 15 20:55:39 MST 2017
| Date         : Fri Jan 17 19:22:00 2020
| Host         : DESKTOP-5VC2SBS running 64-bit major release  (build 9200)
| Command      : upgrade_ip
| Device       : xc7z020clg400-1
------------------------------------------------------------------------------------

Upgrade Log for IP 'system_AXI_BayerToRGB_1_0'

1. Summary
----------

SUCCESS in the conversion of system_AXI_BayerToRGB_1_0 (digilentinc.com:user:AXI_BayerToRGB:1.0 (Rev. 13)) to Vivado generation flows.






Copyright 1986-2017 Xilinx, Inc. All Rights Reserved.
------------------------------------------------------------------------------------
| Tool Version : Vivado v.2017.4 (win64) Build 2086221 Fri Dec 15 20:55:39 MST 2017
| Date         : Fri Jan 17 19:18:38 2020
| Host         : DESKTOP-5VC2SBS running 64-bit major release  (build 9200)
| Command      : upgrade_ip
| Device       : xc7z020clg400-1
------------------------------------------------------------------------------------

Upgrade Log for IP 'system_AXI_BayerToRGB_1_0'

1. Summary
----------

SUCCESS in the conversion of system_AXI_BayerToRGB_1_0 (digilentinc.com:user:AXI_BayerToRGB:1.0 (Rev. 13)) to Vivado generation flows.






Copyright 1986-2017 Xilinx, Inc. All Rights Reserved.
------------------------------------------------------------------------------------
| Tool Version : Vivado v.2017.4 (win64) Build 2086221 Fri Dec 15 20:55:39 MST 2017
| Date         : Fri Jan 17 19:17:50 2020
| Host         : DESKTOP-5VC2SBS running 64-bit major release  (build 9200)
| Command      : upgrade_ip
| Device       : xc7z020clg400-1
------------------------------------------------------------------------------------

Upgrade Log for IP 'system_AXI_BayerToRGB_1_0'

1. Summary
----------

SUCCESS in the conversion of system_AXI_BayerToRGB_1_0 (digilentinc.com:user:AXI_BayerToRGB:1.0 (Rev. 13)) to Vivado generation flows.






Copyright 1986-2017 Xilinx, Inc. All Rights Reserved.
------------------------------------------------------------------------------------
| Tool Version : Vivado v.2017.4 (win64) Build 2086221 Fri Dec 15 20:55:39 MST 2017
| Date         : Fri Jan 17 18:47:00 2020
| Host         : DESKTOP-5VC2SBS running 64-bit major release  (build 9200)
| Command      : upgrade_ip
| Device       : xc7z020clg400-1
------------------------------------------------------------------------------------

Upgrade Log for IP 'system_AXI_BayerToRGB_1_0'

1. Summary
----------

SUCCESS in the conversion of system_AXI_BayerToRGB_1_0 (digilentinc.com:user:AXI_BayerToRGB:1.0 (Rev. 13)) to Vivado generation flows.






Copyright 1986-2017 Xilinx, Inc. All Rights Reserved.
------------------------------------------------------------------------------------
| Tool Version : Vivado v.2017.4 (win64) Build 2086221 Fri Dec 15 20:55:39 MST 2017
| Date         : Fri Jan 17 18:45:23 2020
| Host         : DESKTOP-5VC2SBS running 64-bit major release  (build 9200)
| Command      : upgrade_ip
| Device       : xc7z020clg400-1
------------------------------------------------------------------------------------

Upgrade Log for IP 'system_AXI_BayerToRGB_1_0'

1. Summary
----------

SUCCESS in the conversion of system_AXI_BayerToRGB_1_0 (digilentinc.com:user:AXI_BayerToRGB:1.0 (Rev. 13)) to Vivado generation flows.






Copyright 1986-2017 Xilinx, Inc. All Rights Reserved.
------------------------------------------------------------------------------------
| Tool Version : Vivado v.2017.4 (win64) Build 2086221 Fri Dec 15 20:55:39 MST 2017
| Date         : Fri Jan 17 18:35:48 2020
| Host         : DESKTOP-5VC2SBS running 64-bit major release  (build 9200)
| Command      : upgrade_ip
| Device       : xc7z020clg400-1
------------------------------------------------------------------------------------

Upgrade Log for IP 'system_AXI_BayerToRGB_1_0'

1. Summary
----------

SUCCESS in the conversion of system_AXI_BayerToRGB_1_0 (digilentinc.com:user:AXI_BayerToRGB:1.0 (Rev. 13)) to Vivado generation flows.






Copyright 1986-2017 Xilinx, Inc. All Rights Reserved.
------------------------------------------------------------------------------------
| Tool Version : Vivado v.2017.4 (win64) Build 2086221 Fri Dec 15 20:55:39 MST 2017
| Date         : Fri Jan 17 17:53:26 2020
| Host         : DESKTOP-5VC2SBS running 64-bit major release  (build 9200)
| Command      : upgrade_ip
| Device       : xc7z020clg400-1
------------------------------------------------------------------------------------

Upgrade Log for IP 'system_AXI_BayerToRGB_1_0'

1. Summary
----------

SUCCESS in the conversion of system_AXI_BayerToRGB_1_0 (digilentinc.com:user:AXI_BayerToRGB:1.0 (Rev. 13)) to Vivado generation flows.






Copyright 1986-2017 Xilinx, Inc. All Rights Reserved.
------------------------------------------------------------------------------------
| Tool Version : Vivado v.2017.4 (win64) Build 2086221 Fri Dec 15 20:55:39 MST 2017
| Date         : Fri Jan 17 17:40:50 2020
| Host         : DESKTOP-5VC2SBS running 64-bit major release  (build 9200)
| Command      : upgrade_ip
| Device       : xc7z020clg400-1
------------------------------------------------------------------------------------

Upgrade Log for IP 'system_AXI_BayerToRGB_1_0'

1. Summary
----------

SUCCESS in the conversion of system_AXI_BayerToRGB_1_0 (digilentinc.com:user:AXI_BayerToRGB:1.0 (Rev. 13)) to Vivado generation flows.






Copyright 1986-2017 Xilinx, Inc. All Rights Reserved.
------------------------------------------------------------------------------------
| Tool Version : Vivado v.2017.4 (win64) Build 2086221 Fri Dec 15 20:55:39 MST 2017
| Date         : Fri Jan 17 17:25:20 2020
| Host         : DESKTOP-5VC2SBS running 64-bit major release  (build 9200)
| Command      : upgrade_ip
| Device       : xc7z020clg400-1
------------------------------------------------------------------------------------

Upgrade Log for IP 'system_AXI_BayerToRGB_1_0'

1. Summary
----------

SUCCESS in the conversion of system_AXI_BayerToRGB_1_0 (digilentinc.com:user:AXI_BayerToRGB:1.0 (Rev. 13)) to Vivado generation flows.






Copyright 1986-2017 Xilinx, Inc. All Rights Reserved.
------------------------------------------------------------------------------------
| Tool Version : Vivado v.2017.4 (win64) Build 2086221 Fri Dec 15 20:55:39 MST 2017
| Date         : Fri Jan 17 17:22:19 2020
| Host         : DESKTOP-5VC2SBS running 64-bit major release  (build 9200)
| Command      : upgrade_ip
| Device       : xc7z020clg400-1
------------------------------------------------------------------------------------

Upgrade Log for IP 'system_AXI_BayerToRGB_1_0'

1. Summary
----------

SUCCESS in the conversion of system_AXI_BayerToRGB_1_0 (digilentinc.com:user:AXI_BayerToRGB:1.0 (Rev. 13)) to Vivado generation flows.






Copyright 1986-2017 Xilinx, Inc. All Rights Reserved.
------------------------------------------------------------------------------------
| Tool Version : Vivado v.2017.4 (win64) Build 2086221 Fri Dec 15 20:55:39 MST 2017
| Date         : Fri Jan 17 17:11:42 2020
| Host         : DESKTOP-5VC2SBS running 64-bit major release  (build 9200)
| Command      : upgrade_ip
| Device       : xc7z020clg400-1
------------------------------------------------------------------------------------

Upgrade Log for IP 'system_AXI_BayerToRGB_1_0'

1. Summary
----------

SUCCESS in the conversion of system_AXI_BayerToRGB_1_0 (digilentinc.com:user:AXI_BayerToRGB:1.0 (Rev. 13)) to Vivado generation flows.






Copyright 1986-2017 Xilinx, Inc. All Rights Reserved.
------------------------------------------------------------------------------------
| Tool Version : Vivado v.2017.4 (win64) Build 2086221 Fri Dec 15 20:55:39 MST 2017
| Date         : Fri Jan 17 16:57:58 2020
| Host         : DESKTOP-5VC2SBS running 64-bit major release  (build 9200)
| Command      : upgrade_ip
| Device       : xc7z020clg400-1
------------------------------------------------------------------------------------

Upgrade Log for IP 'system_AXI_BayerToRGB_1_0'

1. Summary
----------

SUCCESS in the conversion of system_AXI_BayerToRGB_1_0 (digilentinc.com:user:AXI_BayerToRGB:1.0 (Rev. 13)) to Vivado generation flows.






Copyright 1986-2017 Xilinx, Inc. All Rights Reserved.
------------------------------------------------------------------------------------
| Tool Version : Vivado v.2017.4 (win64) Build 2086221 Fri Dec 15 20:55:39 MST 2017
| Date         : Fri Jan 17 16:07:10 2020
| Host         : DESKTOP-5VC2SBS running 64-bit major release  (build 9200)
| Command      : upgrade_ip
| Device       : xc7z020clg400-1
------------------------------------------------------------------------------------

Upgrade Log for IP 'system_AXI_BayerToRGB_1_0'

1. Summary
----------

SUCCESS in the conversion of system_AXI_BayerToRGB_1_0 (digilentinc.com:user:AXI_BayerToRGB:1.0 (Rev. 13)) to Vivado generation flows.






Copyright 1986-2017 Xilinx, Inc. All Rights Reserved.
------------------------------------------------------------------------------------
| Tool Version : Vivado v.2017.4 (win64) Build 2086221 Fri Dec 15 20:55:39 MST 2017
| Date         : Fri Jan 17 15:20:58 2020
| Host         : DESKTOP-5VC2SBS running 64-bit major release  (build 9200)
| Command      : upgrade_ip
| Device       : xc7z020clg400-1
------------------------------------------------------------------------------------

Upgrade Log for IP 'system_AXI_BayerToRGB_1_0'

1. Summary
----------

SUCCESS in the conversion of system_AXI_BayerToRGB_1_0 (digilentinc.com:user:AXI_BayerToRGB:1.0 (Rev. 13)) to Vivado generation flows.






Copyright 1986-2017 Xilinx, Inc. All Rights Reserved.
------------------------------------------------------------------------------------
| Tool Version : Vivado v.2017.4 (win64) Build 2086221 Fri Dec 15 20:55:39 MST 2017
| Date         : Fri Jan 17 15:18:34 2020
| Host         : DESKTOP-5VC2SBS running 64-bit major release  (build 9200)
| Command      : upgrade_ip
| Device       : xc7z020clg400-1
------------------------------------------------------------------------------------

Upgrade Log for IP 'system_AXI_BayerToRGB_1_0'

1. Summary
----------

SUCCESS in the conversion of system_AXI_BayerToRGB_1_0 (digilentinc.com:user:AXI_BayerToRGB:1.0 (Rev. 13)) to Vivado generation flows.






Copyright 1986-2017 Xilinx, Inc. All Rights Reserved.
------------------------------------------------------------------------------------
| Tool Version : Vivado v.2017.4 (win64) Build 2086221 Fri Dec 15 20:55:39 MST 2017
| Date         : Thu Jan 16 23:04:29 2020
| Host         : DESKTOP-5VC2SBS running 64-bit major release  (build 9200)
| Command      : upgrade_ip
| Device       : xc7z020clg400-1
------------------------------------------------------------------------------------

Upgrade Log for IP 'system_AXI_BayerToRGB_1_0'

1. Summary
----------

SUCCESS in the conversion of system_AXI_BayerToRGB_1_0 (digilentinc.com:user:AXI_BayerToRGB:1.0 (Rev. 13)) to Vivado generation flows.






Copyright 1986-2017 Xilinx, Inc. All Rights Reserved.
------------------------------------------------------------------------------------
| Tool Version : Vivado v.2017.4 (win64) Build 2086221 Fri Dec 15 20:55:39 MST 2017
| Date         : Thu Jan 16 22:51:15 2020
| Host         : DESKTOP-5VC2SBS running 64-bit major release  (build 9200)
| Command      : upgrade_ip
| Device       : xc7z020clg400-1
------------------------------------------------------------------------------------

Upgrade Log for IP 'system_AXI_BayerToRGB_1_0'

1. Summary
----------

SUCCESS in the conversion of system_AXI_BayerToRGB_1_0 (digilentinc.com:user:AXI_BayerToRGB:1.0 (Rev. 13)) to Vivado generation flows.






Copyright 1986-2017 Xilinx, Inc. All Rights Reserved.
------------------------------------------------------------------------------------
| Tool Version : Vivado v.2017.4 (win64) Build 2086221 Fri Dec 15 20:55:39 MST 2017
| Date         : Wed Jan 15 21:07:12 2020
| Host         : DESKTOP-5VC2SBS running 64-bit major release  (build 9200)
| Command      : upgrade_ip
| Device       : xc7z020clg400-1
------------------------------------------------------------------------------------

Upgrade Log for IP 'system_AXI_BayerToRGB_1_0'

1. Summary
----------

SUCCESS in the conversion of system_AXI_BayerToRGB_1_0 (digilentinc.com:user:AXI_BayerToRGB:1.0 (Rev. 13)) to Vivado generation flows.






Copyright 1986-2017 Xilinx, Inc. All Rights Reserved.
------------------------------------------------------------------------------------
| Tool Version : Vivado v.2017.4 (win64) Build 2086221 Fri Dec 15 20:55:39 MST 2017
| Date         : Wed Jan 15 20:44:48 2020
| Host         : DESKTOP-5VC2SBS running 64-bit major release  (build 9200)
| Command      : upgrade_ip
| Device       : xc7z020clg400-1
------------------------------------------------------------------------------------

Upgrade Log for IP 'system_AXI_BayerToRGB_1_0'

1. Summary
----------

SUCCESS in the conversion of system_AXI_BayerToRGB_1_0 (digilentinc.com:user:AXI_BayerToRGB:1.0 (Rev. 13)) to Vivado generation flows.






Copyright 1986-2017 Xilinx, Inc. All Rights Reserved.
------------------------------------------------------------------------------------
| Tool Version : Vivado v.2017.4 (win64) Build 2086221 Fri Dec 15 20:55:39 MST 2017
| Date         : Sat Jan 11 12:56:30 2020
| Host         : FUMIMAKER6BEE running 64-bit major release  (build 9200)
| Command      : upgrade_ip
| Device       : xc7z020clg400-1
------------------------------------------------------------------------------------

Upgrade Log for IP 'system_AXI_BayerToRGB_1_0'

1. Summary
----------

SUCCESS in the conversion of system_AXI_BayerToRGB_1_0 (digilentinc.com:user:AXI_BayerToRGB:1.0 (Rev. 13)) to Vivado generation flows.






Copyright 1986-2017 Xilinx, Inc. All Rights Reserved.
------------------------------------------------------------------------------------
| Tool Version : Vivado v.2017.4 (win64) Build 2086221 Fri Dec 15 20:55:39 MST 2017
| Date         : Wed Jan  8 19:37:05 2020
| Host         : FUMIMAKER6BEE running 64-bit major release  (build 9200)
| Command      : upgrade_ip
| Device       : xc7z020clg400-1
------------------------------------------------------------------------------------

Upgrade Log for IP 'system_AXI_BayerToRGB_1_0'

1. Summary
----------

SUCCESS in the conversion of system_AXI_BayerToRGB_1_0 (digilentinc.com:user:AXI_BayerToRGB:1.0 (Rev. 13)) to Vivado generation flows.






Copyright 1986-2017 Xilinx, Inc. All Rights Reserved.
------------------------------------------------------------------------------------
| Tool Version : Vivado v.2017.4 (win64) Build 2086221 Fri Dec 15 20:55:39 MST 2017
| Date         : Wed Jan  8 19:16:32 2020
| Host         : FUMIMAKER6BEE running 64-bit major release  (build 9200)
| Command      : upgrade_ip
| Device       : xc7z020clg400-1
------------------------------------------------------------------------------------

Upgrade Log for IP 'system_AXI_BayerToRGB_1_0'

1. Summary
----------

SUCCESS in the conversion of system_AXI_BayerToRGB_1_0 (digilentinc.com:user:AXI_BayerToRGB:1.0 (Rev. 13)) to Vivado generation flows.






Copyright 1986-2017 Xilinx, Inc. All Rights Reserved.
------------------------------------------------------------------------------------
| Tool Version : Vivado v.2017.4 (win64) Build 2086221 Fri Dec 15 20:55:39 MST 2017
| Date         : Wed Jan  8 18:54:44 2020
| Host         : FUMIMAKER6BEE running 64-bit major release  (build 9200)
| Command      : upgrade_ip
| Device       : xc7z020clg400-1
------------------------------------------------------------------------------------

Upgrade Log for IP 'system_AXI_BayerToRGB_1_0'

1. Summary
----------

SUCCESS in the conversion of system_AXI_BayerToRGB_1_0 (digilentinc.com:user:AXI_BayerToRGB:1.0 (Rev. 13)) to Vivado generation flows.






Copyright 1986-2017 Xilinx, Inc. All Rights Reserved.
------------------------------------------------------------------------------------
| Tool Version : Vivado v.2017.4 (win64) Build 2086221 Fri Dec 15 20:55:39 MST 2017
| Date         : Wed Jan  8 17:44:43 2020
| Host         : FUMIMAKER6BEE running 64-bit major release  (build 9200)
| Command      : upgrade_ip
| Device       : xc7z020clg400-1
------------------------------------------------------------------------------------

Upgrade Log for IP 'system_AXI_BayerToRGB_1_0'

1. Summary
----------

SUCCESS in the conversion of system_AXI_BayerToRGB_1_0 (digilentinc.com:user:AXI_BayerToRGB:1.0 (Rev. 13)) to Vivado generation flows.






Copyright 1986-2017 Xilinx, Inc. All Rights Reserved.
------------------------------------------------------------------------------------
| Tool Version : Vivado v.2017.4 (win64) Build 2086221 Fri Dec 15 20:55:39 MST 2017
| Date         : Wed Jan  8 17:37:13 2020
| Host         : FUMIMAKER6BEE running 64-bit major release  (build 9200)
| Command      : upgrade_ip
| Device       : xc7z020clg400-1
------------------------------------------------------------------------------------

Upgrade Log for IP 'system_AXI_BayerToRGB_1_0'

1. Summary
----------

SUCCESS in the conversion of system_AXI_BayerToRGB_1_0 (digilentinc.com:user:AXI_BayerToRGB:1.0 (Rev. 13)) to Vivado generation flows.






Copyright 1986-2017 Xilinx, Inc. All Rights Reserved.
------------------------------------------------------------------------------------
| Tool Version : Vivado v.2017.4 (win64) Build 2086221 Fri Dec 15 20:55:39 MST 2017
| Date         : Wed Jan  8 17:14:58 2020
| Host         : FUMIMAKER6BEE running 64-bit major release  (build 9200)
| Command      : upgrade_ip
| Device       : xc7z020clg400-1
------------------------------------------------------------------------------------

Upgrade Log for IP 'system_AXI_BayerToRGB_1_0'

1. Summary
----------

SUCCESS in the conversion of system_AXI_BayerToRGB_1_0 (digilentinc.com:user:AXI_BayerToRGB:1.0 (Rev. 13)) to Vivado generation flows.

