01:53:24 **** Build of project pcam_vdma_hdmi_bsp ****
make -k all 
"Running Make include in ps7_cortexa9_0/libsrc/axivdma_v6_4/src"
make -C ps7_cortexa9_0/libsrc/axivdma_v6_4/src -s include  "SHELL=CMD" "COMPILER=arm-none-eabi-gcc" "ARCHIVER=arm-none-eabi-ar" "COMPILER_FLAGS=  -O2 -c" "EXTRA_COMPILER_FLAGS=-mcpu=cortex-a9 -mfpu=vfpv3 -mfloat-abi=hard -nostartfiles -Wall -Wextra"
cp: cannot stat `*.h': Invalid argument
make[1]: *** [include] エラー 1
make: *** [ps7_cortexa9_0/libsrc/axivdma_v6_4/src/make.include] エラー 2
"Running Make include in ps7_cortexa9_0/libsrc/clk_wiz_v1_2/src"
make -C ps7_cortexa9_0/libsrc/clk_wiz_v1_2/src -s include  "SHELL=CMD" "COMPILER=arm-none-eabi-gcc" "ARCHIVER=arm-none-eabi-ar" "COMPILER_FLAGS=  -O2 -c" "EXTRA_COMPILER_FLAGS=-mcpu=cortex-a9 -mfpu=vfpv3 -mfloat-abi=hard -nostartfiles -Wall -Wextra"
cp: cannot stat `*.h': Invalid argument
make[1]: *** [include] エラー 1
make: *** [ps7_cortexa9_0/libsrc/clk_wiz_v1_2/src/make.include] エラー 2
"Running Make include in ps7_cortexa9_0/libsrc/coresightps_dcc_v1_4/src"
make -C ps7_cortexa9_0/libsrc/coresightps_dcc_v1_4/src -s include  "SHELL=CMD" "COMPILER=arm-none-eabi-gcc" "ARCHIVER=arm-none-eabi-ar" "COMPILER_FLAGS=  -O2 -c" "EXTRA_COMPILER_FLAGS=-mcpu=cortex-a9 -mfpu=vfpv3 -mfloat-abi=hard -nostartfiles -Wall -Wextra"
cp: cannot stat `*.h': Invalid argument
make[1]: *** [coresightps_dcc_includes] エラー 1
make[1]: ターゲット `include' はエラーにより再 make できませんでした.
"Running Make include in ps7_cortexa9_0/libsrc/cpu_cortexa9_v2_5/src"
make: *** [ps7_cortexa9_0/libsrc/coresightps_dcc_v1_4/src/make.include] エラー 2
make -C ps7_cortexa9_0/libsrc/cpu_cortexa9_v2_5/src -s include  "SHELL=CMD" "COMPILER=arm-none-eabi-gcc" "ARCHIVER=arm-none-eabi-ar" "COMPILER_FLAGS=  -O2 -c" "EXTRA_COMPILER_FLAGS=-mcpu=cortex-a9 -mfpu=vfpv3 -mfloat-abi=hard -nostartfiles -Wall -Wextra"
cp: cannot stat `*.h': Invalid argument
make[1]: *** [include] エラー 1
make: *** [ps7_cortexa9_0/libsrc/cpu_cortexa9_v2_5/src/make.include] エラー 2
"Running Make include in ps7_cortexa9_0/libsrc/ddrps_v1_0/src"
make -C ps7_cortexa9_0/libsrc/ddrps_v1_0/src -s include  "SHELL=CMD" "COMPILER=arm-none-eabi-gcc" "ARCHIVER=arm-none-eabi-ar" "COMPILER_FLAGS=  -O2 -c" "EXTRA_COMPILER_FLAGS=-mcpu=cortex-a9 -mfpu=vfpv3 -mfloat-abi=hard -nostartfiles -Wall -Wextra"
cp: cannot stat `*.h': Invalid argument
make[1]: *** [xddrps_includes] エラー 1
make[1]: ターゲット `include' はエラーにより再 make できませんでした.
make: *** [ps7_cortexa9_0/libsrc/ddrps_v1_0/src/make.include] エラー 2
"Running Make include in ps7_cortexa9_0/libsrc/devcfg_v3_5/src"
make -C ps7_cortexa9_0/libsrc/devcfg_v3_5/src -s include  "SHELL=CMD" "COMPILER=arm-none-eabi-gcc" "ARCHIVER=arm-none-eabi-ar" "COMPILER_FLAGS=  -O2 -c" "EXTRA_COMPILER_FLAGS=-mcpu=cortex-a9 -mfpu=vfpv3 -mfloat-abi=hard -nostartfiles -Wall -Wextra"
cp: cannot stat `*.h': Invalid argument
make[1]: *** [xdevcfg_includes] エラー 1
make[1]: ターゲット `include' はエラーにより再 make できませんでした.
make: *** [ps7_cortexa9_0/libsrc/devcfg_v3_5/src/make.include] エラー 2
"Running Make include in ps7_cortexa9_0/libsrc/dmaps_v2_3/src"
make -C ps7_cortexa9_0/libsrc/dmaps_v2_3/src -s include  "SHELL=CMD" "COMPILER=arm-none-eabi-gcc" "ARCHIVER=arm-none-eabi-ar" "COMPILER_FLAGS=  -O2 -c" "EXTRA_COMPILER_FLAGS=-mcpu=cortex-a9 -mfpu=vfpv3 -mfloat-abi=hard -nostartfiles -Wall -Wextra"
cp: cannot stat `*.h': Invalid argument
make[1]: *** [xdmaps_includes] エラー 1
make[1]: ターゲット `include' はエラーにより再 make できませんでした.
make: *** [ps7_cortexa9_0/libsrc/dmaps_v2_3/src/make.include] エラー 2
"Running Make include in ps7_cortexa9_0/libsrc/emacps_v3_6/src"
make -C ps7_cortexa9_0/libsrc/emacps_v3_6/src -s include  "SHELL=CMD" "COMPILER=arm-none-eabi-gcc" "ARCHIVER=arm-none-eabi-ar" "COMPILER_FLAGS=  -O2 -c" "EXTRA_COMPILER_FLAGS=-mcpu=cortex-a9 -mfpu=vfpv3 -mfloat-abi=hard -nostartfiles -Wall -Wextra"
cp: cannot stat `*.h': Invalid argument
make[1]: *** [xemacps_includes] エラー 1
make[1]: ターゲット `include' はエラーにより再 make できませんでした.
make: *** [ps7_cortexa9_0/libsrc/emacps_v3_6/src/make.include] エラー 2
"Running Make include in ps7_cortexa9_0/libsrc/gpiops_v3_3/src"
make -C ps7_cortexa9_0/libsrc/gpiops_v3_3/src -s include  "SHELL=CMD" "COMPILER=arm-none-eabi-gcc" "ARCHIVER=arm-none-eabi-ar" "COMPILER_FLAGS=  -O2 -c" "EXTRA_COMPILER_FLAGS=-mcpu=cortex-a9 -mfpu=vfpv3 -mfloat-abi=hard -nostartfiles -Wall -Wextra"
cp: cannot stat `*.h': Invalid argument
make[1]: *** [xgpiops_includes] エラー 1
make[1]: ターゲット `include' はエラーにより再 make できませんでした.
make: *** [ps7_cortexa9_0/libsrc/gpiops_v3_3/src/make.include] エラー 2
"Running Make include in ps7_cortexa9_0/libsrc/iicps_v3_5/src"
make -C ps7_cortexa9_0/libsrc/iicps_v3_5/src -s include  "SHELL=CMD" "COMPILER=arm-none-eabi-gcc" "ARCHIVER=arm-none-eabi-ar" "COMPILER_FLAGS=  -O2 -c" "EXTRA_COMPILER_FLAGS=-mcpu=cortex-a9 -mfpu=vfpv3 -mfloat-abi=hard -nostartfiles -Wall -Wextra"
cp: cannot stat `*.h': Invalid argument
make[1]: *** [xiicps_includes] エラー 1
make[1]: ターゲット `include' はエラーにより再 make できませんでした.
make: *** [ps7_cortexa9_0/libsrc/iicps_v3_5/src/make.include] エラー 2
"Running Make include in ps7_cortexa9_0/libsrc/MIPI_CSI_2_RX_v1_0/src"
make -C ps7_cortexa9_0/libsrc/MIPI_CSI_2_RX_v1_0/src -s include  "SHELL=CMD" "COMPILER=arm-none-eabi-gcc" "ARCHIVER=arm-none-eabi-ar" "COMPILER_FLAGS=  -O2 -c" "EXTRA_COMPILER_FLAGS=-mcpu=cortex-a9 -mfpu=vfpv3 -mfloat-abi=hard -nostartfiles -Wall -Wextra"
cp: cannot stat `*.h': Invalid argument
make[1]: *** [include] エラー 1
make: *** [ps7_cortexa9_0/libsrc/MIPI_CSI_2_RX_v1_0/src/make.include] エラー 2
"Running Make include in ps7_cortexa9_0/libsrc/MIPI_D_PHY_RX_v1_0/src"
make -C ps7_cortexa9_0/libsrc/MIPI_D_PHY_RX_v1_0/src -s include  "SHELL=CMD" "COMPILER=arm-none-eabi-gcc" "ARCHIVER=arm-none-eabi-ar" "COMPILER_FLAGS=  -O2 -c" "EXTRA_COMPILER_FLAGS=-mcpu=cortex-a9 -mfpu=vfpv3 -mfloat-abi=hard -nostartfiles -Wall -Wextra"
cp: cannot stat `*.h': Invalid argument
make[1]: *** [include] エラー 1
make: *** [ps7_cortexa9_0/libsrc/MIPI_D_PHY_RX_v1_0/src/make.include] エラー 2
"Running Make include in ps7_cortexa9_0/libsrc/qspips_v3_4/src"
make -C ps7_cortexa9_0/libsrc/qspips_v3_4/src -s include  "SHELL=CMD" "COMPILER=arm-none-eabi-gcc" "ARCHIVER=arm-none-eabi-ar" "COMPILER_FLAGS=  -O2 -c" "EXTRA_COMPILER_FLAGS=-mcpu=cortex-a9 -mfpu=vfpv3 -mfloat-abi=hard -nostartfiles -Wall -Wextra"
cp: cannot stat `*.h': Invalid argument
make[1]: *** [xqspips_includes] エラー 1
make[1]: ターゲット `include' はエラーにより再 make できませんでした.
make: *** [ps7_cortexa9_0/libsrc/qspips_v3_4/src/make.include] エラー 2
"Running Make include in ps7_cortexa9_0/libsrc/scugic_v3_8/src"
make -C ps7_cortexa9_0/libsrc/scugic_v3_8/src -s include  "SHELL=CMD" "COMPILER=arm-none-eabi-gcc" "ARCHIVER=arm-none-eabi-ar" "COMPILER_FLAGS=  -O2 -c" "EXTRA_COMPILER_FLAGS=-mcpu=cortex-a9 -mfpu=vfpv3 -mfloat-abi=hard -nostartfiles -Wall -Wextra"
cp: cannot stat `*.h': Invalid argument
make[1]: *** [scugic_includes] エラー 1
make[1]: ターゲット `include' はエラーにより再 make できませんでした.
make: *** [ps7_cortexa9_0/libsrc/scugic_v3_8/src/make.include] エラー 2
"Running Make include in ps7_cortexa9_0/libsrc/scutimer_v2_1/src"
make -C ps7_cortexa9_0/libsrc/scutimer_v2_1/src -s include  "SHELL=CMD" "COMPILER=arm-none-eabi-gcc" "ARCHIVER=arm-none-eabi-ar" "COMPILER_FLAGS=  -O2 -c" "EXTRA_COMPILER_FLAGS=-mcpu=cortex-a9 -mfpu=vfpv3 -mfloat-abi=hard -nostartfiles -Wall -Wextra"
cp: cannot stat `*.h': Invalid argument
make[1]: *** [scutimer_includes] エラー 1
make[1]: ターゲット `include' はエラーにより再 make できませんでした.
make: *** [ps7_cortexa9_0/libsrc/scutimer_v2_1/src/make.include] エラー 2
"Running Make include in ps7_cortexa9_0/libsrc/scuwdt_v2_1/src"
make -C ps7_cortexa9_0/libsrc/scuwdt_v2_1/src -s include  "SHELL=CMD" "COMPILER=arm-none-eabi-gcc" "ARCHIVER=arm-none-eabi-ar" "COMPILER_FLAGS=  -O2 -c" "EXTRA_COMPILER_FLAGS=-mcpu=cortex-a9 -mfpu=vfpv3 -mfloat-abi=hard -nostartfiles -Wall -Wextra"
cp: cannot stat `*.h': Invalid argument
make[1]: *** [scuwdt_includes] エラー 1
make[1]: ターゲット `include' はエラーにより再 make できませんでした.
make: *** [ps7_cortexa9_0/libsrc/scuwdt_v2_1/src/make.include] エラー 2
"Running Make include in ps7_cortexa9_0/libsrc/sdps_v3_3/src"
make -C ps7_cortexa9_0/libsrc/sdps_v3_3/src -s include  "SHELL=CMD" "COMPILER=arm-none-eabi-gcc" "ARCHIVER=arm-none-eabi-ar" "COMPILER_FLAGS=  -O2 -c" "EXTRA_COMPILER_FLAGS=-mcpu=cortex-a9 -mfpu=vfpv3 -mfloat-abi=hard -nostartfiles -Wall -Wextra"
cp: cannot stat `*.h': Invalid argument
make[1]: *** [xsdps_includes] エラー 1
make[1]: ターゲット `include' はエラーにより再 make できませんでした.
make: *** [ps7_cortexa9_0/libsrc/sdps_v3_3/src/make.include] エラー 2
"Running Make include in ps7_cortexa9_0/libsrc/standalone_v6_5/src"
make -C ps7_cortexa9_0/libsrc/standalone_v6_5/src -s include  "SHELL=CMD" "COMPILER=arm-none-eabi-gcc" "ARCHIVER=arm-none-eabi-ar" "COMPILER_FLAGS=  -O2 -c" "EXTRA_COMPILER_FLAGS=-mcpu=cortex-a9 -mfpu=vfpv3 -mfloat-abi=hard -nostartfiles -Wall -Wextra"
makefile:33: config.make: No such file or directory
make[1]: *** ターゲット `config.make' を make するルールがありません.
make[1]: makefile `config.make' の再 make に失敗しました.
cp: cannot stat `*.h': Invalid argument
make[1]: *** [standalone_includes] エラー 1
makefile:38: ../config.make: No such file or directory
make[2]: *** ターゲット `../config.make' を make するルールがありません.
make[2]: makefile `../config.make' の再 make に失敗しました.
cp: target `../../../../include' is not a directory
make[2]: *** [include] エラー 1
make[1]: *** [profile_includes] エラー 2
make[1]: ターゲット `include' はエラーにより再 make できませんでした.
make: *** [ps7_cortexa9_0/libsrc/standalone_v6_5/src/make.include] エラー 2
"Running Make include in ps7_cortexa9_0/libsrc/uartps_v3_5/src"
make -C ps7_cortexa9_0/libsrc/uartps_v3_5/src -s include  "SHELL=CMD" "COMPILER=arm-none-eabi-gcc" "ARCHIVER=arm-none-eabi-ar" "COMPILER_FLAGS=  -O2 -c" "EXTRA_COMPILER_FLAGS=-mcpu=cortex-a9 -mfpu=vfpv3 -mfloat-abi=hard -nostartfiles -Wall -Wextra"
cp: cannot stat `*.h': Invalid argument
make[1]: *** [xuartps_includes] エラー 1
make[1]: ターゲット `include' はエラーにより再 make できませんでした.
make: *** [ps7_cortexa9_0/libsrc/uartps_v3_5/src/make.include] エラー 2
"Running Make include in ps7_cortexa9_0/libsrc/usbps_v2_4/src"
make -C ps7_cortexa9_0/libsrc/usbps_v2_4/src -s include  "SHELL=CMD" "COMPILER=arm-none-eabi-gcc" "ARCHIVER=arm-none-eabi-ar" "COMPILER_FLAGS=  -O2 -c" "EXTRA_COMPILER_FLAGS=-mcpu=cortex-a9 -mfpu=vfpv3 -mfloat-abi=hard -nostartfiles -Wall -Wextra"
cp: cannot stat `*.h': Invalid argument
make[1]: *** [xusbps_includes] エラー 1
make[1]: ターゲット `include' はエラーにより再 make できませんでした.
make: *** [ps7_cortexa9_0/libsrc/usbps_v2_4/src/make.include] エラー 2
"Running Make include in ps7_cortexa9_0/libsrc/vtc_v7_2/src"
make -C ps7_cortexa9_0/libsrc/vtc_v7_2/src -s include  "SHELL=CMD" "COMPILER=arm-none-eabi-gcc" "ARCHIVER=arm-none-eabi-ar" "COMPILER_FLAGS=  -O2 -c" "EXTRA_COMPILER_FLAGS=-mcpu=cortex-a9 -mfpu=vfpv3 -mfloat-abi=hard -nostartfiles -Wall -Wextra"
cp: cannot stat `*.h': Invalid argument
make[1]: *** [include] エラー 1
make: *** [ps7_cortexa9_0/libsrc/vtc_v7_2/src/make.include] エラー 2
"Running Make include in ps7_cortexa9_0/libsrc/xadcps_v2_2/src"
make -C ps7_cortexa9_0/libsrc/xadcps_v2_2/src -s include  "SHELL=CMD" "COMPILER=arm-none-eabi-gcc" "ARCHIVER=arm-none-eabi-ar" "COMPILER_FLAGS=  -O2 -c" "EXTRA_COMPILER_FLAGS=-mcpu=cortex-a9 -mfpu=vfpv3 -mfloat-abi=hard -nostartfiles -Wall -Wextra"
cp: cannot stat `*.h': Invalid argument
make[1]: *** [xadcps_includes] エラー 1
make[1]: ターゲット `include' はエラーにより再 make できませんでした.
make: *** [ps7_cortexa9_0/libsrc/xadcps_v2_2/src/make.include] エラー 2
"Running Make include in ps7_cortexa9_0/libsrc/xilffs_v3_7/src"
make -C ps7_cortexa9_0/libsrc/xilffs_v3_7/src -s include  "SHELL=CMD" "COMPILER=arm-none-eabi-gcc" "ARCHIVER=arm-none-eabi-ar" "COMPILER_FLAGS=  -O2 -c" "EXTRA_COMPILER_FLAGS=-mcpu=cortex-a9 -mfpu=vfpv3 -mfloat-abi=hard -nostartfiles -Wall -Wextra"
cp: target `../../../include' is not a directory
make[1]: *** [libxilffs_includes] エラー 1
make[1]: ターゲット `include' はエラーにより再 make できませんでした.
make: *** [ps7_cortexa9_0/libsrc/xilffs_v3_7/src/make.include] エラー 2
make: ターゲット `all' はエラーにより再 make できませんでした.

01:53:28 Build Finished (took 3s.525ms)

