17:00:27 INFO  : Registering command handlers for SDK TCF services
17:00:28 INFO  : Launching XSCT server: xsct.bat -interactive C:\Github\Zybo_Pcam\Zybo-Z7-20-pcam-5c-modifyIP2\proj\pcam-5c.sdk\temp_xsdb_launch_script.tcl
17:00:30 INFO  : XSCT server has started successfully.
17:00:31 INFO  : Successfully done setting XSCT server connection channel  
17:00:31 INFO  : Processing command line option -hwspec C:/Github/Zybo_Pcam/Zybo-Z7-20-pcam-5c-modifyIP2/proj/pcam-5c.sdk/system_wrapper.hdf.
17:00:31 INFO  : Successfully done setting SDK workspace  
17:01:00 INFO  : Connected to target on host '127.0.0.1' and port '3121'.
17:04:33 INFO  : Connected to target on host '127.0.0.1' and port '3121'.
17:04:33 INFO  : 'targets -set -filter {jtag_cable_name =~ "Digilent Zybo Z7 210351A6C9E3A" && level==0} -index 1' command is executed.
17:04:35 INFO  : FPGA configured successfully with bitstream "C:/Github/Zybo_Pcam/Zybo-Z7-20-pcam-5c-modifyIP2/proj/pcam-5c.sdk/system_wrapper_hw_platform_0/system_wrapper.bit"
17:04:45 INFO  : 'targets -set -filter {jtag_cable_name =~ "Digilent Zybo Z7 210351A6C9E3A" && level==0} -index 1' command is executed.
17:04:46 INFO  : 'fpga -state' command is executed.
17:04:46 INFO  : Connected to target on host '127.0.0.1' and port '3121'.
17:04:46 INFO  : Jtag cable 'Digilent Zybo Z7 210351A6C9E3A' is selected.
17:04:46 INFO  : 'jtag frequency' command is executed.
17:04:46 INFO  : Sourcing of 'C:/Github/Zybo_Pcam/Zybo-Z7-20-pcam-5c-modifyIP2/proj/pcam-5c.sdk/system_wrapper_hw_platform_0/ps7_init.tcl' is done.
17:04:46 INFO  : Context for 'APU' is selected.
17:04:46 INFO  : Hardware design information is loaded from 'C:/Github/Zybo_Pcam/Zybo-Z7-20-pcam-5c-modifyIP2/proj/pcam-5c.sdk/system_wrapper_hw_platform_0/system.hdf'.
17:04:46 INFO  : 'configparams force-mem-access 1' command is executed.
17:04:46 INFO  : Context for 'APU' is selected.
17:04:46 INFO  : 'stop' command is executed.
17:04:48 INFO  : 'ps7_init' command is executed.
17:04:48 INFO  : 'ps7_post_config' command is executed.
17:04:48 INFO  : Context for processor 'ps7_cortexa9_0' is selected.
17:04:48 INFO  : Processor reset is completed for 'ps7_cortexa9_0'.
17:04:48 INFO  : Context for processor 'ps7_cortexa9_0' is selected.
17:04:48 INFO  : The application 'C:/Github/Zybo_Pcam/Zybo-Z7-20-pcam-5c-modifyIP2/sdk/fsbl/Debug/fsbl.elf' is downloaded to processor 'ps7_cortexa9_0'.
17:04:48 INFO  : 'configparams force-mem-access 0' command is executed.
17:04:48 INFO  : ----------------XSDB Script----------------
connect -url tcp:127.0.0.1:3121
source C:/Github/Zybo_Pcam/Zybo-Z7-20-pcam-5c-modifyIP2/proj/pcam-5c.sdk/system_wrapper_hw_platform_0/ps7_init.tcl
targets -set -nocase -filter {name =~"APU*" && jtag_cable_name =~ "Digilent Zybo Z7 210351A6C9E3A"} -index 0
loadhw -hw C:/Github/Zybo_Pcam/Zybo-Z7-20-pcam-5c-modifyIP2/proj/pcam-5c.sdk/system_wrapper_hw_platform_0/system.hdf -mem-ranges [list {0x40000000 0xbfffffff}]
configparams force-mem-access 1
targets -set -nocase -filter {name =~"APU*" && jtag_cable_name =~ "Digilent Zybo Z7 210351A6C9E3A"} -index 0
stop
ps7_init
ps7_post_config
targets -set -nocase -filter {name =~ "ARM*#0" && jtag_cable_name =~ "Digilent Zybo Z7 210351A6C9E3A"} -index 0
rst -processor
targets -set -nocase -filter {name =~ "ARM*#0" && jtag_cable_name =~ "Digilent Zybo Z7 210351A6C9E3A"} -index 0
dow C:/Github/Zybo_Pcam/Zybo-Z7-20-pcam-5c-modifyIP2/sdk/fsbl/Debug/fsbl.elf
configparams force-mem-access 0
----------------End of Script----------------

17:04:49 INFO  : Memory regions updated for context APU
17:04:49 INFO  : Context for processor 'ps7_cortexa9_0' is selected.
17:04:49 INFO  : 'con' command is executed.
17:04:49 INFO  : ----------------XSDB Script (After Launch)----------------
targets -set -nocase -filter {name =~ "ARM*#0" && jtag_cable_name =~ "Digilent Zybo Z7 210351A6C9E3A"} -index 0
con
----------------End of Script----------------

17:04:49 INFO  : Launch script is exported to file 'C:\Github\Zybo_Pcam\Zybo-Z7-20-pcam-5c-modifyIP2\proj\pcam-5c.sdk\.sdk\launch_scripts\xilinx_c-c++_application_(system_debugger)\system_debugger_using_debug_fsbl.elf_on_local.tcl'
17:04:52 INFO  : Disconnected from the channel tcfchan#1.
17:04:53 INFO  : 'targets -set -filter {jtag_cable_name =~ "Digilent Zybo Z7 210351A6C9E3A" && level==0} -index 1' command is executed.
17:04:54 INFO  : 'fpga -state' command is executed.
17:04:54 INFO  : Connected to target on host '127.0.0.1' and port '3121'.
17:04:54 INFO  : Jtag cable 'Digilent Zybo Z7 210351A6C9E3A' is selected.
17:04:54 INFO  : 'jtag frequency' command is executed.
17:04:54 INFO  : Sourcing of 'C:/Github/Zybo_Pcam/Zybo-Z7-20-pcam-5c-modifyIP2/proj/pcam-5c.sdk/system_wrapper_hw_platform_0/ps7_init.tcl' is done.
17:04:54 INFO  : Context for 'APU' is selected.
17:04:56 INFO  : Hardware design information is loaded from 'C:/Github/Zybo_Pcam/Zybo-Z7-20-pcam-5c-modifyIP2/proj/pcam-5c.sdk/system_wrapper_hw_platform_0/system.hdf'.
17:04:56 INFO  : 'configparams force-mem-access 1' command is executed.
17:04:56 INFO  : Context for 'APU' is selected.
17:04:56 INFO  : 'stop' command is executed.
17:04:58 INFO  : 'ps7_init' command is executed.
17:04:58 INFO  : 'ps7_post_config' command is executed.
17:04:58 INFO  : Context for processor 'ps7_cortexa9_0' is selected.
17:04:58 INFO  : Processor reset is completed for 'ps7_cortexa9_0'.
17:04:58 INFO  : Context for processor 'ps7_cortexa9_0' is selected.
17:04:58 INFO  : The application 'C:/Github/Zybo_Pcam/Zybo-Z7-20-pcam-5c-modifyIP2/sdk/fsbl/Debug/fsbl.elf' is downloaded to processor 'ps7_cortexa9_0'.
17:04:58 INFO  : 'configparams force-mem-access 0' command is executed.
17:04:58 INFO  : ----------------XSDB Script----------------
connect -url tcp:127.0.0.1:3121
source C:/Github/Zybo_Pcam/Zybo-Z7-20-pcam-5c-modifyIP2/proj/pcam-5c.sdk/system_wrapper_hw_platform_0/ps7_init.tcl
targets -set -nocase -filter {name =~"APU*" && jtag_cable_name =~ "Digilent Zybo Z7 210351A6C9E3A"} -index 0
loadhw -hw C:/Github/Zybo_Pcam/Zybo-Z7-20-pcam-5c-modifyIP2/proj/pcam-5c.sdk/system_wrapper_hw_platform_0/system.hdf -mem-ranges [list {0x40000000 0xbfffffff}]
configparams force-mem-access 1
targets -set -nocase -filter {name =~"APU*" && jtag_cable_name =~ "Digilent Zybo Z7 210351A6C9E3A"} -index 0
stop
ps7_init
ps7_post_config
targets -set -nocase -filter {name =~ "ARM*#0" && jtag_cable_name =~ "Digilent Zybo Z7 210351A6C9E3A"} -index 0
rst -processor
targets -set -nocase -filter {name =~ "ARM*#0" && jtag_cable_name =~ "Digilent Zybo Z7 210351A6C9E3A"} -index 0
dow C:/Github/Zybo_Pcam/Zybo-Z7-20-pcam-5c-modifyIP2/sdk/fsbl/Debug/fsbl.elf
configparams force-mem-access 0
----------------End of Script----------------

17:04:59 INFO  : Memory regions updated for context APU
17:04:59 INFO  : Context for processor 'ps7_cortexa9_0' is selected.
17:04:59 INFO  : 'con' command is executed.
17:04:59 INFO  : ----------------XSDB Script (After Launch)----------------
targets -set -nocase -filter {name =~ "ARM*#0" && jtag_cable_name =~ "Digilent Zybo Z7 210351A6C9E3A"} -index 0
con
----------------End of Script----------------

17:04:59 INFO  : Launch script is exported to file 'C:\Github\Zybo_Pcam\Zybo-Z7-20-pcam-5c-modifyIP2\proj\pcam-5c.sdk\.sdk\launch_scripts\xilinx_c-c++_application_(system_debugger)\system_debugger_using_debug_fsbl.elf_on_local.tcl'
17:05:26 INFO  : Disconnected from the channel tcfchan#2.
17:05:28 INFO  : 'targets -set -filter {jtag_cable_name =~ "Digilent Zybo Z7 210351A6C9E3A" && level==0} -index 1' command is executed.
17:05:28 INFO  : 'fpga -state' command is executed.
17:05:28 INFO  : Connected to target on host '127.0.0.1' and port '3121'.
17:05:28 INFO  : Jtag cable 'Digilent Zybo Z7 210351A6C9E3A' is selected.
17:05:28 INFO  : 'jtag frequency' command is executed.
17:05:28 INFO  : Sourcing of 'C:/Github/Zybo_Pcam/Zybo-Z7-20-pcam-5c-modifyIP2/proj/pcam-5c.sdk/system_wrapper_hw_platform_0/ps7_init.tcl' is done.
17:05:28 INFO  : Context for 'APU' is selected.
17:05:30 INFO  : Hardware design information is loaded from 'C:/Github/Zybo_Pcam/Zybo-Z7-20-pcam-5c-modifyIP2/proj/pcam-5c.sdk/system_wrapper_hw_platform_0/system.hdf'.
17:05:30 INFO  : 'configparams force-mem-access 1' command is executed.
17:05:30 INFO  : Context for 'APU' is selected.
17:05:31 INFO  : 'stop' command is executed.
17:05:32 INFO  : 'ps7_init' command is executed.
17:05:32 INFO  : 'ps7_post_config' command is executed.
17:05:32 INFO  : Context for processor 'ps7_cortexa9_0' is selected.
17:05:32 INFO  : Processor reset is completed for 'ps7_cortexa9_0'.
17:05:32 INFO  : Context for processor 'ps7_cortexa9_0' is selected.
17:05:33 INFO  : The application 'C:/Github/Zybo_Pcam/Zybo-Z7-20-pcam-5c-modifyIP2/sdk/fsbl/Debug/fsbl.elf' is downloaded to processor 'ps7_cortexa9_0'.
17:05:33 INFO  : 'configparams force-mem-access 0' command is executed.
17:05:33 INFO  : ----------------XSDB Script----------------
connect -url tcp:127.0.0.1:3121
source C:/Github/Zybo_Pcam/Zybo-Z7-20-pcam-5c-modifyIP2/proj/pcam-5c.sdk/system_wrapper_hw_platform_0/ps7_init.tcl
targets -set -nocase -filter {name =~"APU*" && jtag_cable_name =~ "Digilent Zybo Z7 210351A6C9E3A"} -index 0
loadhw -hw C:/Github/Zybo_Pcam/Zybo-Z7-20-pcam-5c-modifyIP2/proj/pcam-5c.sdk/system_wrapper_hw_platform_0/system.hdf -mem-ranges [list {0x40000000 0xbfffffff}]
configparams force-mem-access 1
targets -set -nocase -filter {name =~"APU*" && jtag_cable_name =~ "Digilent Zybo Z7 210351A6C9E3A"} -index 0
stop
ps7_init
ps7_post_config
targets -set -nocase -filter {name =~ "ARM*#0" && jtag_cable_name =~ "Digilent Zybo Z7 210351A6C9E3A"} -index 0
rst -processor
targets -set -nocase -filter {name =~ "ARM*#0" && jtag_cable_name =~ "Digilent Zybo Z7 210351A6C9E3A"} -index 0
dow C:/Github/Zybo_Pcam/Zybo-Z7-20-pcam-5c-modifyIP2/sdk/fsbl/Debug/fsbl.elf
configparams force-mem-access 0
----------------End of Script----------------

17:05:33 INFO  : Memory regions updated for context APU
17:05:33 INFO  : Context for processor 'ps7_cortexa9_0' is selected.
17:05:33 INFO  : 'con' command is executed.
17:05:33 INFO  : ----------------XSDB Script (After Launch)----------------
targets -set -nocase -filter {name =~ "ARM*#0" && jtag_cable_name =~ "Digilent Zybo Z7 210351A6C9E3A"} -index 0
con
----------------End of Script----------------

17:05:33 INFO  : Launch script is exported to file 'C:\Github\Zybo_Pcam\Zybo-Z7-20-pcam-5c-modifyIP2\proj\pcam-5c.sdk\.sdk\launch_scripts\xilinx_c-c++_application_(system_debugger)\system_debugger_using_debug_fsbl.elf_on_local.tcl'
17:05:38 INFO  : Disconnected from the channel tcfchan#3.
17:05:39 INFO  : 'targets -set -filter {jtag_cable_name =~ "Digilent Zybo Z7 210351A6C9E3A" && level==0} -index 1' command is executed.
17:05:39 INFO  : 'fpga -state' command is executed.
17:05:39 INFO  : Connected to target on host '127.0.0.1' and port '3121'.
17:05:40 INFO  : Jtag cable 'Digilent Zybo Z7 210351A6C9E3A' is selected.
17:05:40 INFO  : 'jtag frequency' command is executed.
17:05:40 INFO  : Sourcing of 'C:/Github/Zybo_Pcam/Zybo-Z7-20-pcam-5c-modifyIP2/proj/pcam-5c.sdk/system_wrapper_hw_platform_0/ps7_init.tcl' is done.
17:05:40 INFO  : Context for 'APU' is selected.
17:05:42 INFO  : Hardware design information is loaded from 'C:/Github/Zybo_Pcam/Zybo-Z7-20-pcam-5c-modifyIP2/proj/pcam-5c.sdk/system_wrapper_hw_platform_0/system.hdf'.
17:05:42 INFO  : 'configparams force-mem-access 1' command is executed.
17:05:42 INFO  : Context for 'APU' is selected.
17:05:42 INFO  : 'stop' command is executed.
17:05:44 INFO  : 'ps7_init' command is executed.
17:05:44 INFO  : 'ps7_post_config' command is executed.
17:05:44 INFO  : Context for processor 'ps7_cortexa9_0' is selected.
17:05:44 INFO  : Processor reset is completed for 'ps7_cortexa9_0'.
17:05:44 INFO  : Context for processor 'ps7_cortexa9_0' is selected.
17:05:50 INFO  : The application 'C:/Github/Zybo_Pcam/Zybo-Z7-20-pcam-5c-modifyIP2/sdk/pcam_vdma_hdmi/Debug/pcam_vdma_hdmi.elf' is downloaded to processor 'ps7_cortexa9_0'.
17:05:50 INFO  : 'configparams force-mem-access 0' command is executed.
17:05:50 INFO  : ----------------XSDB Script----------------
connect -url tcp:127.0.0.1:3121
source C:/Github/Zybo_Pcam/Zybo-Z7-20-pcam-5c-modifyIP2/proj/pcam-5c.sdk/system_wrapper_hw_platform_0/ps7_init.tcl
targets -set -nocase -filter {name =~"APU*" && jtag_cable_name =~ "Digilent Zybo Z7 210351A6C9E3A"} -index 0
loadhw -hw C:/Github/Zybo_Pcam/Zybo-Z7-20-pcam-5c-modifyIP2/proj/pcam-5c.sdk/system_wrapper_hw_platform_0/system.hdf -mem-ranges [list {0x40000000 0xbfffffff}]
configparams force-mem-access 1
targets -set -nocase -filter {name =~"APU*" && jtag_cable_name =~ "Digilent Zybo Z7 210351A6C9E3A"} -index 0
stop
ps7_init
ps7_post_config
targets -set -nocase -filter {name =~ "ARM*#0" && jtag_cable_name =~ "Digilent Zybo Z7 210351A6C9E3A"} -index 0
rst -processor
targets -set -nocase -filter {name =~ "ARM*#0" && jtag_cable_name =~ "Digilent Zybo Z7 210351A6C9E3A"} -index 0
dow C:/Github/Zybo_Pcam/Zybo-Z7-20-pcam-5c-modifyIP2/sdk/pcam_vdma_hdmi/Debug/pcam_vdma_hdmi.elf
configparams force-mem-access 0
----------------End of Script----------------

17:05:50 INFO  : Memory regions updated for context APU
17:05:50 INFO  : Context for processor 'ps7_cortexa9_0' is selected.
17:05:50 INFO  : 'con' command is executed.
17:05:50 INFO  : ----------------XSDB Script (After Launch)----------------
targets -set -nocase -filter {name =~ "ARM*#0" && jtag_cable_name =~ "Digilent Zybo Z7 210351A6C9E3A"} -index 0
con
----------------End of Script----------------

17:05:50 INFO  : Launch script is exported to file 'C:\Github\Zybo_Pcam\Zybo-Z7-20-pcam-5c-modifyIP2\proj\pcam-5c.sdk\.sdk\launch_scripts\xilinx_c-c++_application_(system_debugger)\system_debugger_using_debug_pcam_vdma_hdmi.elf_on_local.tcl'
17:28:46 INFO  : SDK has detected change in the last modified timestamps for source hardware specification file Source:1578471949828,  Project:1578470305413
17:28:46 INFO  : Project system_wrapper_hw_platform_0's source hardware specification located at C:/Github/Zybo_Pcam/Zybo-Z7-20-pcam-5c-modifyIP2/proj/pcam-5c.sdk/system_wrapper.hdf is now different from the local copy.
		 The local copy will be replaced with the source specification and your workspace will be updated.
17:28:49 INFO  : Copied contents of C:/Github/Zybo_Pcam/Zybo-Z7-20-pcam-5c-modifyIP2/proj/pcam-5c.sdk/system_wrapper.hdf into \system_wrapper_hw_platform_0\system.hdf.
17:28:53 INFO  : Synchronizing projects in the workspace with the hardware platform specification changes.
17:28:59 INFO  : 
17:29:01 INFO  : 
17:29:02 INFO  : Updating hardware inferred compiler options for fsbl.
17:29:03 INFO  : Updating hardware inferred compiler options for pcam_vdma_hdmi.
17:29:03 INFO  : Clearing existing target manager status.
17:29:03 WARN  : Given IPC port value is invalid. Using default port 2350
17:29:03 WARN  : Given XMD timeout value is invalid. Using default value of 50000
17:29:04 WARN  : Given XMD transaction timeout value is invalid. Using default value of 60000 milli seconds
17:29:04 INFO  : Workspace synchronized with the new hardware specification file. Cleaning dependent projects...
17:29:11 WARN  : Linker script will not be updated automatically. Users need to update it manually.
17:30:49 INFO  : Connected to target on host '127.0.0.1' and port '3121'.
17:30:49 INFO  : 'targets -set -filter {jtag_cable_name =~ "Digilent Zybo Z7 210351A6C9E3A" && level==0} -index 1' command is executed.
17:30:52 INFO  : FPGA configured successfully with bitstream "C:/Github/Zybo_Pcam/Zybo-Z7-20-pcam-5c-modifyIP2/proj/pcam-5c.sdk/system_wrapper_hw_platform_0/system_wrapper.bit"
17:30:58 INFO  : Disconnected from the channel tcfchan#4.
17:30:59 INFO  : 'targets -set -filter {jtag_cable_name =~ "Digilent Zybo Z7 210351A6C9E3A" && level==0} -index 1' command is executed.
17:30:59 INFO  : 'fpga -state' command is executed.
17:30:59 INFO  : Connected to target on host '127.0.0.1' and port '3121'.
17:31:00 INFO  : Jtag cable 'Digilent Zybo Z7 210351A6C9E3A' is selected.
17:31:00 INFO  : 'jtag frequency' command is executed.
17:31:00 INFO  : Sourcing of 'C:/Github/Zybo_Pcam/Zybo-Z7-20-pcam-5c-modifyIP2/proj/pcam-5c.sdk/system_wrapper_hw_platform_0/ps7_init.tcl' is done.
17:31:00 INFO  : Context for 'APU' is selected.
17:31:00 INFO  : Hardware design information is loaded from 'C:/Github/Zybo_Pcam/Zybo-Z7-20-pcam-5c-modifyIP2/proj/pcam-5c.sdk/system_wrapper_hw_platform_0/system.hdf'.
17:31:00 INFO  : 'configparams force-mem-access 1' command is executed.
17:31:00 INFO  : Context for 'APU' is selected.
17:31:00 INFO  : 'stop' command is executed.
17:31:01 INFO  : 'ps7_init' command is executed.
17:31:01 INFO  : 'ps7_post_config' command is executed.
17:31:01 INFO  : Context for processor 'ps7_cortexa9_0' is selected.
17:31:01 INFO  : Processor reset is completed for 'ps7_cortexa9_0'.
17:31:02 INFO  : Context for processor 'ps7_cortexa9_0' is selected.
17:31:02 INFO  : The application 'C:/Github/Zybo_Pcam/Zybo-Z7-20-pcam-5c-modifyIP2/sdk/fsbl/Debug/fsbl.elf' is downloaded to processor 'ps7_cortexa9_0'.
17:31:02 INFO  : 'configparams force-mem-access 0' command is executed.
17:31:02 INFO  : ----------------XSDB Script----------------
connect -url tcp:127.0.0.1:3121
source C:/Github/Zybo_Pcam/Zybo-Z7-20-pcam-5c-modifyIP2/proj/pcam-5c.sdk/system_wrapper_hw_platform_0/ps7_init.tcl
targets -set -nocase -filter {name =~"APU*" && jtag_cable_name =~ "Digilent Zybo Z7 210351A6C9E3A"} -index 0
loadhw -hw C:/Github/Zybo_Pcam/Zybo-Z7-20-pcam-5c-modifyIP2/proj/pcam-5c.sdk/system_wrapper_hw_platform_0/system.hdf -mem-ranges [list {0x40000000 0xbfffffff}]
configparams force-mem-access 1
targets -set -nocase -filter {name =~"APU*" && jtag_cable_name =~ "Digilent Zybo Z7 210351A6C9E3A"} -index 0
stop
ps7_init
ps7_post_config
targets -set -nocase -filter {name =~ "ARM*#0" && jtag_cable_name =~ "Digilent Zybo Z7 210351A6C9E3A"} -index 0
rst -processor
targets -set -nocase -filter {name =~ "ARM*#0" && jtag_cable_name =~ "Digilent Zybo Z7 210351A6C9E3A"} -index 0
dow C:/Github/Zybo_Pcam/Zybo-Z7-20-pcam-5c-modifyIP2/sdk/fsbl/Debug/fsbl.elf
configparams force-mem-access 0
----------------End of Script----------------

17:31:02 INFO  : Memory regions updated for context APU
17:31:02 INFO  : Context for processor 'ps7_cortexa9_0' is selected.
17:31:02 INFO  : 'con' command is executed.
17:31:02 INFO  : ----------------XSDB Script (After Launch)----------------
targets -set -nocase -filter {name =~ "ARM*#0" && jtag_cable_name =~ "Digilent Zybo Z7 210351A6C9E3A"} -index 0
con
----------------End of Script----------------

17:31:02 INFO  : Launch script is exported to file 'C:\Github\Zybo_Pcam\Zybo-Z7-20-pcam-5c-modifyIP2\proj\pcam-5c.sdk\.sdk\launch_scripts\xilinx_c-c++_application_(system_debugger)\system_debugger_using_debug_fsbl.elf_on_local.tcl'
17:31:10 INFO  : Disconnected from the channel tcfchan#5.
17:31:11 INFO  : 'targets -set -filter {jtag_cable_name =~ "Digilent Zybo Z7 210351A6C9E3A" && level==0} -index 1' command is executed.
17:31:11 INFO  : 'fpga -state' command is executed.
17:31:11 INFO  : Connected to target on host '127.0.0.1' and port '3121'.
17:31:11 INFO  : Jtag cable 'Digilent Zybo Z7 210351A6C9E3A' is selected.
17:31:11 INFO  : 'jtag frequency' command is executed.
17:31:11 INFO  : Sourcing of 'C:/Github/Zybo_Pcam/Zybo-Z7-20-pcam-5c-modifyIP2/proj/pcam-5c.sdk/system_wrapper_hw_platform_0/ps7_init.tcl' is done.
17:31:11 INFO  : Context for 'APU' is selected.
17:31:13 INFO  : Hardware design information is loaded from 'C:/Github/Zybo_Pcam/Zybo-Z7-20-pcam-5c-modifyIP2/proj/pcam-5c.sdk/system_wrapper_hw_platform_0/system.hdf'.
17:31:13 INFO  : 'configparams force-mem-access 1' command is executed.
17:31:13 INFO  : Context for 'APU' is selected.
17:31:14 INFO  : 'stop' command is executed.
17:31:15 INFO  : 'ps7_init' command is executed.
17:31:15 INFO  : 'ps7_post_config' command is executed.
17:31:15 INFO  : Context for processor 'ps7_cortexa9_0' is selected.
17:31:15 INFO  : Processor reset is completed for 'ps7_cortexa9_0'.
17:31:15 INFO  : Context for processor 'ps7_cortexa9_0' is selected.
17:31:21 INFO  : The application 'C:/Github/Zybo_Pcam/Zybo-Z7-20-pcam-5c-modifyIP2/sdk/pcam_vdma_hdmi/Debug/pcam_vdma_hdmi.elf' is downloaded to processor 'ps7_cortexa9_0'.
17:31:21 INFO  : 'configparams force-mem-access 0' command is executed.
17:31:21 INFO  : ----------------XSDB Script----------------
connect -url tcp:127.0.0.1:3121
source C:/Github/Zybo_Pcam/Zybo-Z7-20-pcam-5c-modifyIP2/proj/pcam-5c.sdk/system_wrapper_hw_platform_0/ps7_init.tcl
targets -set -nocase -filter {name =~"APU*" && jtag_cable_name =~ "Digilent Zybo Z7 210351A6C9E3A"} -index 0
loadhw -hw C:/Github/Zybo_Pcam/Zybo-Z7-20-pcam-5c-modifyIP2/proj/pcam-5c.sdk/system_wrapper_hw_platform_0/system.hdf -mem-ranges [list {0x40000000 0xbfffffff}]
configparams force-mem-access 1
targets -set -nocase -filter {name =~"APU*" && jtag_cable_name =~ "Digilent Zybo Z7 210351A6C9E3A"} -index 0
stop
ps7_init
ps7_post_config
targets -set -nocase -filter {name =~ "ARM*#0" && jtag_cable_name =~ "Digilent Zybo Z7 210351A6C9E3A"} -index 0
rst -processor
targets -set -nocase -filter {name =~ "ARM*#0" && jtag_cable_name =~ "Digilent Zybo Z7 210351A6C9E3A"} -index 0
dow C:/Github/Zybo_Pcam/Zybo-Z7-20-pcam-5c-modifyIP2/sdk/pcam_vdma_hdmi/Debug/pcam_vdma_hdmi.elf
configparams force-mem-access 0
----------------End of Script----------------

17:31:22 INFO  : Memory regions updated for context APU
17:31:22 INFO  : Context for processor 'ps7_cortexa9_0' is selected.
17:31:22 INFO  : 'con' command is executed.
17:31:22 INFO  : ----------------XSDB Script (After Launch)----------------
targets -set -nocase -filter {name =~ "ARM*#0" && jtag_cable_name =~ "Digilent Zybo Z7 210351A6C9E3A"} -index 0
con
----------------End of Script----------------

17:31:22 INFO  : Launch script is exported to file 'C:\Github\Zybo_Pcam\Zybo-Z7-20-pcam-5c-modifyIP2\proj\pcam-5c.sdk\.sdk\launch_scripts\xilinx_c-c++_application_(system_debugger)\system_debugger_using_debug_pcam_vdma_hdmi.elf_on_local.tcl'
